<?xml version="1.0" encoding="UTF-8"?>
<robot generator="Robot 7.3.2 (Python 3.13.0 on win32)" generated="2025-12-10T16:15:09.693291" rpa="false" schemaversion="5">
<suite id="s1" name="Test Cases" source="D:\Code\Testing\RobotFramework\LibQNU\test_cases">
<suite id="s1-s1" name="1 Interface" source="D:\Code\Testing\RobotFramework\LibQNU\test_cases\1_interface">
<suite id="s1-s1-s1" name="Interface Browser" source="D:\Code\Testing\RobotFramework\LibQNU\test_cases\1_interface\interface_browser.robot">
<test id="s1-s1-s1-t1" name="TC001 - Kiểm tra tương thích trình duyệt" line="9">
<kw name="Open Basic Browser With Chrome" owner="browser_config">
<kw name="Open Browser" owner="SeleniumLibrary">
<msg time="2025-12-10T16:15:10.228810" level="INFO">Opening browser 'chrome' to base url 'https://lib.qnu.edu.vn/'.</msg>
<arg>${BASE_URL}</arg>
<arg>${BROWSER_CHROME}</arg>
<doc>Opens a new browser instance to the optional ``url``.</doc>
<status status="PASS" start="2025-12-10T16:15:10.228517" elapsed="15.950941"/>
</kw>
<kw name="Maximize Browser Window" owner="SeleniumLibrary">
<doc>Maximizes current browser window.</doc>
<status status="PASS" start="2025-12-10T16:15:26.180660" elapsed="0.040690"/>
</kw>
<kw name="Wait Until Element Is Visible" owner="SeleniumLibrary">
<arg>${NAGIVATION_HOME}</arg>
<arg>${DEFAULT_TIMEOUT}</arg>
<doc>Waits until the element ``locator`` is visible.</doc>
<status status="PASS" start="2025-12-10T16:15:26.222475" elapsed="0.148186"/>
</kw>
<kw name="Click Element" owner="SeleniumLibrary">
<msg time="2025-12-10T16:15:26.372527" level="INFO">Clicking element '//ul[@id='navigation']//li//a[@href='Index.aspx']'.</msg>
<arg>${NAGIVATION_HOME}</arg>
<doc>Click the element identified by ``locator``.</doc>
<status status="PASS" start="2025-12-10T16:15:26.371733" elapsed="25.670713"/>
</kw>
<status status="PASS" start="2025-12-10T16:15:10.227349" elapsed="41.817510"/>
</kw>
<kw name="Open Basic Browser With Firefox" owner="browser_config">
<kw name="Open Browser" owner="SeleniumLibrary">
<msg time="2025-12-10T16:15:52.049398" level="INFO">Opening browser 'firefox' to base url 'https://lib.qnu.edu.vn/'.</msg>
<arg>${BASE_URL}</arg>
<arg>${BROWSER_FIREFOX}</arg>
<doc>Opens a new browser instance to the optional ``url``.</doc>
<status status="PASS" start="2025-12-10T16:15:52.048337" elapsed="18.398198"/>
</kw>
<kw name="Maximize Browser Window" owner="SeleniumLibrary">
<doc>Maximizes current browser window.</doc>
<status status="PASS" start="2025-12-10T16:16:10.449186" elapsed="0.288137"/>
</kw>
<status status="PASS" start="2025-12-10T16:15:52.047069" elapsed="18.691129"/>
</kw>
<kw name="Open Basic Browser With Edge" owner="browser_config">
<kw name="Open Browser" owner="SeleniumLibrary">
<msg time="2025-12-10T16:16:10.741904" level="INFO">Opening browser 'edge' to base url 'https://lib.qnu.edu.vn/'.</msg>
<arg>${BASE_URL}</arg>
<arg>${BROWSER_EDGE}</arg>
<doc>Opens a new browser instance to the optional ``url``.</doc>
<status status="PASS" start="2025-12-10T16:16:10.740868" elapsed="5.504751"/>
</kw>
<kw name="Maximize Browser Window" owner="SeleniumLibrary">
<doc>Maximizes current browser window.</doc>
<status status="PASS" start="2025-12-10T16:16:16.248145" elapsed="0.060055"/>
</kw>
<status status="PASS" start="2025-12-10T16:16:10.739710" elapsed="5.569188"/>
</kw>
<kw name="Close Browser Web" owner="browser_config">
<kw name="Close All Browsers" owner="SeleniumLibrary">
<doc>Closes all open browsers and resets the browser cache.</doc>
<status status="PASS" start="2025-12-10T16:16:16.311337" elapsed="9.922444"/>
</kw>
<status status="PASS" start="2025-12-10T16:16:16.310388" elapsed="9.923650"/>
</kw>
<status status="PASS" start="2025-12-10T16:15:10.224993" elapsed="76.009491"/>
</test>
<status status="PASS" start="2025-12-10T16:15:09.813025" elapsed="76.424724"/>
</suite>
<status status="PASS" start="2025-12-10T16:15:09.811669" elapsed="76.428331"/>
</suite>
<suite id="s1-s2" name="2 Menu" source="D:\Code\Testing\RobotFramework\LibQNU\test_cases\2_menu">
<suite id="s1-s2-s1" name="Menu Nagivation 1 Introduce" source="D:\Code\Testing\RobotFramework\LibQNU\test_cases\2_menu\menu_nagivation_1_introduce.robot">
<test id="s1-s2-s1-t1" name="TC002 - Kiểm tra điều hướng sang &quot;Lịch sử phát triển&quot;" line="13">
<kw name="Open Basic Browser With Chrome" owner="browser_config" type="SETUP">
<kw name="Open Browser" owner="SeleniumLibrary">
<msg time="2025-12-10T16:16:26.303523" level="INFO">Opening browser 'chrome' to base url 'https://lib.qnu.edu.vn/'.</msg>
<arg>${BASE_URL}</arg>
<arg>${BROWSER_CHROME}</arg>
<doc>Opens a new browser instance to the optional ``url``.</doc>
<status status="PASS" start="2025-12-10T16:16:26.303309" elapsed="4.151613"/>
</kw>
<kw name="Maximize Browser Window" owner="SeleniumLibrary">
<doc>Maximizes current browser window.</doc>
<status status="PASS" start="2025-12-10T16:16:30.456278" elapsed="0.046929"/>
</kw>
<kw name="Wait Until Element Is Visible" owner="SeleniumLibrary">
<arg>${NAGIVATION_HOME}</arg>
<arg>${DEFAULT_TIMEOUT}</arg>
<doc>Waits until the element ``locator`` is visible.</doc>
<status status="PASS" start="2025-12-10T16:16:30.504503" elapsed="0.070136"/>
</kw>
<kw name="Click Element" owner="SeleniumLibrary">
<msg time="2025-12-10T16:16:30.576370" level="INFO">Clicking element '//ul[@id='navigation']//li//a[@href='Index.aspx']'.</msg>
<arg>${NAGIVATION_HOME}</arg>
<doc>Click the element identified by ``locator``.</doc>
<status status="PASS" start="2025-12-10T16:16:30.575627" elapsed="1.874648"/>
</kw>
<status status="PASS" start="2025-12-10T16:16:26.303021" elapsed="6.221006"/>
</kw>
<kw name="Check Nagivation Introduce" owner="menu_keywords">
<kw name="Wait Until Element Is Visible" owner="SeleniumLibrary">
<arg>${NAGIVATION_INTRODUCE}</arg>
<arg>${DEFAULT_TIMEOUT}</arg>
<doc>Waits until the element ``locator`` is visible.</doc>
<status status="PASS" start="2025-12-10T16:16:32.548024" elapsed="0.108210"/>
</kw>
<kw name="Mouse Over" owner="SeleniumLibrary">
<msg time="2025-12-10T16:16:32.681629" level="INFO">Simulating Mouse Over on element '//ul[@id='navigation']//li//a[@href='#']//span[contains(text(),'Giới thiệu')]'.</msg>
<arg>${NAGIVATION_INTRODUCE}</arg>
<doc>Simulates hovering the mouse over the element ``locator``.</doc>
<status status="PASS" start="2025-12-10T16:16:32.657323" elapsed="0.328490"/>
</kw>
<kw name="Sleep" owner="BuiltIn">
<msg time="2025-12-10T16:16:37.990259" level="INFO">Slept 5 seconds.</msg>
<arg>${DEFAULT_TIMEOUT}</arg>
<doc>Pauses the test executed for the given time.</doc>
<status status="PASS" start="2025-12-10T16:16:32.988650" elapsed="5.001837"/>
</kw>
<status status="PASS" start="2025-12-10T16:16:32.527640" elapsed="5.464822"/>
</kw>
<kw name="Check Submenu Introduce History" owner="menu_keywords">
<kw name="Wait Until Element Is Visible" owner="SeleniumLibrary">
<arg>${SUBMENU_INTRODUCE_HISTORY}</arg>
<arg>${DEFAULT_TIMEOUT}</arg>
<doc>Waits until the element ``locator`` is visible.</doc>
<status status="PASS" start="2025-12-10T16:16:37.994201" elapsed="0.063512"/>
</kw>
<kw name="Click Element" owner="SeleniumLibrary">
<msg time="2025-12-10T16:16:38.059454" level="INFO">Clicking element '//ul[@class='sub-menu']//a[contains(text(),'Lịch sử phát triển')]'.</msg>
<arg>${SUBMENU_INTRODUCE_HISTORY}</arg>
<doc>Click the element identified by ``locator``.</doc>
<status status="PASS" start="2025-12-10T16:16:38.058696" elapsed="1.195920"/>
</kw>
<kw name="Wait Until Location Contains" owner="SeleniumLibrary">
<arg>/TrangTinGioiThieuChiTiet.aspx?id=1</arg>
<arg>${DEFAULT_TIMEOUT}</arg>
<doc>Waits until the current URL contains ``expected``.</doc>
<status status="PASS" start="2025-12-10T16:16:39.256813" elapsed="0.011653"/>
</kw>
<kw name="Get Location" owner="SeleniumLibrary">
<msg time="2025-12-10T16:16:39.278918" level="INFO">${current_url} = https://lib.qnu.edu.vn/TrangTinGioiThieuChiTiet.aspx?id=1</msg>
<var>${current_url}</var>
<doc>Returns the current browser window URL.</doc>
<status status="PASS" start="2025-12-10T16:16:39.269316" elapsed="0.009778"/>
</kw>
<kw name="Should Be Equal As Strings" owner="BuiltIn">
<arg>${current_url}</arg>
<arg>${URL_INTRODUCE_HISTORY}</arg>
<doc>Fails if objects are unequal after converting them to strings.</doc>
<status status="PASS" start="2025-12-10T16:16:39.281872" elapsed="0.000897"/>
</kw>
<status status="PASS" start="2025-12-10T16:16:37.993604" elapsed="1.289921"/>
</kw>
<status status="PASS" start="2025-12-10T16:16:26.301947" elapsed="12.982696"/>
</test>
<test id="s1-s2-s1-t2" name="TC003 - Kiểm tra điều hướng sang &quot;Chức năng – Nghiệp vụ&quot;" line="18">
<kw name="Open Basic Browser With Chrome" owner="browser_config" type="SETUP">
<kw name="Open Browser" owner="SeleniumLibrary">
<msg time="2025-12-10T16:16:39.324803" level="INFO">Opening browser 'chrome' to base url 'https://lib.qnu.edu.vn/'.</msg>
<arg>${BASE_URL}</arg>
<arg>${BROWSER_CHROME}</arg>
<doc>Opens a new browser instance to the optional ``url``.</doc>
<status status="PASS" start="2025-12-10T16:16:39.324106" elapsed="4.659973"/>
</kw>
<kw name="Maximize Browser Window" owner="SeleniumLibrary">
<doc>Maximizes current browser window.</doc>
<status status="PASS" start="2025-12-10T16:16:43.986086" elapsed="0.055203"/>
</kw>
<kw name="Wait Until Element Is Visible" owner="SeleniumLibrary">
<arg>${NAGIVATION_HOME}</arg>
<arg>${DEFAULT_TIMEOUT}</arg>
<doc>Waits until the element ``locator`` is visible.</doc>
<status status="PASS" start="2025-12-10T16:16:44.042284" elapsed="0.048394"/>
</kw>
<kw name="Click Element" owner="SeleniumLibrary">
<msg time="2025-12-10T16:16:44.092430" level="INFO">Clicking element '//ul[@id='navigation']//li//a[@href='Index.aspx']'.</msg>
<arg>${NAGIVATION_HOME}</arg>
<doc>Click the element identified by ``locator``.</doc>
<status status="PASS" start="2025-12-10T16:16:44.091731" elapsed="1.629409"/>
</kw>
<status status="PASS" start="2025-12-10T16:16:39.323045" elapsed="6.411069"/>
</kw>
<kw name="Check Nagivation Introduce" owner="menu_keywords">
<kw name="Wait Until Element Is Visible" owner="SeleniumLibrary">
<arg>${NAGIVATION_INTRODUCE}</arg>
<arg>${DEFAULT_TIMEOUT}</arg>
<doc>Waits until the element ``locator`` is visible.</doc>
<status status="PASS" start="2025-12-10T16:16:45.737159" elapsed="0.049290"/>
</kw>
<kw name="Mouse Over" owner="SeleniumLibrary">
<msg time="2025-12-10T16:16:45.788272" level="INFO">Simulating Mouse Over on element '//ul[@id='navigation']//li//a[@href='#']//span[contains(text(),'Giới thiệu')]'.</msg>
<arg>${NAGIVATION_INTRODUCE}</arg>
<doc>Simulates hovering the mouse over the element ``locator``.</doc>
<status status="PASS" start="2025-12-10T16:16:45.787405" elapsed="0.313642"/>
</kw>
<kw name="Sleep" owner="BuiltIn">
<msg time="2025-12-10T16:16:51.105394" level="INFO">Slept 5 seconds.</msg>
<arg>${DEFAULT_TIMEOUT}</arg>
<doc>Pauses the test executed for the given time.</doc>
<status status="PASS" start="2025-12-10T16:16:46.103638" elapsed="5.002150"/>
</kw>
<status status="PASS" start="2025-12-10T16:16:45.736014" elapsed="5.375131"/>
</kw>
<kw name="Check Submenu Introduce Business" owner="menu_keywords">
<kw name="Wait Until Element Is Visible" owner="SeleniumLibrary">
<arg>${SUBMENU_INTRODUCE_BUSINESS}</arg>
<arg>${DEFAULT_TIMEOUT}</arg>
<doc>Waits until the element ``locator`` is visible.</doc>
<status status="PASS" start="2025-12-10T16:16:51.114096" elapsed="0.046922"/>
</kw>
<kw name="Click Element" owner="SeleniumLibrary">
<msg time="2025-12-10T16:16:51.162714" level="INFO">Clicking element '//ul[@class='sub-menu']//a[contains(text(),'Chức năng - Nghiệp vụ')]'.</msg>
<arg>${SUBMENU_INTRODUCE_BUSINESS}</arg>
<doc>Click the element identified by ``locator``.</doc>
<status status="PASS" start="2025-12-10T16:16:51.161996" elapsed="0.266802"/>
</kw>
<kw name="Wait Until Location Contains" owner="SeleniumLibrary">
<arg>/TrangTinGioiThieuChiTiet.aspx?id=4</arg>
<arg>${DEFAULT_TIMEOUT}</arg>
<doc>Waits until the current URL contains ``expected``.</doc>
<status status="PASS" start="2025-12-10T16:16:51.431319" elapsed="0.539678"/>
</kw>
<kw name="Get Location" owner="SeleniumLibrary">
<msg time="2025-12-10T16:16:51.981375" level="INFO">${current_url} = https://lib.qnu.edu.vn/TrangTinGioiThieuChiTiet.aspx?id=4</msg>
<var>${current_url}</var>
<doc>Returns the current browser window URL.</doc>
<status status="PASS" start="2025-12-10T16:16:51.971912" elapsed="0.009583"/>
</kw>
<kw name="Should Be Equal As Strings" owner="BuiltIn">
<arg>${current_url}</arg>
<arg>${URL_INTRODUCE_BUSINESS}</arg>
<doc>Fails if objects are unequal after converting them to strings.</doc>
<status status="PASS" start="2025-12-10T16:16:51.983841" elapsed="0.000880"/>
</kw>
<status status="PASS" start="2025-12-10T16:16:51.113105" elapsed="0.872256"/>
</kw>
<status status="PASS" start="2025-12-10T16:16:39.320133" elapsed="12.666451"/>
</test>
<test id="s1-s2-s1-t3" name="TC004 - Kiểm tra điều hướng sang &quot;Chi bộ&quot;" line="23">
<kw name="Open Basic Browser With Chrome" owner="browser_config" type="SETUP">
<kw name="Open Browser" owner="SeleniumLibrary">
<msg time="2025-12-10T16:16:52.011967" level="INFO">Opening browser 'chrome' to base url 'https://lib.qnu.edu.vn/'.</msg>
<arg>${BASE_URL}</arg>
<arg>${BROWSER_CHROME}</arg>
<doc>Opens a new browser instance to the optional ``url``.</doc>
<status status="PASS" start="2025-12-10T16:16:52.011177" elapsed="5.832474"/>
</kw>
<kw name="Maximize Browser Window" owner="SeleniumLibrary">
<doc>Maximizes current browser window.</doc>
<status status="PASS" start="2025-12-10T16:16:57.848468" elapsed="0.078964"/>
</kw>
<kw name="Wait Until Element Is Visible" owner="SeleniumLibrary">
<arg>${NAGIVATION_HOME}</arg>
<arg>${DEFAULT_TIMEOUT}</arg>
<doc>Waits until the element ``locator`` is visible.</doc>
<status status="PASS" start="2025-12-10T16:16:57.928422" elapsed="0.122713"/>
</kw>
<kw name="Click Element" owner="SeleniumLibrary">
<msg time="2025-12-10T16:16:58.052867" level="INFO">Clicking element '//ul[@id='navigation']//li//a[@href='Index.aspx']'.</msg>
<arg>${NAGIVATION_HOME}</arg>
<doc>Click the element identified by ``locator``.</doc>
<status status="PASS" start="2025-12-10T16:16:58.052132" elapsed="2.101510"/>
</kw>
<status status="PASS" start="2025-12-10T16:16:52.010088" elapsed="8.145647"/>
</kw>
<kw name="Check Nagivation Introduce" owner="menu_keywords">
<kw name="Wait Until Element Is Visible" owner="SeleniumLibrary">
<arg>${NAGIVATION_INTRODUCE}</arg>
<arg>${DEFAULT_TIMEOUT}</arg>
<doc>Waits until the element ``locator`` is visible.</doc>
<status status="PASS" start="2025-12-10T16:17:00.158026" elapsed="0.070204"/>
</kw>
<kw name="Mouse Over" owner="SeleniumLibrary">
<msg time="2025-12-10T16:17:00.230120" level="INFO">Simulating Mouse Over on element '//ul[@id='navigation']//li//a[@href='#']//span[contains(text(),'Giới thiệu')]'.</msg>
<arg>${NAGIVATION_INTRODUCE}</arg>
<doc>Simulates hovering the mouse over the element ``locator``.</doc>
<status status="PASS" start="2025-12-10T16:17:00.229253" elapsed="0.321999"/>
</kw>
<kw name="Sleep" owner="BuiltIn">
<msg time="2025-12-10T16:17:05.557335" level="INFO">Slept 5 seconds.</msg>
<arg>${DEFAULT_TIMEOUT}</arg>
<doc>Pauses the test executed for the given time.</doc>
<status status="PASS" start="2025-12-10T16:17:00.554566" elapsed="5.003129"/>
</kw>
<status status="PASS" start="2025-12-10T16:17:00.157055" elapsed="5.403475"/>
</kw>
<kw name="Check Submenu Introduce Organizational Party" owner="menu_keywords">
<kw name="Wait Until Element Is Visible" owner="SeleniumLibrary">
<arg>${SUBMENU_INTRODUCE_ORGANIZATIONAL}</arg>
<arg>${DEFAULT_TIMEOUT}</arg>
<doc>Waits until the element ``locator`` is visible.</doc>
<status status="PASS" start="2025-12-10T16:17:05.562380" elapsed="0.043134"/>
</kw>
<kw name="Mouse Over" owner="SeleniumLibrary">
<msg time="2025-12-10T16:17:05.607836" level="INFO">Simulating Mouse Over on element '//ul[@class='sub-menu']//li//a[@href='#'][contains(text(),'Bộ máy tổ chức')]'.</msg>
<arg>${SUBMENU_INTRODUCE_ORGANIZATIONAL}</arg>
<doc>Simulates hovering the mouse over the element ``locator``.</doc>
<status status="PASS" start="2025-12-10T16:17:05.607063" elapsed="0.306524"/>
</kw>
<kw name="Wait Until Element Is Visible" owner="SeleniumLibrary">
<arg>${SUBMENU_INTRODUCE_ORGANIZATIONAL_PARTY}</arg>
<arg>${DEFAULT_TIMEOUT}</arg>
<doc>Waits until the element ``locator`` is visible.</doc>
<status status="PASS" start="2025-12-10T16:17:05.916949" elapsed="0.055792"/>
</kw>
<kw name="Click Element" owner="SeleniumLibrary">
<msg time="2025-12-10T16:17:05.974721" level="INFO">Clicking element '//ul[@class='sub-menu']//a[contains(text(),'Chi bộ')]'.</msg>
<arg>${SUBMENU_INTRODUCE_ORGANIZATIONAL_PARTY}</arg>
<doc>Click the element identified by ``locator``.</doc>
<status status="PASS" start="2025-12-10T16:17:05.973876" elapsed="0.295988"/>
</kw>
<kw name="Wait Until Location Contains" owner="SeleniumLibrary">
<arg>/TrangTinGioiThieuChiTiet.aspx?id=5</arg>
<arg>${DEFAULT_TIMEOUT}</arg>
<doc>Waits until the current URL contains ``expected``.</doc>
<status status="PASS" start="2025-12-10T16:17:06.272140" elapsed="0.552216"/>
</kw>
<kw name="Get Location" owner="SeleniumLibrary">
<msg time="2025-12-10T16:17:06.833641" level="INFO">${current_url} = https://lib.qnu.edu.vn/TrangTinGioiThieuChiTiet.aspx?id=5</msg>
<var>${current_url}</var>
<doc>Returns the current browser window URL.</doc>
<status status="PASS" start="2025-12-10T16:17:06.824924" elapsed="0.008811"/>
</kw>
<kw name="Should Be Equal As Strings" owner="BuiltIn">
<arg>${current_url}</arg>
<arg>${URL_INTRODUCE_ORGANIZATIONAL_PARTY}</arg>
<doc>Fails if objects are unequal after converting them to strings.</doc>
<status status="PASS" start="2025-12-10T16:17:06.835120" elapsed="0.000442"/>
</kw>
<status status="PASS" start="2025-12-10T16:17:05.561572" elapsed="1.274274"/>
</kw>
<status status="PASS" start="2025-12-10T16:16:52.007722" elapsed="14.829047"/>
</test>
<test id="s1-s2-s1-t4" name="TC005 - Kiểm tra điều hướng sang &quot;Cán bộ, viên chức&quot;" line="28">
<kw name="Open Basic Browser With Chrome" owner="browser_config" type="SETUP">
<kw name="Open Browser" owner="SeleniumLibrary">
<msg time="2025-12-10T16:17:06.856831" level="INFO">Opening browser 'chrome' to base url 'https://lib.qnu.edu.vn/'.</msg>
<arg>${BASE_URL}</arg>
<arg>${BROWSER_CHROME}</arg>
<doc>Opens a new browser instance to the optional ``url``.</doc>
<status status="PASS" start="2025-12-10T16:17:06.856056" elapsed="4.737650"/>
</kw>
<kw name="Maximize Browser Window" owner="SeleniumLibrary">
<doc>Maximizes current browser window.</doc>
<status status="PASS" start="2025-12-10T16:17:11.597014" elapsed="0.072219"/>
</kw>
<kw name="Wait Until Element Is Visible" owner="SeleniumLibrary">
<arg>${NAGIVATION_HOME}</arg>
<arg>${DEFAULT_TIMEOUT}</arg>
<doc>Waits until the element ``locator`` is visible.</doc>
<status status="PASS" start="2025-12-10T16:17:11.670181" elapsed="0.060941"/>
</kw>
<kw name="Click Element" owner="SeleniumLibrary">
<msg time="2025-12-10T16:17:11.733021" level="INFO">Clicking element '//ul[@id='navigation']//li//a[@href='Index.aspx']'.</msg>
<arg>${NAGIVATION_HOME}</arg>
<doc>Click the element identified by ``locator``.</doc>
<status status="PASS" start="2025-12-10T16:17:11.732066" elapsed="1.989220"/>
</kw>
<status status="PASS" start="2025-12-10T16:17:06.855029" elapsed="6.868224"/>
</kw>
<kw name="Check Nagivation Introduce" owner="menu_keywords">
<kw name="Wait Until Element Is Visible" owner="SeleniumLibrary">
<arg>${NAGIVATION_INTRODUCE}</arg>
<arg>${DEFAULT_TIMEOUT}</arg>
<doc>Waits until the element ``locator`` is visible.</doc>
<status status="PASS" start="2025-12-10T16:17:13.726891" elapsed="0.054400"/>
</kw>
<kw name="Mouse Over" owner="SeleniumLibrary">
<msg time="2025-12-10T16:17:13.783104" level="INFO">Simulating Mouse Over on element '//ul[@id='navigation']//li//a[@href='#']//span[contains(text(),'Giới thiệu')]'.</msg>
<arg>${NAGIVATION_INTRODUCE}</arg>
<doc>Simulates hovering the mouse over the element ``locator``.</doc>
<status status="PASS" start="2025-12-10T16:17:13.782011" elapsed="0.319092"/>
</kw>
<kw name="Sleep" owner="BuiltIn">
<msg time="2025-12-10T16:17:19.106379" level="INFO">Slept 5 seconds.</msg>
<arg>${DEFAULT_TIMEOUT}</arg>
<doc>Pauses the test executed for the given time.</doc>
<status status="PASS" start="2025-12-10T16:17:14.103820" elapsed="5.002899"/>
</kw>
<status status="PASS" start="2025-12-10T16:17:13.724490" elapsed="5.384641"/>
</kw>
<kw name="Check Submenu Introduce Organizational Official" owner="menu_keywords">
<kw name="Wait Until Element Is Visible" owner="SeleniumLibrary">
<arg>${SUBMENU_INTRODUCE_ORGANIZATIONAL}</arg>
<arg>${DEFAULT_TIMEOUT}</arg>
<doc>Waits until the element ``locator`` is visible.</doc>
<status status="PASS" start="2025-12-10T16:17:19.111510" elapsed="0.054329"/>
</kw>
<kw name="Mouse Over" owner="SeleniumLibrary">
<msg time="2025-12-10T16:17:19.169283" level="INFO">Simulating Mouse Over on element '//ul[@class='sub-menu']//li//a[@href='#'][contains(text(),'Bộ máy tổ chức')]'.</msg>
<arg>${SUBMENU_INTRODUCE_ORGANIZATIONAL}</arg>
<doc>Simulates hovering the mouse over the element ``locator``.</doc>
<status status="PASS" start="2025-12-10T16:17:19.168030" elapsed="0.312807"/>
</kw>
<kw name="Wait Until Element Is Visible" owner="SeleniumLibrary">
<arg>${SUBMENU_INTRODUCE_ORGANIZATIONAL_OFFICIALS}</arg>
<arg>${DEFAULT_TIMEOUT}</arg>
<doc>Waits until the element ``locator`` is visible.</doc>
<status status="PASS" start="2025-12-10T16:17:19.486734" elapsed="0.075900"/>
</kw>
<kw name="Click Element" owner="SeleniumLibrary">
<msg time="2025-12-10T16:17:19.564437" level="INFO">Clicking element '//ul[@class='sub-menu']//a[contains(text(),'Cán bộ, viên chức')]'.</msg>
<arg>${SUBMENU_INTRODUCE_ORGANIZATIONAL_OFFICIALS}</arg>
<doc>Click the element identified by ``locator``.</doc>
<status status="PASS" start="2025-12-10T16:17:19.563627" elapsed="0.278603"/>
</kw>
<kw name="Wait Until Location Contains" owner="SeleniumLibrary">
<arg>/TrangTinGioiThieuChiTiet.aspx?id=3</arg>
<arg>${DEFAULT_TIMEOUT}</arg>
<doc>Waits until the current URL contains ``expected``.</doc>
<status status="PASS" start="2025-12-10T16:17:19.845078" elapsed="0.594690"/>
</kw>
<kw name="Get Location" owner="SeleniumLibrary">
<msg time="2025-12-10T16:17:20.450231" level="INFO">${current_url} = https://lib.qnu.edu.vn/TrangTinGioiThieuChiTiet.aspx?id=3</msg>
<var>${current_url}</var>
<doc>Returns the current browser window URL.</doc>
<status status="PASS" start="2025-12-10T16:17:20.440708" elapsed="0.009672"/>
</kw>
<kw name="Should Be Equal As Strings" owner="BuiltIn">
<arg>${current_url}</arg>
<arg>${URL_INTRODUCE_ORGANIZATIONAL_OFFICIALS}</arg>
<doc>Fails if objects are unequal after converting them to strings.</doc>
<status status="PASS" start="2025-12-10T16:17:20.452770" elapsed="0.000905"/>
</kw>
<status status="PASS" start="2025-12-10T16:17:19.110522" elapsed="1.343807"/>
</kw>
<status status="PASS" start="2025-12-10T16:17:06.852332" elapsed="13.603037"/>
</test>
<test id="s1-s2-s1-t5" name="TC006 - Kiểm tra điều hướng sang &quot;Công đoàn&quot;" line="33">
<kw name="Open Basic Browser With Chrome" owner="browser_config" type="SETUP">
<kw name="Open Browser" owner="SeleniumLibrary">
<msg time="2025-12-10T16:17:20.476719" level="INFO">Opening browser 'chrome' to base url 'https://lib.qnu.edu.vn/'.</msg>
<arg>${BASE_URL}</arg>
<arg>${BROWSER_CHROME}</arg>
<doc>Opens a new browser instance to the optional ``url``.</doc>
<status status="PASS" start="2025-12-10T16:17:20.475850" elapsed="4.518654"/>
</kw>
<kw name="Maximize Browser Window" owner="SeleniumLibrary">
<doc>Maximizes current browser window.</doc>
<status status="PASS" start="2025-12-10T16:17:24.997335" elapsed="0.078030"/>
</kw>
<kw name="Wait Until Element Is Visible" owner="SeleniumLibrary">
<arg>${NAGIVATION_HOME}</arg>
<arg>${DEFAULT_TIMEOUT}</arg>
<doc>Waits until the element ``locator`` is visible.</doc>
<status status="PASS" start="2025-12-10T16:17:25.076789" elapsed="0.059497"/>
</kw>
<kw name="Click Element" owner="SeleniumLibrary">
<msg time="2025-12-10T16:17:25.138234" level="INFO">Clicking element '//ul[@id='navigation']//li//a[@href='Index.aspx']'.</msg>
<arg>${NAGIVATION_HOME}</arg>
<doc>Click the element identified by ``locator``.</doc>
<status status="PASS" start="2025-12-10T16:17:25.137488" elapsed="1.644536"/>
</kw>
<status status="PASS" start="2025-12-10T16:17:20.474537" elapsed="6.310480"/>
</kw>
<kw name="Check Nagivation Introduce" owner="menu_keywords">
<kw name="Wait Until Element Is Visible" owner="SeleniumLibrary">
<arg>${NAGIVATION_INTRODUCE}</arg>
<arg>${DEFAULT_TIMEOUT}</arg>
<doc>Waits until the element ``locator`` is visible.</doc>
<status status="PASS" start="2025-12-10T16:17:26.788627" elapsed="0.053313"/>
</kw>
<kw name="Mouse Over" owner="SeleniumLibrary">
<msg time="2025-12-10T16:17:26.843520" level="INFO">Simulating Mouse Over on element '//ul[@id='navigation']//li//a[@href='#']//span[contains(text(),'Giới thiệu')]'.</msg>
<arg>${NAGIVATION_INTRODUCE}</arg>
<doc>Simulates hovering the mouse over the element ``locator``.</doc>
<status status="PASS" start="2025-12-10T16:17:26.842865" elapsed="0.309684"/>
</kw>
<kw name="Sleep" owner="BuiltIn">
<msg time="2025-12-10T16:17:32.156161" level="INFO">Slept 5 seconds.</msg>
<arg>${DEFAULT_TIMEOUT}</arg>
<doc>Pauses the test executed for the given time.</doc>
<status status="PASS" start="2025-12-10T16:17:27.154809" elapsed="5.001710"/>
</kw>
<status status="PASS" start="2025-12-10T16:17:26.787056" elapsed="5.371932"/>
</kw>
<kw name="Check Submenu Introduce Organizational Union" owner="menu_keywords">
<kw name="Mouse Over" owner="SeleniumLibrary">
<msg time="2025-12-10T16:17:32.162572" level="INFO">Simulating Mouse Over on element '//ul[@class='sub-menu']//li//a[@href='#'][contains(text(),'Bộ máy tổ chức')]'.</msg>
<arg>${SUBMENU_INTRODUCE_ORGANIZATIONAL}</arg>
<doc>Simulates hovering the mouse over the element ``locator``.</doc>
<status status="PASS" start="2025-12-10T16:17:32.161795" elapsed="0.336950"/>
</kw>
<kw name="Wait Until Element Is Visible" owner="SeleniumLibrary">
<arg>${SUBMENU_INTRODUCE_ORGANIZATIONAL_UNION}</arg>
<arg>${DEFAULT_TIMEOUT}</arg>
<doc>Waits until the element ``locator`` is visible.</doc>
<status status="PASS" start="2025-12-10T16:17:32.505508" elapsed="0.052262"/>
</kw>
<kw name="Click Element" owner="SeleniumLibrary">
<msg time="2025-12-10T16:17:32.559465" level="INFO">Clicking element '//ul[@class='sub-menu']//a[contains(text(),'Công đoàn')]'.</msg>
<arg>${SUBMENU_INTRODUCE_ORGANIZATIONAL_UNION}</arg>
<doc>Click the element identified by ``locator``.</doc>
<status status="PASS" start="2025-12-10T16:17:32.558745" elapsed="0.285894"/>
</kw>
<kw name="Wait Until Location Contains" owner="SeleniumLibrary">
<arg>/TrangTinGioiThieuChiTiet.aspx?id=7</arg>
<arg>${DEFAULT_TIMEOUT}</arg>
<doc>Waits until the current URL contains ``expected``.</doc>
<status status="PASS" start="2025-12-10T16:17:32.847307" elapsed="0.517207"/>
</kw>
<kw name="Get Location" owner="SeleniumLibrary">
<msg time="2025-12-10T16:17:33.381922" level="INFO">${current_url} = https://lib.qnu.edu.vn/TrangTinGioiThieuChiTiet.aspx?id=7</msg>
<var>${current_url}</var>
<doc>Returns the current browser window URL.</doc>
<status status="PASS" start="2025-12-10T16:17:33.365390" elapsed="0.016660"/>
</kw>
<kw name="Should Be Equal As Strings" owner="BuiltIn">
<arg>${current_url}</arg>
<arg>${URL_INTRODUCE_ORGANIZATIONAL_UNION}</arg>
<doc>Fails if objects are unequal after converting them to strings.</doc>
<status status="PASS" start="2025-12-10T16:17:33.384779" elapsed="0.001363"/>
</kw>
<status status="PASS" start="2025-12-10T16:17:32.160667" elapsed="1.226103"/>
</kw>
<status status="PASS" start="2025-12-10T16:17:20.472242" elapsed="12.915583"/>
</test>
<test id="s1-s2-s1-t6" name="TC007 - Kiểm tra điều hướng sang &quot;Nguồn lực thông tin&quot;" line="38">
<kw name="Open Basic Browser With Chrome" owner="browser_config" type="SETUP">
<kw name="Open Browser" owner="SeleniumLibrary">
<msg time="2025-12-10T16:17:33.414673" level="INFO">Opening browser 'chrome' to base url 'https://lib.qnu.edu.vn/'.</msg>
<arg>${BASE_URL}</arg>
<arg>${BROWSER_CHROME}</arg>
<doc>Opens a new browser instance to the optional ``url``.</doc>
<status status="PASS" start="2025-12-10T16:17:33.413927" elapsed="4.596871"/>
</kw>
<kw name="Maximize Browser Window" owner="SeleniumLibrary">
<doc>Maximizes current browser window.</doc>
<status status="PASS" start="2025-12-10T16:17:38.013493" elapsed="0.049444"/>
</kw>
<kw name="Wait Until Element Is Visible" owner="SeleniumLibrary">
<arg>${NAGIVATION_HOME}</arg>
<arg>${DEFAULT_TIMEOUT}</arg>
<doc>Waits until the element ``locator`` is visible.</doc>
<status status="PASS" start="2025-12-10T16:17:38.063745" elapsed="0.049331"/>
</kw>
<kw name="Click Element" owner="SeleniumLibrary">
<msg time="2025-12-10T16:17:38.115090" level="INFO">Clicking element '//ul[@id='navigation']//li//a[@href='Index.aspx']'.</msg>
<arg>${NAGIVATION_HOME}</arg>
<doc>Click the element identified by ``locator``.</doc>
<status status="PASS" start="2025-12-10T16:17:38.114278" elapsed="1.789359"/>
</kw>
<status status="PASS" start="2025-12-10T16:17:33.412942" elapsed="6.493939"/>
</kw>
<kw name="Check Nagivation Introduce" owner="menu_keywords">
<kw name="Wait Until Element Is Visible" owner="SeleniumLibrary">
<arg>${NAGIVATION_INTRODUCE}</arg>
<arg>${DEFAULT_TIMEOUT}</arg>
<doc>Waits until the element ``locator`` is visible.</doc>
<status status="PASS" start="2025-12-10T16:17:39.910972" elapsed="0.050978"/>
</kw>
<kw name="Mouse Over" owner="SeleniumLibrary">
<msg time="2025-12-10T16:17:39.963539" level="INFO">Simulating Mouse Over on element '//ul[@id='navigation']//li//a[@href='#']//span[contains(text(),'Giới thiệu')]'.</msg>
<arg>${NAGIVATION_INTRODUCE}</arg>
<doc>Simulates hovering the mouse over the element ``locator``.</doc>
<status status="PASS" start="2025-12-10T16:17:39.962818" elapsed="0.313971"/>
</kw>
<kw name="Sleep" owner="BuiltIn">
<msg time="2025-12-10T16:17:45.280189" level="INFO">Slept 5 seconds.</msg>
<arg>${DEFAULT_TIMEOUT}</arg>
<doc>Pauses the test executed for the given time.</doc>
<status status="PASS" start="2025-12-10T16:17:40.279007" elapsed="5.001513"/>
</kw>
<status status="PASS" start="2025-12-10T16:17:39.909393" elapsed="5.404519"/>
</kw>
<kw name="Check Submenu Introduce Information" owner="menu_keywords">
<kw name="Wait Until Element Is Visible" owner="SeleniumLibrary">
<arg>${SUBMENU_INTRODUCE_INFORMATION}</arg>
<arg>${DEFAULT_TIMEOUT}</arg>
<doc>Waits until the element ``locator`` is visible.</doc>
<status status="PASS" start="2025-12-10T16:17:45.319560" elapsed="0.065689"/>
</kw>
<kw name="Click Element" owner="SeleniumLibrary">
<msg time="2025-12-10T16:17:45.387351" level="INFO">Clicking element '//ul[@class='sub-menu']//a[contains(text(),'Nguồn lực thông tin')]'.</msg>
<arg>${SUBMENU_INTRODUCE_INFORMATION}</arg>
<doc>Click the element identified by ``locator``.</doc>
<status status="PASS" start="2025-12-10T16:17:45.386484" elapsed="0.301504"/>
</kw>
<kw name="Wait Until Location Contains" owner="SeleniumLibrary">
<arg>/TrangTinGioiThieuChiTiet.aspx?id=8</arg>
<arg>${DEFAULT_TIMEOUT}</arg>
<doc>Waits until the current URL contains ``expected``.</doc>
<status status="PASS" start="2025-12-10T16:17:45.690578" elapsed="0.511406"/>
</kw>
<kw name="Get Location" owner="SeleniumLibrary">
<msg time="2025-12-10T16:17:46.215472" level="INFO">${current_url} = https://lib.qnu.edu.vn/TrangTinGioiThieuChiTiet.aspx?id=8</msg>
<var>${current_url}</var>
<doc>Returns the current browser window URL.</doc>
<status status="PASS" start="2025-12-10T16:17:46.203018" elapsed="0.012551"/>
</kw>
<kw name="Should Be Equal As Strings" owner="BuiltIn">
<arg>${current_url}</arg>
<arg>${URL_INTRODUCE_INFORMATION}</arg>
<doc>Fails if objects are unequal after converting them to strings.</doc>
<status status="PASS" start="2025-12-10T16:17:46.219171" elapsed="0.001115"/>
</kw>
<status status="PASS" start="2025-12-10T16:17:45.317991" elapsed="0.903624"/>
</kw>
<status status="PASS" start="2025-12-10T16:17:33.410459" elapsed="12.812283"/>
</test>
<test id="s1-s2-s1-t7" name="TC008 - Kiểm tra điều hướng sang &quot;Người dùng tin và nguồn tin&quot;" line="43">
<kw name="Open Basic Browser With Chrome" owner="browser_config" type="SETUP">
<kw name="Open Browser" owner="SeleniumLibrary">
<msg time="2025-12-10T16:17:46.245777" level="INFO">Opening browser 'chrome' to base url 'https://lib.qnu.edu.vn/'.</msg>
<arg>${BASE_URL}</arg>
<arg>${BROWSER_CHROME}</arg>
<doc>Opens a new browser instance to the optional ``url``.</doc>
<status status="PASS" start="2025-12-10T16:17:46.245043" elapsed="4.820508"/>
</kw>
<kw name="Maximize Browser Window" owner="SeleniumLibrary">
<doc>Maximizes current browser window.</doc>
<status status="PASS" start="2025-12-10T16:17:51.068921" elapsed="0.074981"/>
</kw>
<kw name="Wait Until Element Is Visible" owner="SeleniumLibrary">
<arg>${NAGIVATION_HOME}</arg>
<arg>${DEFAULT_TIMEOUT}</arg>
<doc>Waits until the element ``locator`` is visible.</doc>
<status status="PASS" start="2025-12-10T16:17:51.144775" elapsed="0.054647"/>
</kw>
<kw name="Click Element" owner="SeleniumLibrary">
<msg time="2025-12-10T16:17:51.201885" level="INFO">Clicking element '//ul[@id='navigation']//li//a[@href='Index.aspx']'.</msg>
<arg>${NAGIVATION_HOME}</arg>
<doc>Click the element identified by ``locator``.</doc>
<status status="PASS" start="2025-12-10T16:17:51.200965" elapsed="1.501173"/>
</kw>
<status status="PASS" start="2025-12-10T16:17:46.244087" elapsed="6.460149"/>
</kw>
<kw name="Check Nagivation Introduce" owner="menu_keywords">
<kw name="Wait Until Element Is Visible" owner="SeleniumLibrary">
<arg>${NAGIVATION_INTRODUCE}</arg>
<arg>${DEFAULT_TIMEOUT}</arg>
<doc>Waits until the element ``locator`` is visible.</doc>
<status status="PASS" start="2025-12-10T16:17:52.706415" elapsed="0.057469"/>
</kw>
<kw name="Mouse Over" owner="SeleniumLibrary">
<msg time="2025-12-10T16:17:52.767715" level="INFO">Simulating Mouse Over on element '//ul[@id='navigation']//li//a[@href='#']//span[contains(text(),'Giới thiệu')]'.</msg>
<arg>${NAGIVATION_INTRODUCE}</arg>
<doc>Simulates hovering the mouse over the element ``locator``.</doc>
<status status="PASS" start="2025-12-10T16:17:52.764913" elapsed="0.325047"/>
</kw>
<kw name="Sleep" owner="BuiltIn">
<msg time="2025-12-10T16:17:58.096237" level="INFO">Slept 5 seconds.</msg>
<arg>${DEFAULT_TIMEOUT}</arg>
<doc>Pauses the test executed for the given time.</doc>
<status status="PASS" start="2025-12-10T16:17:53.092657" elapsed="5.003949"/>
</kw>
<status status="PASS" start="2025-12-10T16:17:52.705446" elapsed="5.468361"/>
</kw>
<kw name="Check Submenu Introduce Library User Resource" owner="menu_keywords">
<kw name="Wait Until Element Is Visible" owner="SeleniumLibrary">
<arg>${SUBMENU_INTRODUCE_lIBRARY}</arg>
<arg>${DEFAULT_TIMEOUT}</arg>
<doc>Waits until the element ``locator`` is visible.</doc>
<status status="PASS" start="2025-12-10T16:17:58.182669" elapsed="0.149285"/>
</kw>
<kw name="Mouse Over" owner="SeleniumLibrary">
<msg time="2025-12-10T16:17:58.335825" level="INFO">Simulating Mouse Over on element '//ul[@class='sub-menu']//a[contains(text(),'Chính sách thư viện')]'.</msg>
<arg>${SUBMENU_INTRODUCE_lIBRARY}</arg>
<doc>Simulates hovering the mouse over the element ``locator``.</doc>
<status status="PASS" start="2025-12-10T16:17:58.334484" elapsed="0.375727"/>
</kw>
<kw name="Wait Until Element Is Visible" owner="SeleniumLibrary">
<arg>${SUBMENU_INTRODUCE_LIBRARY_USER_RESOURCE}</arg>
<arg>${DEFAULT_TIMEOUT}</arg>
<doc>Waits until the element ``locator`` is visible.</doc>
<status status="PASS" start="2025-12-10T16:17:58.713620" elapsed="0.048301"/>
</kw>
<kw name="Click Element" owner="SeleniumLibrary">
<msg time="2025-12-10T16:17:58.763855" level="INFO">Clicking element '//ul[@class='sub-menu']//a[contains(text(),'Người dùng tin và nguồn tin')]'.</msg>
<arg>${SUBMENU_INTRODUCE_LIBRARY_USER_RESOURCE}</arg>
<doc>Click the element identified by ``locator``.</doc>
<status status="PASS" start="2025-12-10T16:17:58.763050" elapsed="0.274769"/>
</kw>
<kw name="Wait Until Location Contains" owner="SeleniumLibrary">
<arg>/TrangTinGioiThieuChiTiet.aspx?id=9</arg>
<arg>${DEFAULT_TIMEOUT}</arg>
<doc>Waits until the current URL contains ``expected``.</doc>
<status status="PASS" start="2025-12-10T16:17:59.040934" elapsed="0.583342"/>
</kw>
<kw name="Get Location" owner="SeleniumLibrary">
<msg time="2025-12-10T16:17:59.644497" level="INFO">${current_url} = https://lib.qnu.edu.vn/TrangTinGioiThieuChiTiet.aspx?id=9</msg>
<var>${current_url}</var>
<doc>Returns the current browser window URL.</doc>
<status status="PASS" start="2025-12-10T16:17:59.625219" elapsed="0.019470"/>
</kw>
<kw name="Should Be Equal As Strings" owner="BuiltIn">
<arg>${current_url}</arg>
<arg>${URL_INTRODUCE_lIBRARY_USER_RESOURCE}</arg>
<doc>Fails if objects are unequal after converting them to strings.</doc>
<status status="PASS" start="2025-12-10T16:17:59.647627" elapsed="0.003190"/>
</kw>
<status status="PASS" start="2025-12-10T16:17:58.179496" elapsed="1.472035"/>
</kw>
<status status="PASS" start="2025-12-10T16:17:46.241715" elapsed="13.411360"/>
</test>
<test id="s1-s2-s1-t8" name="TC009 - Kiểm tra điều hướng sang &quot;Quy định mượn sách&quot;" line="48">
<kw name="Open Basic Browser With Chrome" owner="browser_config" type="SETUP">
<kw name="Open Browser" owner="SeleniumLibrary">
<msg time="2025-12-10T16:17:59.691702" level="INFO">Opening browser 'chrome' to base url 'https://lib.qnu.edu.vn/'.</msg>
<arg>${BASE_URL}</arg>
<arg>${BROWSER_CHROME}</arg>
<doc>Opens a new browser instance to the optional ``url``.</doc>
<status status="PASS" start="2025-12-10T16:17:59.690950" elapsed="4.835134"/>
</kw>
<kw name="Maximize Browser Window" owner="SeleniumLibrary">
<doc>Maximizes current browser window.</doc>
<status status="PASS" start="2025-12-10T16:18:04.528742" elapsed="0.086556"/>
</kw>
<kw name="Wait Until Element Is Visible" owner="SeleniumLibrary">
<arg>${NAGIVATION_HOME}</arg>
<arg>${DEFAULT_TIMEOUT}</arg>
<doc>Waits until the element ``locator`` is visible.</doc>
<status status="PASS" start="2025-12-10T16:18:04.617043" elapsed="0.069997"/>
</kw>
<kw name="Click Element" owner="SeleniumLibrary">
<msg time="2025-12-10T16:18:04.688910" level="INFO">Clicking element '//ul[@id='navigation']//li//a[@href='Index.aspx']'.</msg>
<arg>${NAGIVATION_HOME}</arg>
<doc>Click the element identified by ``locator``.</doc>
<status status="PASS" start="2025-12-10T16:18:04.688101" elapsed="1.939663"/>
</kw>
<status status="PASS" start="2025-12-10T16:17:59.689857" elapsed="6.940599"/>
</kw>
<kw name="Check Nagivation Introduce" owner="menu_keywords">
<kw name="Wait Until Element Is Visible" owner="SeleniumLibrary">
<arg>${NAGIVATION_INTRODUCE}</arg>
<arg>${DEFAULT_TIMEOUT}</arg>
<doc>Waits until the element ``locator`` is visible.</doc>
<status status="PASS" start="2025-12-10T16:18:06.637685" elapsed="0.075245"/>
</kw>
<kw name="Mouse Over" owner="SeleniumLibrary">
<msg time="2025-12-10T16:18:06.714882" level="INFO">Simulating Mouse Over on element '//ul[@id='navigation']//li//a[@href='#']//span[contains(text(),'Giới thiệu')]'.</msg>
<arg>${NAGIVATION_INTRODUCE}</arg>
<doc>Simulates hovering the mouse over the element ``locator``.</doc>
<status status="PASS" start="2025-12-10T16:18:06.714026" elapsed="0.329381"/>
</kw>
<kw name="Sleep" owner="BuiltIn">
<msg time="2025-12-10T16:18:12.047488" level="INFO">Slept 5 seconds.</msg>
<arg>${DEFAULT_TIMEOUT}</arg>
<doc>Pauses the test executed for the given time.</doc>
<status status="PASS" start="2025-12-10T16:18:07.046114" elapsed="5.001742"/>
</kw>
<status status="PASS" start="2025-12-10T16:18:06.631891" elapsed="5.424794"/>
</kw>
<kw name="Check Submenu Introduce Library Book Borrow" owner="menu_keywords">
<kw name="Wait Until Element Is Visible" owner="SeleniumLibrary">
<arg>${SUBMENU_INTRODUCE_lIBRARY}</arg>
<arg>${DEFAULT_TIMEOUT}</arg>
<doc>Waits until the element ``locator`` is visible.</doc>
<status status="PASS" start="2025-12-10T16:18:12.059415" elapsed="0.054151"/>
</kw>
<kw name="Mouse Over" owner="SeleniumLibrary">
<msg time="2025-12-10T16:18:12.116725" level="INFO">Simulating Mouse Over on element '//ul[@class='sub-menu']//a[contains(text(),'Chính sách thư viện')]'.</msg>
<arg>${SUBMENU_INTRODUCE_lIBRARY}</arg>
<doc>Simulates hovering the mouse over the element ``locator``.</doc>
<status status="PASS" start="2025-12-10T16:18:12.114844" elapsed="0.328579"/>
</kw>
<kw name="Wait Until Element Is Visible" owner="SeleniumLibrary">
<arg>${SUBMENU_INTRODUCE_LIBRARY_BOOK_BORROW}</arg>
<arg>${DEFAULT_TIMEOUT}</arg>
<doc>Waits until the element ``locator`` is visible.</doc>
<status status="PASS" start="2025-12-10T16:18:12.446927" elapsed="0.061732"/>
</kw>
<kw name="Click Element" owner="SeleniumLibrary">
<msg time="2025-12-10T16:18:12.510522" level="INFO">Clicking element '//ul[@class='sub-menu']//a[contains(text(),'Quy định mượn sách')]'.</msg>
<arg>${SUBMENU_INTRODUCE_LIBRARY_BOOK_BORROW}</arg>
<doc>Click the element identified by ``locator``.</doc>
<status status="PASS" start="2025-12-10T16:18:12.509680" elapsed="0.334225"/>
</kw>
<kw name="Wait Until Location Contains" owner="SeleniumLibrary">
<arg>/TrangTinGioiThieuChiTiet.aspx?id=10</arg>
<arg>${DEFAULT_TIMEOUT}</arg>
<doc>Waits until the current URL contains ``expected``.</doc>
<status status="PASS" start="2025-12-10T16:18:12.846445" elapsed="0.608016"/>
</kw>
<kw name="Get Location" owner="SeleniumLibrary">
<msg time="2025-12-10T16:18:13.463484" level="INFO">${current_url} = https://lib.qnu.edu.vn/TrangTinGioiThieuChiTiet.aspx?id=10</msg>
<var>${current_url}</var>
<doc>Returns the current browser window URL.</doc>
<status status="PASS" start="2025-12-10T16:18:13.455421" elapsed="0.008170"/>
</kw>
<kw name="Should Be Equal As Strings" owner="BuiltIn">
<arg>${current_url}</arg>
<arg>${URL_INTRODUCE_lIBRARY_BOOK_BORROW}</arg>
<doc>Fails if objects are unequal after converting them to strings.</doc>
<status status="PASS" start="2025-12-10T16:18:13.465138" elapsed="0.005712"/>
</kw>
<status status="PASS" start="2025-12-10T16:18:12.058383" elapsed="1.413850"/>
</kw>
<status status="PASS" start="2025-12-10T16:17:59.681600" elapsed="13.792829"/>
</test>
<test id="s1-s2-s1-t9" name="TC010 - Kiểm tra điều hướng sang &quot;Quy định nộp luận án, luận văn&quot;" line="53">
<kw name="Open Basic Browser With Chrome" owner="browser_config" type="SETUP">
<kw name="Open Browser" owner="SeleniumLibrary">
<msg time="2025-12-10T16:18:13.543734" level="INFO">Opening browser 'chrome' to base url 'https://lib.qnu.edu.vn/'.</msg>
<arg>${BASE_URL}</arg>
<arg>${BROWSER_CHROME}</arg>
<doc>Opens a new browser instance to the optional ``url``.</doc>
<status status="PASS" start="2025-12-10T16:18:13.542843" elapsed="5.394344"/>
</kw>
<kw name="Maximize Browser Window" owner="SeleniumLibrary">
<doc>Maximizes current browser window.</doc>
<status status="PASS" start="2025-12-10T16:18:18.939921" elapsed="0.064666"/>
</kw>
<kw name="Wait Until Element Is Visible" owner="SeleniumLibrary">
<arg>${NAGIVATION_HOME}</arg>
<arg>${DEFAULT_TIMEOUT}</arg>
<doc>Waits until the element ``locator`` is visible.</doc>
<status status="PASS" start="2025-12-10T16:18:19.005491" elapsed="0.051555"/>
</kw>
<kw name="Click Element" owner="SeleniumLibrary">
<msg time="2025-12-10T16:18:19.058773" level="INFO">Clicking element '//ul[@id='navigation']//li//a[@href='Index.aspx']'.</msg>
<arg>${NAGIVATION_HOME}</arg>
<doc>Click the element identified by ``locator``.</doc>
<status status="PASS" start="2025-12-10T16:18:19.058003" elapsed="1.833553"/>
</kw>
<status status="PASS" start="2025-12-10T16:18:13.541573" elapsed="7.352186"/>
</kw>
<kw name="Check Nagivation Introduce" owner="menu_keywords">
<kw name="Wait Until Element Is Visible" owner="SeleniumLibrary">
<arg>${NAGIVATION_INTRODUCE}</arg>
<arg>${DEFAULT_TIMEOUT}</arg>
<doc>Waits until the element ``locator`` is visible.</doc>
<status status="PASS" start="2025-12-10T16:18:20.896656" elapsed="0.046833"/>
</kw>
<kw name="Mouse Over" owner="SeleniumLibrary">
<msg time="2025-12-10T16:18:20.945591" level="INFO">Simulating Mouse Over on element '//ul[@id='navigation']//li//a[@href='#']//span[contains(text(),'Giới thiệu')]'.</msg>
<arg>${NAGIVATION_INTRODUCE}</arg>
<doc>Simulates hovering the mouse over the element ``locator``.</doc>
<status status="PASS" start="2025-12-10T16:18:20.944562" elapsed="0.326508"/>
</kw>
<kw name="Sleep" owner="BuiltIn">
<msg time="2025-12-10T16:18:26.274645" level="INFO">Slept 5 seconds.</msg>
<arg>${DEFAULT_TIMEOUT}</arg>
<doc>Pauses the test executed for the given time.</doc>
<status status="PASS" start="2025-12-10T16:18:21.273352" elapsed="5.001588"/>
</kw>
<status status="PASS" start="2025-12-10T16:18:20.895572" elapsed="5.382200"/>
</kw>
<kw name="Check Submenu Introduce Library Submit Thesis" owner="menu_keywords">
<kw name="Wait Until Element Is Visible" owner="SeleniumLibrary">
<arg>${SUBMENU_INTRODUCE_lIBRARY}</arg>
<arg>${DEFAULT_TIMEOUT}</arg>
<doc>Waits until the element ``locator`` is visible.</doc>
<status status="PASS" start="2025-12-10T16:18:26.280394" elapsed="0.066430"/>
</kw>
<kw name="Mouse Over" owner="SeleniumLibrary">
<msg time="2025-12-10T16:18:26.348803" level="INFO">Simulating Mouse Over on element '//ul[@class='sub-menu']//a[contains(text(),'Chính sách thư viện')]'.</msg>
<arg>${SUBMENU_INTRODUCE_lIBRARY}</arg>
<doc>Simulates hovering the mouse over the element ``locator``.</doc>
<status status="PASS" start="2025-12-10T16:18:26.347908" elapsed="0.360253"/>
</kw>
<kw name="Wait Until Element Is Visible" owner="SeleniumLibrary">
<arg>${SUBMENU_INTRODUCE_LIBRARY_SUBMIT_THESIS}</arg>
<arg>${DEFAULT_TIMEOUT}</arg>
<doc>Waits until the element ``locator`` is visible.</doc>
<status status="PASS" start="2025-12-10T16:18:26.710916" elapsed="0.062839"/>
</kw>
<kw name="Click Element" owner="SeleniumLibrary">
<msg time="2025-12-10T16:18:26.775696" level="INFO">Clicking element '//ul[@class='sub-menu']//a[contains(text(),'Quy định nộp luận án, luận văn')]'.</msg>
<arg>${SUBMENU_INTRODUCE_LIBRARY_SUBMIT_THESIS}</arg>
<doc>Click the element identified by ``locator``.</doc>
<status status="PASS" start="2025-12-10T16:18:26.774852" elapsed="0.280047"/>
</kw>
<kw name="Wait Until Location Contains" owner="SeleniumLibrary">
<arg>/TrangTinGioiThieuChiTiet.aspx?id=11</arg>
<arg>${DEFAULT_TIMEOUT}</arg>
<doc>Waits until the current URL contains ``expected``.</doc>
<status status="PASS" start="2025-12-10T16:18:27.057973" elapsed="0.576284"/>
</kw>
<kw name="Get Location" owner="SeleniumLibrary">
<msg time="2025-12-10T16:18:27.646415" level="INFO">${current_url} = https://lib.qnu.edu.vn/TrangTinGioiThieuChiTiet.aspx?id=11</msg>
<var>${current_url}</var>
<doc>Returns the current browser window URL.</doc>
<status status="PASS" start="2025-12-10T16:18:27.635340" elapsed="0.011220"/>
</kw>
<kw name="Should Be Equal As Strings" owner="BuiltIn">
<arg>${current_url}</arg>
<arg>${URL_INTRODUCE_lIBRARY_SUBMIT_THESIS}</arg>
<doc>Fails if objects are unequal after converting them to strings.</doc>
<status status="PASS" start="2025-12-10T16:18:27.648774" elapsed="0.004061"/>
</kw>
<status status="PASS" start="2025-12-10T16:18:26.279483" elapsed="1.374496"/>
</kw>
<status status="PASS" start="2025-12-10T16:18:13.530763" elapsed="14.124404"/>
</test>
<kw name="Close Browser Web" owner="browser_config" type="TEARDOWN">
<kw name="Close All Browsers" owner="SeleniumLibrary">
<doc>Closes all open browsers and resets the browser cache.</doc>
<status status="PASS" start="2025-12-10T16:18:27.681410" elapsed="24.584755"/>
</kw>
<status status="PASS" start="2025-12-10T16:18:27.678567" elapsed="24.588000"/>
</kw>
<status status="PASS" start="2025-12-10T16:16:26.244132" elapsed="146.022639"/>
</suite>
<suite id="s1-s2-s2" name="Menu Nagivation 2 News" source="D:\Code\Testing\RobotFramework\LibQNU\test_cases\2_menu\menu_nagivation_2_news.robot">
<test id="s1-s2-s2-t1" name="TC011 - Kiểm tra điều hướng sang &quot;Tin hoạt động&quot;" line="13">
<kw name="Open Basic Browser With Chrome" owner="browser_config" type="SETUP">
<kw name="Open Browser" owner="SeleniumLibrary">
<msg time="2025-12-10T16:18:52.294557" level="INFO">Opening browser 'chrome' to base url 'https://lib.qnu.edu.vn/'.</msg>
<arg>${BASE_URL}</arg>
<arg>${BROWSER_CHROME}</arg>
<doc>Opens a new browser instance to the optional ``url``.</doc>
<status status="PASS" start="2025-12-10T16:18:52.294353" elapsed="3.851203"/>
</kw>
<kw name="Maximize Browser Window" owner="SeleniumLibrary">
<doc>Maximizes current browser window.</doc>
<status status="PASS" start="2025-12-10T16:18:56.147048" elapsed="0.051154"/>
</kw>
<kw name="Wait Until Element Is Visible" owner="SeleniumLibrary">
<arg>${NAGIVATION_HOME}</arg>
<arg>${DEFAULT_TIMEOUT}</arg>
<doc>Waits until the element ``locator`` is visible.</doc>
<status status="PASS" start="2025-12-10T16:18:56.199087" elapsed="0.033636"/>
</kw>
<kw name="Click Element" owner="SeleniumLibrary">
<msg time="2025-12-10T16:18:56.234052" level="INFO">Clicking element '//ul[@id='navigation']//li//a[@href='Index.aspx']'.</msg>
<arg>${NAGIVATION_HOME}</arg>
<doc>Click the element identified by ``locator``.</doc>
<status status="PASS" start="2025-12-10T16:18:56.233322" elapsed="1.676481"/>
</kw>
<status status="PASS" start="2025-12-10T16:18:52.294081" elapsed="5.617976"/>
</kw>
<kw name="Check Nagivation News" owner="menu_keywords">
<kw name="Wait Until Element Is Visible" owner="SeleniumLibrary">
<arg>${NAGIVATION_NEWS}</arg>
<arg>${DEFAULT_TIMEOUT}</arg>
<doc>Waits until the element ``locator`` is visible.</doc>
<status status="PASS" start="2025-12-10T16:18:57.914791" elapsed="0.039761"/>
</kw>
<kw name="Click Element" owner="SeleniumLibrary">
<msg time="2025-12-10T16:18:57.956074" level="INFO">Clicking element '//ul[@id='navigation']//span[contains(text(),'Tin tức')]'.</msg>
<arg>${NAGIVATION_NEWS}</arg>
<doc>Click the element identified by ``locator``.</doc>
<status status="PASS" start="2025-12-10T16:18:57.955382" elapsed="0.981056"/>
</kw>
<kw name="Sleep" owner="BuiltIn">
<msg time="2025-12-10T16:19:03.940937" level="INFO">Slept 5 seconds.</msg>
<arg>${DEFAULT_TIMEOUT}</arg>
<doc>Pauses the test executed for the given time.</doc>
<status status="PASS" start="2025-12-10T16:18:58.939097" elapsed="5.002422"/>
</kw>
<status status="PASS" start="2025-12-10T16:18:57.913723" elapsed="6.032181"/>
</kw>
<kw name="Check Submenu News Activities" owner="menu_keywords">
<kw name="Wait Until Element Is Visible" owner="SeleniumLibrary">
<arg>${SUBMENU_NEWS_ACTIVITIES}</arg>
<arg>${DEFAULT_TIMEOUT}</arg>
<doc>Waits until the element ``locator`` is visible.</doc>
<status status="PASS" start="2025-12-10T16:19:03.951796" elapsed="0.059104"/>
</kw>
<kw name="Click Element" owner="SeleniumLibrary">
<msg time="2025-12-10T16:19:04.012566" level="INFO">Clicking element '//span[contains(text(),'Tin hoạt động')]'.</msg>
<arg>${SUBMENU_NEWS_ACTIVITIES}</arg>
<doc>Click the element identified by ``locator``.</doc>
<status status="PASS" start="2025-12-10T16:19:04.011857" elapsed="0.228135"/>
</kw>
<kw name="Sleep" owner="BuiltIn">
<msg time="2025-12-10T16:19:09.243628" level="INFO">Slept 5 seconds.</msg>
<arg>${DEFAULT_TIMEOUT}</arg>
<doc>Pauses the test executed for the given time.</doc>
<status status="PASS" start="2025-12-10T16:19:04.242482" elapsed="5.001522"/>
</kw>
<status status="PASS" start="2025-12-10T16:19:03.950817" elapsed="5.296140"/>
</kw>
<status status="PASS" start="2025-12-10T16:18:52.293391" elapsed="16.955046"/>
</test>
<test id="s1-s2-s2-t2" name="TC012 - Kiểm tra điều hướng sang &quot;Tin thông báo&quot;" line="18">
<kw name="Open Basic Browser With Chrome" owner="browser_config" type="SETUP">
<kw name="Open Browser" owner="SeleniumLibrary">
<msg time="2025-12-10T16:19:09.281694" level="INFO">Opening browser 'chrome' to base url 'https://lib.qnu.edu.vn/'.</msg>
<arg>${BASE_URL}</arg>
<arg>${BROWSER_CHROME}</arg>
<doc>Opens a new browser instance to the optional ``url``.</doc>
<status status="PASS" start="2025-12-10T16:19:09.280924" elapsed="4.924434"/>
</kw>
<kw name="Maximize Browser Window" owner="SeleniumLibrary">
<doc>Maximizes current browser window.</doc>
<status status="PASS" start="2025-12-10T16:19:14.207743" elapsed="0.061847"/>
</kw>
<kw name="Wait Until Element Is Visible" owner="SeleniumLibrary">
<arg>${NAGIVATION_HOME}</arg>
<arg>${DEFAULT_TIMEOUT}</arg>
<doc>Waits until the element ``locator`` is visible.</doc>
<status status="PASS" start="2025-12-10T16:19:14.270468" elapsed="0.052684"/>
</kw>
<kw name="Click Element" owner="SeleniumLibrary">
<msg time="2025-12-10T16:19:14.324884" level="INFO">Clicking element '//ul[@id='navigation']//li//a[@href='Index.aspx']'.</msg>
<arg>${NAGIVATION_HOME}</arg>
<doc>Click the element identified by ``locator``.</doc>
<status status="PASS" start="2025-12-10T16:19:14.324136" elapsed="1.846185"/>
</kw>
<status status="PASS" start="2025-12-10T16:19:09.279696" elapsed="6.893175"/>
</kw>
<kw name="Check Nagivation News" owner="menu_keywords">
<kw name="Wait Until Element Is Visible" owner="SeleniumLibrary">
<arg>${NAGIVATION_NEWS}</arg>
<arg>${DEFAULT_TIMEOUT}</arg>
<doc>Waits until the element ``locator`` is visible.</doc>
<status status="PASS" start="2025-12-10T16:19:16.175251" elapsed="0.055401"/>
</kw>
<kw name="Click Element" owner="SeleniumLibrary">
<msg time="2025-12-10T16:19:16.232200" level="INFO">Clicking element '//ul[@id='navigation']//span[contains(text(),'Tin tức')]'.</msg>
<arg>${NAGIVATION_NEWS}</arg>
<doc>Click the element identified by ``locator``.</doc>
<status status="PASS" start="2025-12-10T16:19:16.231574" elapsed="0.248839"/>
</kw>
<kw name="Sleep" owner="BuiltIn">
<msg time="2025-12-10T16:19:21.484829" level="INFO">Slept 5 seconds.</msg>
<arg>${DEFAULT_TIMEOUT}</arg>
<doc>Pauses the test executed for the given time.</doc>
<status status="PASS" start="2025-12-10T16:19:16.483606" elapsed="5.001561"/>
</kw>
<status status="PASS" start="2025-12-10T16:19:16.174399" elapsed="5.313093"/>
</kw>
<kw name="Check Submenu News Notifications" owner="menu_keywords">
<kw name="Wait Until Element Is Visible" owner="SeleniumLibrary">
<arg>${SUBMENU_NEWS_NOTIFICATIONS}</arg>
<arg>${DEFAULT_TIMEOUT}</arg>
<doc>Waits until the element ``locator`` is visible.</doc>
<status status="PASS" start="2025-12-10T16:19:21.491942" elapsed="0.056868"/>
</kw>
<kw name="Click Element" owner="SeleniumLibrary">
<msg time="2025-12-10T16:19:21.551129" level="INFO">Clicking element '//span[normalize-space()='Tin thông báo']'.</msg>
<arg>${SUBMENU_NEWS_NOTIFICATIONS}</arg>
<doc>Click the element identified by ``locator``.</doc>
<status status="PASS" start="2025-12-10T16:19:21.550049" elapsed="0.320873"/>
</kw>
<kw name="Sleep" owner="BuiltIn">
<msg time="2025-12-10T16:19:26.875430" level="INFO">Slept 5 seconds.</msg>
<arg>${DEFAULT_TIMEOUT}</arg>
<doc>Pauses the test executed for the given time.</doc>
<status status="PASS" start="2025-12-10T16:19:21.873727" elapsed="5.001930"/>
</kw>
<status status="PASS" start="2025-12-10T16:19:21.489342" elapsed="5.387970"/>
</kw>
<status status="PASS" start="2025-12-10T16:19:09.277284" elapsed="17.600897"/>
</test>
<test id="s1-s2-s2-t3" name="TC013 - Kiểm tra điều hướng sang &quot;Tin video&quot;" line="23">
<kw name="Open Basic Browser With Chrome" owner="browser_config" type="SETUP">
<kw name="Open Browser" owner="SeleniumLibrary">
<msg time="2025-12-10T16:19:26.908972" level="INFO">Opening browser 'chrome' to base url 'https://lib.qnu.edu.vn/'.</msg>
<arg>${BASE_URL}</arg>
<arg>${BROWSER_CHROME}</arg>
<doc>Opens a new browser instance to the optional ``url``.</doc>
<status status="PASS" start="2025-12-10T16:19:26.908157" elapsed="4.636870"/>
</kw>
<kw name="Maximize Browser Window" owner="SeleniumLibrary">
<doc>Maximizes current browser window.</doc>
<status status="PASS" start="2025-12-10T16:19:31.548301" elapsed="0.058682"/>
</kw>
<kw name="Wait Until Element Is Visible" owner="SeleniumLibrary">
<arg>${NAGIVATION_HOME}</arg>
<arg>${DEFAULT_TIMEOUT}</arg>
<doc>Waits until the element ``locator`` is visible.</doc>
<status status="PASS" start="2025-12-10T16:19:31.607838" elapsed="0.059692"/>
</kw>
<kw name="Click Element" owner="SeleniumLibrary">
<msg time="2025-12-10T16:19:31.669294" level="INFO">Clicking element '//ul[@id='navigation']//li//a[@href='Index.aspx']'.</msg>
<arg>${NAGIVATION_HOME}</arg>
<doc>Click the element identified by ``locator``.</doc>
<status status="PASS" start="2025-12-10T16:19:31.668543" elapsed="1.686488"/>
</kw>
<status status="PASS" start="2025-12-10T16:19:26.906887" elapsed="6.451828"/>
</kw>
<kw name="Check Nagivation News" owner="menu_keywords">
<kw name="Wait Until Element Is Visible" owner="SeleniumLibrary">
<arg>${NAGIVATION_NEWS}</arg>
<arg>${DEFAULT_TIMEOUT}</arg>
<doc>Waits until the element ``locator`` is visible.</doc>
<status status="PASS" start="2025-12-10T16:19:33.361858" elapsed="0.046749"/>
</kw>
<kw name="Click Element" owner="SeleniumLibrary">
<msg time="2025-12-10T16:19:33.410719" level="INFO">Clicking element '//ul[@id='navigation']//span[contains(text(),'Tin tức')]'.</msg>
<arg>${NAGIVATION_NEWS}</arg>
<doc>Click the element identified by ``locator``.</doc>
<status status="PASS" start="2025-12-10T16:19:33.409572" elapsed="0.196966"/>
</kw>
<kw name="Sleep" owner="BuiltIn">
<msg time="2025-12-10T16:19:38.610756" level="INFO">Slept 5 seconds.</msg>
<arg>${DEFAULT_TIMEOUT}</arg>
<doc>Pauses the test executed for the given time.</doc>
<status status="PASS" start="2025-12-10T16:19:33.608085" elapsed="5.003062"/>
</kw>
<status status="PASS" start="2025-12-10T16:19:33.360785" elapsed="5.253217"/>
</kw>
<kw name="Check Submenu News Videos" owner="menu_keywords">
<kw name="Wait Until Element Is Visible" owner="SeleniumLibrary">
<arg>${SUBMENU_NEWS_VIDEOS}</arg>
<arg>${DEFAULT_TIMEOUT}</arg>
<doc>Waits until the element ``locator`` is visible.</doc>
<status status="PASS" start="2025-12-10T16:19:38.621385" elapsed="0.053766"/>
</kw>
<kw name="Click Element" owner="SeleniumLibrary">
<msg time="2025-12-10T16:19:38.677484" level="INFO">Clicking element '//span[normalize-space()='Tin video']'.</msg>
<arg>${SUBMENU_NEWS_VIDEOS}</arg>
<doc>Click the element identified by ``locator``.</doc>
<status status="PASS" start="2025-12-10T16:19:38.676523" elapsed="0.268759"/>
</kw>
<kw name="Sleep" owner="BuiltIn">
<msg time="2025-12-10T16:19:43.952250" level="INFO">Slept 5 seconds.</msg>
<arg>${DEFAULT_TIMEOUT}</arg>
<doc>Pauses the test executed for the given time.</doc>
<status status="PASS" start="2025-12-10T16:19:38.948028" elapsed="5.005096"/>
</kw>
<status status="PASS" start="2025-12-10T16:19:38.619712" elapsed="5.336742"/>
</kw>
<status status="PASS" start="2025-12-10T16:19:26.904066" elapsed="17.053628"/>
</test>
<kw name="Close Browser Web" owner="browser_config" type="TEARDOWN">
<kw name="Close All Browsers" owner="SeleniumLibrary">
<doc>Closes all open browsers and resets the browser cache.</doc>
<status status="PASS" start="2025-12-10T16:19:43.979261" elapsed="7.320005"/>
</kw>
<status status="PASS" start="2025-12-10T16:19:43.978410" elapsed="7.321302"/>
</kw>
<status status="PASS" start="2025-12-10T16:18:52.284511" elapsed="59.015419"/>
</suite>
<suite id="s1-s2-s3" name="Menu Nagivation 3 Search" source="D:\Code\Testing\RobotFramework\LibQNU\test_cases\2_menu\menu_nagivation_3_search.robot">
<test id="s1-s2-s3-t1" name="TC014 - Kiểm tra điều hướng sang &quot;Tra cứu Thư viện Truyền Thống&quot;" line="13">
<kw name="Open Basic Browser With Chrome" owner="browser_config" type="SETUP">
<kw name="Open Browser" owner="SeleniumLibrary">
<msg time="2025-12-10T16:19:51.328118" level="INFO">Opening browser 'chrome' to base url 'https://lib.qnu.edu.vn/'.</msg>
<arg>${BASE_URL}</arg>
<arg>${BROWSER_CHROME}</arg>
<doc>Opens a new browser instance to the optional ``url``.</doc>
<status status="PASS" start="2025-12-10T16:19:51.327831" elapsed="4.186201"/>
</kw>
<kw name="Maximize Browser Window" owner="SeleniumLibrary">
<doc>Maximizes current browser window.</doc>
<status status="PASS" start="2025-12-10T16:19:55.516563" elapsed="0.052423"/>
</kw>
<kw name="Wait Until Element Is Visible" owner="SeleniumLibrary">
<arg>${NAGIVATION_HOME}</arg>
<arg>${DEFAULT_TIMEOUT}</arg>
<doc>Waits until the element ``locator`` is visible.</doc>
<status status="PASS" start="2025-12-10T16:19:55.569793" elapsed="0.046275"/>
</kw>
<kw name="Click Element" owner="SeleniumLibrary">
<msg time="2025-12-10T16:19:55.617667" level="INFO">Clicking element '//ul[@id='navigation']//li//a[@href='Index.aspx']'.</msg>
<arg>${NAGIVATION_HOME}</arg>
<doc>Click the element identified by ``locator``.</doc>
<status status="PASS" start="2025-12-10T16:19:55.616955" elapsed="1.566100"/>
</kw>
<status status="PASS" start="2025-12-10T16:19:51.327444" elapsed="5.858110"/>
</kw>
<kw name="Check Nagivation Search" owner="menu_keywords">
<kw name="Wait Until Element Is Visible" owner="SeleniumLibrary">
<arg>${NAGIVATION_DOC_SEARCH}</arg>
<arg>${DEFAULT_TIMEOUT}</arg>
<doc>Waits until the element ``locator`` is visible.</doc>
<status status="PASS" start="2025-12-10T16:19:57.188273" elapsed="0.041887"/>
</kw>
<kw name="Mouse Over" owner="SeleniumLibrary">
<msg time="2025-12-10T16:19:57.231900" level="INFO">Simulating Mouse Over on element '//ul[@id='navigation']//li//a[@href='Default.aspx']//span[contains(text(),'Tra cứu tài liệu')]'.</msg>
<arg>${NAGIVATION_DOC_SEARCH}</arg>
<doc>Simulates hovering the mouse over the element ``locator``.</doc>
<status status="PASS" start="2025-12-10T16:19:57.231094" elapsed="0.303187"/>
</kw>
<kw name="Sleep" owner="BuiltIn">
<msg time="2025-12-10T16:20:02.537773" level="INFO">Slept 5 seconds.</msg>
<arg>${DEFAULT_TIMEOUT}</arg>
<doc>Pauses the test executed for the given time.</doc>
<status status="PASS" start="2025-12-10T16:19:57.536831" elapsed="5.001265"/>
</kw>
<status status="PASS" start="2025-12-10T16:19:57.187169" elapsed="5.354084"/>
</kw>
<kw name="Check Submenu Search Traditional" owner="menu_keywords">
<kw name="Wait Until Element Is Visible" owner="SeleniumLibrary">
<arg>${SUBMENU_SEARCH_TRADITIONAL}</arg>
<arg>${DEFAULT_TIMEOUT}</arg>
<doc>Waits until the element ``locator`` is visible.</doc>
<status status="PASS" start="2025-12-10T16:20:02.546490" elapsed="0.058485"/>
</kw>
<kw name="Mouse Over" owner="SeleniumLibrary">
<msg time="2025-12-10T16:20:02.607230" level="INFO">Simulating Mouse Over on element '//ul[@class='sub-menu']//li//a[@href='Default.aspx'][contains(text(),'Tra cứu Thư viện Truyền Thống')]'.</msg>
<arg>${SUBMENU_SEARCH_TRADITIONAL}</arg>
<doc>Simulates hovering the mouse over the element ``locator``.</doc>
<status status="PASS" start="2025-12-10T16:20:02.606037" elapsed="0.304938"/>
</kw>
<kw name="Sleep" owner="BuiltIn">
<msg time="2025-12-10T16:20:07.921787" level="INFO">Slept 5 seconds.</msg>
<arg>${DEFAULT_TIMEOUT}</arg>
<doc>Pauses the test executed for the given time.</doc>
<status status="PASS" start="2025-12-10T16:20:02.920388" elapsed="5.001761"/>
</kw>
<status status="PASS" start="2025-12-10T16:20:02.545468" elapsed="5.379454"/>
</kw>
<status status="PASS" start="2025-12-10T16:19:51.326198" elapsed="16.601219"/>
</test>
<test id="s1-s2-s3-t2" name="TC015 - Kiểm tra điều hướng sang &quot;Tra cứu Thư viện Số&quot;" line="18">
<kw name="Open Basic Browser With Chrome" owner="browser_config" type="SETUP">
<kw name="Open Browser" owner="SeleniumLibrary">
<msg time="2025-12-10T16:20:08.039169" level="INFO">Opening browser 'chrome' to base url 'https://lib.qnu.edu.vn/'.</msg>
<arg>${BASE_URL}</arg>
<arg>${BROWSER_CHROME}</arg>
<doc>Opens a new browser instance to the optional ``url``.</doc>
<status status="PASS" start="2025-12-10T16:20:08.038277" elapsed="5.244898"/>
</kw>
<kw name="Maximize Browser Window" owner="SeleniumLibrary">
<doc>Maximizes current browser window.</doc>
<status status="PASS" start="2025-12-10T16:20:13.285191" elapsed="0.047738"/>
</kw>
<kw name="Wait Until Element Is Visible" owner="SeleniumLibrary">
<arg>${NAGIVATION_HOME}</arg>
<arg>${DEFAULT_TIMEOUT}</arg>
<doc>Waits until the element ``locator`` is visible.</doc>
<status status="PASS" start="2025-12-10T16:20:13.333886" elapsed="0.035369"/>
</kw>
<kw name="Click Element" owner="SeleniumLibrary">
<msg time="2025-12-10T16:20:13.371289" level="INFO">Clicking element '//ul[@id='navigation']//li//a[@href='Index.aspx']'.</msg>
<arg>${NAGIVATION_HOME}</arg>
<doc>Click the element identified by ``locator``.</doc>
<status status="PASS" start="2025-12-10T16:20:13.370456" elapsed="1.843046"/>
</kw>
<status status="PASS" start="2025-12-10T16:20:08.036729" elapsed="7.180055"/>
</kw>
<kw name="Check Nagivation Search" owner="menu_keywords">
<kw name="Wait Until Element Is Visible" owner="SeleniumLibrary">
<arg>${NAGIVATION_DOC_SEARCH}</arg>
<arg>${DEFAULT_TIMEOUT}</arg>
<doc>Waits until the element ``locator`` is visible.</doc>
<status status="PASS" start="2025-12-10T16:20:15.219579" elapsed="0.053233"/>
</kw>
<kw name="Mouse Over" owner="SeleniumLibrary">
<msg time="2025-12-10T16:20:15.274363" level="INFO">Simulating Mouse Over on element '//ul[@id='navigation']//li//a[@href='Default.aspx']//span[contains(text(),'Tra cứu tài liệu')]'.</msg>
<arg>${NAGIVATION_DOC_SEARCH}</arg>
<doc>Simulates hovering the mouse over the element ``locator``.</doc>
<status status="PASS" start="2025-12-10T16:20:15.273658" elapsed="0.311370"/>
</kw>
<kw name="Sleep" owner="BuiltIn">
<msg time="2025-12-10T16:20:20.588942" level="INFO">Slept 5 seconds.</msg>
<arg>${DEFAULT_TIMEOUT}</arg>
<doc>Pauses the test executed for the given time.</doc>
<status status="PASS" start="2025-12-10T16:20:15.587340" elapsed="5.001963"/>
</kw>
<status status="PASS" start="2025-12-10T16:20:15.218480" elapsed="5.373655"/>
</kw>
<kw name="Check Submenu Search Digital" owner="menu_keywords">
<kw name="Wait Until Element Is Visible" owner="SeleniumLibrary">
<arg>${SUBMENU_SEARCH_DIGITAL}</arg>
<arg>${DEFAULT_TIMEOUT}</arg>
<doc>Waits until the element ``locator`` is visible.</doc>
<status status="PASS" start="2025-12-10T16:20:20.594714" elapsed="0.077667"/>
</kw>
<kw name="Mouse Over" owner="SeleniumLibrary">
<msg time="2025-12-10T16:20:20.674093" level="INFO">Simulating Mouse Over on element '//ul[@class='sub-menu']//a[contains(text(),'Tra cứu Thư viện Số')]'.</msg>
<arg>${SUBMENU_SEARCH_DIGITAL}</arg>
<doc>Simulates hovering the mouse over the element ``locator``.</doc>
<status status="PASS" start="2025-12-10T16:20:20.673348" elapsed="0.337113"/>
</kw>
<kw name="Sleep" owner="BuiltIn">
<msg time="2025-12-10T16:20:26.014513" level="INFO">Slept 5 seconds.</msg>
<arg>${DEFAULT_TIMEOUT}</arg>
<doc>Pauses the test executed for the given time.</doc>
<status status="PASS" start="2025-12-10T16:20:21.013125" elapsed="5.001706"/>
</kw>
<status status="PASS" start="2025-12-10T16:20:20.593809" elapsed="5.433314"/>
</kw>
<status status="PASS" start="2025-12-10T16:20:08.033659" elapsed="17.994970"/>
</test>
<kw name="Close Browser Web" owner="browser_config" type="TEARDOWN">
<kw name="Close All Browsers" owner="SeleniumLibrary">
<doc>Closes all open browsers and resets the browser cache.</doc>
<status status="PASS" start="2025-12-10T16:20:26.058365" elapsed="4.707494"/>
</kw>
<status status="PASS" start="2025-12-10T16:20:26.057583" elapsed="4.708686"/>
</kw>
<status status="PASS" start="2025-12-10T16:19:51.313840" elapsed="39.452627"/>
</suite>
<suite id="s1-s2-s4" name="Menu Nagivation 4 Business" source="D:\Code\Testing\RobotFramework\LibQNU\test_cases\2_menu\menu_nagivation_4_business.robot">
<test id="s1-s2-s4-t1" name="TC016 - Kiểm tra điều hướng sang &quot;Nghiệp vụ thư viện&quot;" line="13">
<kw name="Open Basic Browser With Chrome" owner="browser_config" type="SETUP">
<kw name="Open Browser" owner="SeleniumLibrary">
<msg time="2025-12-10T16:20:30.844725" level="INFO">Opening browser 'chrome' to base url 'https://lib.qnu.edu.vn/'.</msg>
<arg>${BASE_URL}</arg>
<arg>${BROWSER_CHROME}</arg>
<doc>Opens a new browser instance to the optional ``url``.</doc>
<status status="PASS" start="2025-12-10T16:20:30.844429" elapsed="3.579642"/>
</kw>
<kw name="Maximize Browser Window" owner="SeleniumLibrary">
<doc>Maximizes current browser window.</doc>
<status status="PASS" start="2025-12-10T16:20:34.424888" elapsed="0.044166"/>
</kw>
<kw name="Wait Until Element Is Visible" owner="SeleniumLibrary">
<arg>${NAGIVATION_HOME}</arg>
<arg>${DEFAULT_TIMEOUT}</arg>
<doc>Waits until the element ``locator`` is visible.</doc>
<status status="PASS" start="2025-12-10T16:20:34.469945" elapsed="0.050717"/>
</kw>
<kw name="Click Element" owner="SeleniumLibrary">
<msg time="2025-12-10T16:20:34.522332" level="INFO">Clicking element '//ul[@id='navigation']//li//a[@href='Index.aspx']'.</msg>
<arg>${NAGIVATION_HOME}</arg>
<doc>Click the element identified by ``locator``.</doc>
<status status="PASS" start="2025-12-10T16:20:34.521629" elapsed="1.656097"/>
</kw>
<status status="PASS" start="2025-12-10T16:20:30.844023" elapsed="5.336089"/>
</kw>
<kw name="Check Nagivation Business" owner="menu_keywords">
<kw name="Wait Until Element Is Visible" owner="SeleniumLibrary">
<arg>${NAGIVATION_BUSINESS}</arg>
<arg>${DEFAULT_TIMEOUT}</arg>
<doc>Waits until the element ``locator`` is visible.</doc>
<status status="PASS" start="2025-12-10T16:20:36.182875" elapsed="0.040921"/>
</kw>
<kw name="Mouse Over" owner="SeleniumLibrary">
<msg time="2025-12-10T16:20:36.225566" level="INFO">Simulating Mouse Over on element '//ul[@id='navigation']//li//a[@href='#']//span[contains(text(),'Nghiệp vụ')]'.</msg>
<arg>${NAGIVATION_BUSINESS}</arg>
<doc>Simulates hovering the mouse over the element ``locator``.</doc>
<status status="PASS" start="2025-12-10T16:20:36.224827" elapsed="0.297467"/>
</kw>
<kw name="Sleep" owner="BuiltIn">
<msg time="2025-12-10T16:20:41.532821" level="INFO">Slept 5 seconds.</msg>
<arg>${DEFAULT_TIMEOUT}</arg>
<doc>Pauses the test executed for the given time.</doc>
<status status="PASS" start="2025-12-10T16:20:36.527106" elapsed="5.006051"/>
</kw>
<status status="PASS" start="2025-12-10T16:20:36.181787" elapsed="5.360989"/>
</kw>
<kw name="Check Submenu Business Operations" owner="menu_keywords">
<kw name="Wait Until Element Is Visible" owner="SeleniumLibrary">
<arg>${SUBMENU_BUSINESS_OPERATIONS}</arg>
<arg>${DEFAULT_TIMEOUT}</arg>
<doc>Waits until the element ``locator`` is visible.</doc>
<status status="PASS" start="2025-12-10T16:20:41.544356" elapsed="0.049744"/>
</kw>
<kw name="Mouse Over" owner="SeleniumLibrary">
<msg time="2025-12-10T16:20:41.595756" level="INFO">Simulating Mouse Over on element '//ul[@class='sub-menu']//li//a[@href='TrangTinNghiepVuThuVien.aspx'][contains(text(),'Nghiệp vụ thư viện')]'.</msg>
<arg>${SUBMENU_BUSINESS_OPERATIONS}</arg>
<doc>Simulates hovering the mouse over the element ``locator``.</doc>
<status status="PASS" start="2025-12-10T16:20:41.595053" elapsed="0.296054"/>
</kw>
<kw name="Sleep" owner="BuiltIn">
<msg time="2025-12-10T16:20:46.900484" level="INFO">Slept 5 seconds.</msg>
<arg>${DEFAULT_TIMEOUT}</arg>
<doc>Pauses the test executed for the given time.</doc>
<status status="PASS" start="2025-12-10T16:20:41.897811" elapsed="5.002913"/>
</kw>
<status status="PASS" start="2025-12-10T16:20:41.543749" elapsed="5.360103"/>
</kw>
<status status="PASS" start="2025-12-10T16:20:30.842871" elapsed="16.062322"/>
</test>
<test id="s1-s2-s4-t2" name="TC017 - Kiểm tra điều hướng sang &quot;Văn bản quy phạm pháp luật&quot;" line="18">
<kw name="Open Basic Browser With Chrome" owner="browser_config" type="SETUP">
<kw name="Open Browser" owner="SeleniumLibrary">
<msg time="2025-12-10T16:20:46.942882" level="INFO">Opening browser 'chrome' to base url 'https://lib.qnu.edu.vn/'.</msg>
<arg>${BASE_URL}</arg>
<arg>${BROWSER_CHROME}</arg>
<doc>Opens a new browser instance to the optional ``url``.</doc>
<status status="PASS" start="2025-12-10T16:20:46.942248" elapsed="5.114984"/>
</kw>
<kw name="Maximize Browser Window" owner="SeleniumLibrary">
<doc>Maximizes current browser window.</doc>
<status status="PASS" start="2025-12-10T16:20:52.059884" elapsed="0.077545"/>
</kw>
<kw name="Wait Until Element Is Visible" owner="SeleniumLibrary">
<arg>${NAGIVATION_HOME}</arg>
<arg>${DEFAULT_TIMEOUT}</arg>
<doc>Waits until the element ``locator`` is visible.</doc>
<status status="PASS" start="2025-12-10T16:20:52.138448" elapsed="0.050504"/>
</kw>
<kw name="Click Element" owner="SeleniumLibrary">
<msg time="2025-12-10T16:20:52.190784" level="INFO">Clicking element '//ul[@id='navigation']//li//a[@href='Index.aspx']'.</msg>
<arg>${NAGIVATION_HOME}</arg>
<doc>Click the element identified by ``locator``.</doc>
<status status="PASS" start="2025-12-10T16:20:52.189888" elapsed="1.564709"/>
</kw>
<status status="PASS" start="2025-12-10T16:20:46.941472" elapsed="6.815380"/>
</kw>
<kw name="Check Nagivation Business" owner="menu_keywords">
<kw name="Wait Until Element Is Visible" owner="SeleniumLibrary">
<arg>${NAGIVATION_BUSINESS}</arg>
<arg>${DEFAULT_TIMEOUT}</arg>
<doc>Waits until the element ``locator`` is visible.</doc>
<status status="PASS" start="2025-12-10T16:20:53.759703" elapsed="0.041313"/>
</kw>
<kw name="Mouse Over" owner="SeleniumLibrary">
<msg time="2025-12-10T16:20:53.802767" level="INFO">Simulating Mouse Over on element '//ul[@id='navigation']//li//a[@href='#']//span[contains(text(),'Nghiệp vụ')]'.</msg>
<arg>${NAGIVATION_BUSINESS}</arg>
<doc>Simulates hovering the mouse over the element ``locator``.</doc>
<status status="PASS" start="2025-12-10T16:20:53.801982" elapsed="0.316763"/>
</kw>
<kw name="Sleep" owner="BuiltIn">
<msg time="2025-12-10T16:20:59.122458" level="INFO">Slept 5 seconds.</msg>
<arg>${DEFAULT_TIMEOUT}</arg>
<doc>Pauses the test executed for the given time.</doc>
<status status="PASS" start="2025-12-10T16:20:54.121506" elapsed="5.001283"/>
</kw>
<status status="PASS" start="2025-12-10T16:20:53.758547" elapsed="5.369583"/>
</kw>
<kw name="Check Submenu Business Legal" owner="menu_keywords">
<kw name="Wait Until Element Is Visible" owner="SeleniumLibrary">
<arg>${SUBMENU_BUSINESS_LEGAL}</arg>
<arg>${DEFAULT_TIMEOUT}</arg>
<doc>Waits until the element ``locator`` is visible.</doc>
<status status="PASS" start="2025-12-10T16:20:59.132357" elapsed="0.047278"/>
</kw>
<kw name="Mouse Over" owner="SeleniumLibrary">
<msg time="2025-12-10T16:20:59.181411" level="INFO">Simulating Mouse Over on element '//ul[@class='sub-menu']//li//a[@href='TrangTinVanBanPhapLy.aspx'][contains(text(),'Văn bản quy phạm pháp luật')]'.</msg>
<arg>${SUBMENU_BUSINESS_LEGAL}</arg>
<doc>Simulates hovering the mouse over the element ``locator``.</doc>
<status status="PASS" start="2025-12-10T16:20:59.180635" elapsed="0.321193"/>
</kw>
<kw name="Sleep" owner="BuiltIn">
<msg time="2025-12-10T16:21:04.508724" level="INFO">Slept 5 seconds.</msg>
<arg>${DEFAULT_TIMEOUT}</arg>
<doc>Pauses the test executed for the given time.</doc>
<status status="PASS" start="2025-12-10T16:20:59.507136" elapsed="5.001933"/>
</kw>
<status status="PASS" start="2025-12-10T16:20:59.130708" elapsed="5.388270"/>
</kw>
<status status="PASS" start="2025-12-10T16:20:46.938525" elapsed="17.582337"/>
</test>
<kw name="Close Browser Web" owner="browser_config" type="TEARDOWN">
<kw name="Close All Browsers" owner="SeleniumLibrary">
<doc>Closes all open browsers and resets the browser cache.</doc>
<status status="PASS" start="2025-12-10T16:21:04.541853" elapsed="4.740585"/>
</kw>
<status status="PASS" start="2025-12-10T16:21:04.540868" elapsed="4.741817"/>
</kw>
<status status="PASS" start="2025-12-10T16:20:30.834667" elapsed="38.448120"/>
</suite>
<suite id="s1-s2-s5" name="Menu Nagivation 5 Pro Ser" source="D:\Code\Testing\RobotFramework\LibQNU\test_cases\2_menu\menu_nagivation_5_pro_ser.robot">
<test id="s1-s2-s5-t1" name="TC018 - Kiểm tra điều hướng sang &quot;Thư mục sách mới&quot;" line="13">
<kw name="Open Basic Browser With Chrome" owner="browser_config" type="SETUP">
<kw name="Open Browser" owner="SeleniumLibrary">
<msg time="2025-12-10T16:21:09.309451" level="INFO">Opening browser 'chrome' to base url 'https://lib.qnu.edu.vn/'.</msg>
<arg>${BASE_URL}</arg>
<arg>${BROWSER_CHROME}</arg>
<doc>Opens a new browser instance to the optional ``url``.</doc>
<status status="PASS" start="2025-12-10T16:21:09.308688" elapsed="3.826397"/>
</kw>
<kw name="Maximize Browser Window" owner="SeleniumLibrary">
<doc>Maximizes current browser window.</doc>
<status status="PASS" start="2025-12-10T16:21:13.136433" elapsed="0.050231"/>
</kw>
<kw name="Wait Until Element Is Visible" owner="SeleniumLibrary">
<arg>${NAGIVATION_HOME}</arg>
<arg>${DEFAULT_TIMEOUT}</arg>
<doc>Waits until the element ``locator`` is visible.</doc>
<status status="PASS" start="2025-12-10T16:21:13.187644" elapsed="0.054093"/>
</kw>
<kw name="Click Element" owner="SeleniumLibrary">
<msg time="2025-12-10T16:21:13.243640" level="INFO">Clicking element '//ul[@id='navigation']//li//a[@href='Index.aspx']'.</msg>
<arg>${NAGIVATION_HOME}</arg>
<doc>Click the element identified by ``locator``.</doc>
<status status="PASS" start="2025-12-10T16:21:13.242685" elapsed="1.693235"/>
</kw>
<status status="PASS" start="2025-12-10T16:21:09.307596" elapsed="5.630916"/>
</kw>
<kw name="Check Nagivation Product Service" owner="menu_keywords">
<kw name="Wait Until Element Is Visible" owner="SeleniumLibrary">
<arg>${NAGIVATION_PROD_SERV}</arg>
<arg>${DEFAULT_TIMEOUT}</arg>
<doc>Waits until the element ``locator`` is visible.</doc>
<status status="PASS" start="2025-12-10T16:21:14.940905" elapsed="0.055570"/>
</kw>
<kw name="Mouse Over" owner="SeleniumLibrary">
<msg time="2025-12-10T16:21:14.998376" level="INFO">Simulating Mouse Over on element '//ul[@id='navigation']//li//a[@href='#']//span[contains(text(),'Sản phẩm - Dịch vụ')]'.</msg>
<arg>${NAGIVATION_PROD_SERV}</arg>
<doc>Simulates hovering the mouse over the element ``locator``.</doc>
<status status="PASS" start="2025-12-10T16:21:14.997342" elapsed="0.324495"/>
</kw>
<kw name="Sleep" owner="BuiltIn">
<msg time="2025-12-10T16:21:20.325521" level="INFO">Slept 5 seconds.</msg>
<arg>${DEFAULT_TIMEOUT}</arg>
<doc>Pauses the test executed for the given time.</doc>
<status status="PASS" start="2025-12-10T16:21:15.324523" elapsed="5.001319"/>
</kw>
<status status="PASS" start="2025-12-10T16:21:14.939957" elapsed="5.388464"/>
</kw>
<kw name="Check Submenu Product Service New Book" owner="menu_keywords">
<kw name="Wait Until Element Is Visible" owner="SeleniumLibrary">
<arg>${SUBMENU_PRODUCTS_SERVICES_NEW_BOOK}</arg>
<arg>${DEFAULT_TIMEOUT}</arg>
<doc>Waits until the element ``locator`` is visible.</doc>
<status status="PASS" start="2025-12-10T16:21:20.330814" elapsed="0.057378"/>
</kw>
<kw name="Click Element" owner="SeleniumLibrary">
<msg time="2025-12-10T16:21:20.390127" level="INFO">Clicking element '//ul[@class='sub-menu']//a[contains(text(),'Thư mục sách mới')]'.</msg>
<arg>${SUBMENU_PRODUCTS_SERVICES_NEW_BOOK}</arg>
<doc>Click the element identified by ``locator``.</doc>
<status status="PASS" start="2025-12-10T16:21:20.389182" elapsed="1.470546"/>
</kw>
<kw name="Sleep" owner="BuiltIn">
<msg time="2025-12-10T16:21:26.863305" level="INFO">Slept 5 seconds.</msg>
<arg>${DEFAULT_TIMEOUT}</arg>
<doc>Pauses the test executed for the given time.</doc>
<status status="PASS" start="2025-12-10T16:21:21.861810" elapsed="5.001843"/>
</kw>
<status status="PASS" start="2025-12-10T16:21:20.329780" elapsed="6.540839"/>
</kw>
<status status="PASS" start="2025-12-10T16:21:09.303149" elapsed="17.571208"/>
</test>
<test id="s1-s2-s5-t2" name="TC019 - Kiểm tra điều hướng sang &quot;Dich vụ mượn về nhà&quot;" line="18">
<kw name="Open Basic Browser With Chrome" owner="browser_config" type="SETUP">
<kw name="Open Browser" owner="SeleniumLibrary">
[...]
<status status="PASS" start="2025-12-10T16:35:15.439167" elapsed="0.039862"/>
</kw>
<kw name="Should Be Equal As Strings" owner="BuiltIn">
<arg>${compore_txt_email}</arg>
<arg>${EMPTY}</arg>
<doc>Fails if objects are unequal after converting them to strings.</doc>
<status status="PASS" start="2025-12-10T16:35:15.481643" elapsed="0.002197"/>
</kw>
<status status="PASS" start="2025-12-10T16:35:15.438559" elapsed="0.045855"/>
</kw>
<kw name="Compore Text Title" owner="comment_keywords">
<kw name="Get Text" owner="SeleniumLibrary">
<msg time="2025-12-10T16:35:15.530744" level="INFO">${compore_txt_title} = </msg>
<var>${compore_txt_title}</var>
<arg>${TXT_TITLE}</arg>
<doc>Returns the text value of the element identified by ``locator``.</doc>
<status status="PASS" start="2025-12-10T16:35:15.486010" elapsed="0.044953"/>
</kw>
<kw name="Should Be Equal As Strings" owner="BuiltIn">
<arg>${compore_txt_title}</arg>
<arg>${EMPTY}</arg>
<doc>Fails if objects are unequal after converting them to strings.</doc>
<status status="PASS" start="2025-12-10T16:35:15.533288" elapsed="0.002068"/>
</kw>
<status status="PASS" start="2025-12-10T16:35:15.485198" elapsed="0.051072"/>
</kw>
<kw name="Compore Text Content" owner="comment_keywords">
<kw name="Sleep" owner="BuiltIn">
<msg time="2025-12-10T16:35:20.539864" level="INFO">Slept 5 seconds.</msg>
<arg>${DEFAULT_TIMEOUT}</arg>
<doc>Pauses the test executed for the given time.</doc>
<status status="PASS" start="2025-12-10T16:35:15.538347" elapsed="5.001766"/>
</kw>
<kw name="Clear Element Text" owner="SeleniumLibrary">
<arg>${TXT_CONTENT}</arg>
<doc>Clears the value of the text-input-element identified by ``locator``.</doc>
<status status="PASS" start="2025-12-10T16:35:20.547857" elapsed="0.099509"/>
</kw>
<kw name="Get Text" owner="SeleniumLibrary">
<msg time="2025-12-10T16:35:20.681333" level="INFO">${compore_txt_content} = Hiện tại tài liệu trong web thư viện không tải được, em mong bên thư viện sớm sửa lỗi này.</msg>
<var>${compore_txt_content}</var>
<arg>${TXT_CONTENT}</arg>
<doc>Returns the text value of the element identified by ``locator``.</doc>
<status status="PASS" start="2025-12-10T16:35:20.647873" elapsed="0.033633"/>
</kw>
<kw name="Should Be Equal" owner="BuiltIn">
<msg time="2025-12-10T16:35:20.686084" level="FAIL">Hiện tại tài liệu trong web thư viện không tải được, em mong bên thư viện sớm sửa lỗi này. != </msg>
<arg>${compore_txt_content}</arg>
<arg>${EMPTY}</arg>
<doc>Fails if the given objects are unequal.</doc>
<status status="FAIL" start="2025-12-10T16:35:20.683955" elapsed="0.002403">Hiện tại tài liệu trong web thư viện không tải được, em mong bên thư viện sớm sửa lỗi này. != </status>
</kw>
<status status="FAIL" start="2025-12-10T16:35:15.537078" elapsed="5.151516">Hiện tại tài liệu trong web thư viện không tải được, em mong bên thư viện sớm sửa lỗi này. != </status>
</kw>
<arg>data_cmt_name=Cao Nguyễn Xuân Huy</arg>
<arg>data_cmt_cardNum=4451190019</arg>
<arg>data_cmt_email=huycao1506@gmail.com</arg>
<arg>data_cmt_title=Tải tài liệu</arg>
<arg>data_cmt_content=Hiện tại tài liệu trong web thư viện không tải được, em mong bên thư viện sớm sửa lỗi này.</arg>
<status status="FAIL" start="2025-12-10T16:35:08.374353" elapsed="12.314925">Hiện tại tài liệu trong web thư viện không tải được, em mong bên thư viện sớm sửa lỗi này. != </status>
</kw>
<status status="FAIL" start="2025-12-10T16:35:02.107375" elapsed="18.583247">Hiện tại tài liệu trong web thư viện không tải được, em mong bên thư viện sớm sửa lỗi này. != </status>
</test>
<kw name="Close Browser Web" owner="browser_config" type="TEARDOWN">
<kw name="Close All Browsers" owner="SeleniumLibrary">
<doc>Closes all open browsers and resets the browser cache.</doc>
<status status="PASS" start="2025-12-10T16:35:20.713097" elapsed="2.322113"/>
</kw>
<status status="PASS" start="2025-12-10T16:35:20.709699" elapsed="2.325774"/>
</kw>
<status status="FAIL" start="2025-12-10T16:35:02.074491" elapsed="20.961111"/>
</suite>
<suite id="s1-s8-s3" name="Comment Send Cmt" source="D:\Code\Testing\RobotFramework\LibQNU\test_cases\8_comment\comment_send_cmt.robot">
<test id="s1-s8-s3-t1" name="TC057 - Xác minh chức năng gửi góp ý" line="15">
<kw name="Go To Comment Web" owner="comment_keywords" type="SETUP">
<kw name="Open Basic Browser With Chrome" owner="browser_config">
<kw name="Open Browser" owner="SeleniumLibrary">
<msg time="2025-12-10T16:35:23.083718" level="INFO">Opening browser 'chrome' to base url 'https://lib.qnu.edu.vn/'.</msg>
<arg>${BASE_URL}</arg>
<arg>${BROWSER_CHROME}</arg>
<doc>Opens a new browser instance to the optional ``url``.</doc>
<status status="PASS" start="2025-12-10T16:35:23.083446" elapsed="4.440295"/>
</kw>
<kw name="Maximize Browser Window" owner="SeleniumLibrary">
<doc>Maximizes current browser window.</doc>
<status status="PASS" start="2025-12-10T16:35:27.525914" elapsed="0.049398"/>
</kw>
<kw name="Wait Until Element Is Visible" owner="SeleniumLibrary">
<arg>${NAGIVATION_HOME}</arg>
<arg>${DEFAULT_TIMEOUT}</arg>
<doc>Waits until the element ``locator`` is visible.</doc>
<status status="PASS" start="2025-12-10T16:35:27.576344" elapsed="0.057740"/>
</kw>
<kw name="Click Element" owner="SeleniumLibrary">
<msg time="2025-12-10T16:35:27.635727" level="INFO">Clicking element '//ul[@id='navigation']//li//a[@href='Index.aspx']'.</msg>
<arg>${NAGIVATION_HOME}</arg>
<doc>Click the element identified by ``locator``.</doc>
<status status="PASS" start="2025-12-10T16:35:27.635033" elapsed="1.465545"/>
</kw>
<status status="PASS" start="2025-12-10T16:35:23.082675" elapsed="6.020511"/>
</kw>
<kw name="Wait Until Element Is Visible" owner="SeleniumLibrary">
<arg>${BTN_WEB_LOGIN}</arg>
<arg>${DEFAULT_TIMEOUT}</arg>
<doc>Waits until the element ``locator`` is visible.</doc>
<status status="PASS" start="2025-12-10T16:35:29.103985" elapsed="0.028635"/>
</kw>
<kw name="Click Element" owner="SeleniumLibrary">
<msg time="2025-12-10T16:35:29.134243" level="INFO">Clicking element '//ul[@id='navigation']//li//a[@href='dangnhap.aspx']'.</msg>
<arg>${BTN_WEB_LOGIN}</arg>
<doc>Click the element identified by ``locator``.</doc>
<status status="PASS" start="2025-12-10T16:35:29.133524" elapsed="0.208299"/>
</kw>
<kw name="Wait Until Element Is Visible" owner="SeleniumLibrary">
<arg>${COMMENT_URL}</arg>
<arg>${DEFAULT_TIMEOUT}</arg>
<doc>Waits until the element ``locator`` is visible.</doc>
<status status="PASS" start="2025-12-10T16:35:29.344078" elapsed="0.338180"/>
</kw>
<kw name="Click Element" owner="SeleniumLibrary">
<msg time="2025-12-10T16:35:29.683985" level="INFO">Clicking element '//ul[@id='navigation']//li//a[@href='GopY.aspx']'.</msg>
<arg>${COMMENT_URL}</arg>
<doc>Click the element identified by ``locator``.</doc>
<status status="PASS" start="2025-12-10T16:35:29.683265" elapsed="0.358001"/>
</kw>
<status status="PASS" start="2025-12-10T16:35:23.082021" elapsed="6.961422"/>
</kw>
<kw name="Send Comment">
<kw name="Input Name" owner="comment_keywords">
<kw name="Wait Until Element Is Visible" owner="SeleniumLibrary">
<arg>${TXT_NAME}</arg>
<arg>${DEFAULT_TIMEOUT}</arg>
<doc>Waits until the element ``locator`` is visible.</doc>
<status status="PASS" start="2025-12-10T16:35:30.047897" elapsed="0.036127"/>
</kw>
<kw name="Input Text" owner="SeleniumLibrary">
<msg time="2025-12-10T16:35:30.085673" level="INFO">Typing text 'Cao Nguyễn Xuân Huy' into text field '//input[@id='ctl00_phContent_txtFullName']'.</msg>
<arg>${TXT_NAME}</arg>
<arg>${data_cmt_name}</arg>
<doc>Types the given ``text`` into the text field identified by ``locator``.</doc>
<status status="PASS" start="2025-12-10T16:35:30.084880" elapsed="0.223515"/>
</kw>
<arg>${data_cmt_name}</arg>
<status status="PASS" start="2025-12-10T16:35:30.046845" elapsed="0.266683"/>
</kw>
<kw name="Input CardNum" owner="comment_keywords">
<kw name="Wait Until Element Is Visible" owner="SeleniumLibrary">
<arg>${TXT_CARDNUM}</arg>
<arg>${DEFAULT_TIMEOUT}</arg>
<doc>Waits until the element ``locator`` is visible.</doc>
<status status="PASS" start="2025-12-10T16:35:30.315669" elapsed="0.049741"/>
</kw>
<kw name="Input Text" owner="SeleniumLibrary">
<msg time="2025-12-10T16:35:30.367286" level="INFO">Typing text '4451190019' into text field '//input[@id='ctl00_phContent_txtCardNumber']'.</msg>
<arg>${TXT_CARDNUM}</arg>
<arg>${data_cmt_cardNum}</arg>
<doc>Types the given ``text`` into the text field identified by ``locator``.</doc>
<status status="PASS" start="2025-12-10T16:35:30.366421" elapsed="0.237013"/>
</kw>
<arg>${data_cmt_cardNum}</arg>
<status status="PASS" start="2025-12-10T16:35:30.314546" elapsed="0.290340"/>
</kw>
<kw name="Input Email" owner="comment_keywords">
<kw name="Wait Until Element Is Visible" owner="SeleniumLibrary">
<arg>${TXT_EMAIL}</arg>
<arg>${DEFAULT_TIMEOUT}</arg>
<doc>Waits until the element ``locator`` is visible.</doc>
<status status="PASS" start="2025-12-10T16:35:30.606500" elapsed="0.038273"/>
</kw>
<kw name="Input Text" owner="SeleniumLibrary">
<msg time="2025-12-10T16:35:30.646470" level="INFO">Typing text 'huycao1506@gmail.com' into text field '//input[@id='ctl00_phContent_txtEmailAddress']'.</msg>
<arg>${TXT_EMAIL}</arg>
<arg>${data_cmt_email}</arg>
<doc>Types the given ``text`` into the text field identified by ``locator``.</doc>
<status status="PASS" start="2025-12-10T16:35:30.645640" elapsed="0.209477"/>
</kw>
<arg>${data_cmt_email}</arg>
<status status="PASS" start="2025-12-10T16:35:30.605536" elapsed="0.262806"/>
</kw>
<kw name="Input Title" owner="comment_keywords">
<kw name="Wait Until Element Is Visible" owner="SeleniumLibrary">
<arg>${TXT_TITLE}</arg>
<arg>${DEFAULT_TIMEOUT}</arg>
<doc>Waits until the element ``locator`` is visible.</doc>
<status status="PASS" start="2025-12-10T16:35:30.870434" elapsed="0.038904"/>
</kw>
<kw name="Input Text" owner="SeleniumLibrary">
<msg time="2025-12-10T16:35:30.911379" level="INFO">Typing text 'Tải tài liệu' into text field '//input[@id='ctl00_phContent_txtTitle']'.</msg>
<arg>${TXT_TITLE}</arg>
<arg>${data_cmt_title}</arg>
<doc>Types the given ``text`` into the text field identified by ``locator``.</doc>
<status status="PASS" start="2025-12-10T16:35:30.910364" elapsed="0.198277"/>
</kw>
<arg>${data_cmt_title}</arg>
<status status="PASS" start="2025-12-10T16:35:30.869345" elapsed="0.240827"/>
</kw>
<kw name="Input Content" owner="comment_keywords">
<kw name="Wait Until Element Is Visible" owner="SeleniumLibrary">
<arg>${TXT_CONTENT}</arg>
<arg>${DEFAULT_TIMEOUT}</arg>
<doc>Waits until the element ``locator`` is visible.</doc>
<status status="PASS" start="2025-12-10T16:35:31.111365" elapsed="0.029250"/>
</kw>
<kw name="Input Text" owner="SeleniumLibrary">
<msg time="2025-12-10T16:35:31.142549" level="INFO">Typing text 'Hiện tại tài liệu trong web thư viện không tải được, em mong bên thư viện sớm sửa lỗi này.' into text field '//textarea[@id='ctl00_phContent_txtContent']'.</msg>
<arg>${TXT_CONTENT}</arg>
<arg>${data_cmt_content}</arg>
<doc>Types the given ``text`` into the text field identified by ``locator``.</doc>
<status status="PASS" start="2025-12-10T16:35:31.141679" elapsed="0.263391"/>
</kw>
<arg>${data_cmt_content}</arg>
<status status="PASS" start="2025-12-10T16:35:31.110741" elapsed="0.302339"/>
</kw>
<kw name="Click Send Button" owner="comment_keywords">
<kw name="Wait Until Element Is Visible" owner="SeleniumLibrary">
<arg>${BTN_SEND}</arg>
<arg>${DEFAULT_TIMEOUT}</arg>
<doc>Waits until the element ``locator`` is visible.</doc>
<status status="PASS" start="2025-12-10T16:35:31.415132" elapsed="0.034472"/>
</kw>
<kw name="Click Button" owner="SeleniumLibrary">
<msg time="2025-12-10T16:35:31.450672" level="INFO">Clicking button '//input[@id='ctl00_phContent_btnSend']'.</msg>
<arg>${BTN_SEND}</arg>
<doc>Clicks the button identified by ``locator``.</doc>
<status status="PASS" start="2025-12-10T16:35:31.450191" elapsed="43.063336"/>
</kw>
<kw name="Sleep" owner="BuiltIn">
<msg time="2025-12-10T16:36:19.516376" level="INFO">Slept 5 seconds.</msg>
<arg>${DEFAULT_TIMEOUT}</arg>
<doc>Pauses the test executed for the given time.</doc>
<status status="PASS" start="2025-12-10T16:36:14.514892" elapsed="5.001813"/>
</kw>
<status status="PASS" start="2025-12-10T16:35:31.414208" elapsed="48.111154"/>
</kw>
<kw name="Get Alert Comment" owner="comment_keywords">
<kw name="Handle Alert" owner="SeleniumLibrary">
<msg time="2025-12-10T16:36:19.529935" level="INFO">HANDLE::&lt;class 'datetime.timedelta'&gt;::0:00:02</msg>
<msg time="2025-12-10T16:36:19.540794" level="INFO">${MSG_ALERT_COMMENT} = Không thực hiện được việc gửi thư  do lỗi:  </msg>
<var>${MSG_ALERT_COMMENT}</var>
<arg>action=ACCEPT</arg>
<arg>timeout=2s</arg>
<doc>Handles the current alert and returns its message.</doc>
<status status="PASS" start="2025-12-10T16:36:19.529048" elapsed="0.011938"/>
</kw>
<kw name="Should Be Equal" owner="BuiltIn">
<arg>${MSG_ALERT_COMMENT}</arg>
<arg>${msg_alert_cmt_conten}</arg>
<arg>collapse_spaces=True</arg>
<doc>Fails if the given objects are unequal.</doc>
<status status="PASS" start="2025-12-10T16:36:19.546132" elapsed="0.001146"/>
</kw>
<kw name="Sleep" owner="BuiltIn">
<msg time="2025-12-10T16:36:24.550044" level="INFO">Slept 5 seconds.</msg>
<arg>${DEFAULT_TIMEOUT}</arg>
<doc>Pauses the test executed for the given time.</doc>
<status status="PASS" start="2025-12-10T16:36:19.548501" elapsed="5.001867"/>
</kw>
<arg>${msg_alert_cmt_content}</arg>
<status status="PASS" start="2025-12-10T16:36:19.526878" elapsed="5.028760"/>
</kw>
<arg>data_cmt_name=Cao Nguyễn Xuân Huy</arg>
<arg>data_cmt_cardNum=4451190019</arg>
<arg>data_cmt_email=huycao1506@gmail.com</arg>
<arg>data_cmt_title=Tải tài liệu</arg>
<arg>data_cmt_content=Hiện tại tài liệu trong web thư viện không tải được, em mong bên thư viện sớm sửa lỗi này.</arg>
<arg>msg_alert_cmt_content=Không thực hiện được việc gửi thư  do lỗi: </arg>
<status status="PASS" start="2025-12-10T16:35:30.045476" elapsed="54.510830"/>
</kw>
<status status="PASS" start="2025-12-10T16:35:23.080179" elapsed="61.478017"/>
</test>
<kw name="Close Browser Web" owner="browser_config" type="TEARDOWN">
<kw name="Close All Browsers" owner="SeleniumLibrary">
<doc>Closes all open browsers and resets the browser cache.</doc>
<status status="PASS" start="2025-12-10T16:36:24.576341" elapsed="2.262698"/>
</kw>
<status status="PASS" start="2025-12-10T16:36:24.575353" elapsed="2.264125"/>
</kw>
<status status="PASS" start="2025-12-10T16:35:23.045750" elapsed="63.793907"/>
</suite>
<status status="FAIL" start="2025-12-10T16:34:48.121651" elapsed="98.723346"/>
</suite>
<status status="FAIL" start="2025-12-10T16:15:09.799124" elapsed="1277.048450"/>
</suite>
<statistics>
<total>
<stat pass="53" fail="4" skip="0">All Tests</stat>
</total>
<tag>
</tag>
<suite>
<stat name="Test Cases" id="s1" pass="53" fail="4" skip="0">Test Cases</stat>
<stat name="1 Interface" id="s1-s1" pass="1" fail="0" skip="0">Test Cases.1 Interface</stat>
<stat name="Interface Browser" id="s1-s1-s1" pass="1" fail="0" skip="0">Test Cases.1 Interface.Interface Browser</stat>
<stat name="2 Menu" id="s1-s2" pass="28" fail="0" skip="0">Test Cases.2 Menu</stat>
<stat name="Menu Nagivation 1 Introduce" id="s1-s2-s1" pass="9" fail="0" skip="0">Test Cases.2 Menu.Menu Nagivation 1 Introduce</stat>
<stat name="Menu Nagivation 2 News" id="s1-s2-s2" pass="3" fail="0" skip="0">Test Cases.2 Menu.Menu Nagivation 2 News</stat>
<stat name="Menu Nagivation 3 Search" id="s1-s2-s3" pass="2" fail="0" skip="0">Test Cases.2 Menu.Menu Nagivation 3 Search</stat>
<stat name="Menu Nagivation 4 Business" id="s1-s2-s4" pass="2" fail="0" skip="0">Test Cases.2 Menu.Menu Nagivation 4 Business</stat>
<stat name="Menu Nagivation 5 Pro Ser" id="s1-s2-s5" pass="7" fail="0" skip="0">Test Cases.2 Menu.Menu Nagivation 5 Pro Ser</stat>
<stat name="Menu Nagivation 6 Help" id="s1-s2-s6" pass="3" fail="0" skip="0">Test Cases.2 Menu.Menu Nagivation 6 Help</stat>
<stat name="Menu Nagivation 7 Contact" id="s1-s2-s7" pass="1" fail="0" skip="0">Test Cases.2 Menu.Menu Nagivation 7 Contact</stat>
<stat name="Menu Nagivation 8 Login" id="s1-s2-s8" pass="1" fail="0" skip="0">Test Cases.2 Menu.Menu Nagivation 8 Login</stat>
<stat name="3 Login Logout" id="s1-s3" pass="6" fail="1" skip="0">Test Cases.3 Login Logout</stat>
<stat name="Login Invalid" id="s1-s3-s1" pass="4" fail="1" skip="0">Test Cases.3 Login Logout.Login Invalid</stat>
<stat name="Login Valid" id="s1-s3-s2" pass="1" fail="0" skip="0">Test Cases.3 Login Logout.Login Valid</stat>
<stat name="Logout" id="s1-s3-s3" pass="1" fail="0" skip="0">Test Cases.3 Login Logout.Logout</stat>
<stat name="4 Person Info" id="s1-s4" pass="9" fail="2" skip="0">Test Cases.4 Person Info</stat>
<stat name="Person Info 1 Without Password" id="s1-s4-s1" pass="4" fail="0" skip="0">Test Cases.4 Person Info.Person Info 1 Without Password</stat>
<stat name="Person Info 2 With Password" id="s1-s4-s2" pass="1" fail="1" skip="0">Test Cases.4 Person Info.Person Info 2 With Password</stat>
<stat name="Person Info 3 Condition Email" id="s1-s4-s3" pass="2" fail="0" skip="0">Test Cases.4 Person Info.Person Info 3 Condition Email</stat>
<stat name="Person Info 4 Condition Password" id="s1-s4-s4" pass="1" fail="1" skip="0">Test Cases.4 Person Info.Person Info 4 Condition Password</stat>
<stat name="Person Info 5 Refresh" id="s1-s4-s5" pass="1" fail="0" skip="0">Test Cases.4 Person Info.Person Info 5 Refresh</stat>
<stat name="5 Search Document" id="s1-s5" pass="5" fail="0" skip="0">Test Cases.5 Search Document</stat>
<stat name="Search Document 1 Digital" id="s1-s5-s1" pass="1" fail="0" skip="0">Test Cases.5 Search Document.Search Document 1 Digital</stat>
<stat name="Search Document 2 Traditional" id="s1-s5-s2" pass="1" fail="0" skip="0">Test Cases.5 Search Document.Search Document 2 Traditional</stat>
<stat name="Search Document 3 With Invalid Data" id="s1-s5-s3" pass="1" fail="0" skip="0">Test Cases.5 Search Document.Search Document 3 With Invalid Data</stat>
<stat name="Search Document 4 Without Data" id="s1-s5-s4" pass="1" fail="0" skip="0">Test Cases.5 Search Document.Search Document 4 Without Data</stat>
<stat name="Search Document 5 Choose Radio" id="s1-s5-s5" pass="1" fail="0" skip="0">Test Cases.5 Search Document.Search Document 5 Choose Radio</stat>
<stat name="6 View Detail Document" id="s1-s6" pass="1" fail="0" skip="0">Test Cases.6 View Detail Document</stat>
<stat name="View Detail Document Digital" id="s1-s6-s1" pass="1" fail="0" skip="0">Test Cases.6 View Detail Document.View Detail Document Digital</stat>
<stat name="7 Borrow Request Book" id="s1-s7" pass="1" fail="0" skip="0">Test Cases.7 Borrow Request Book</stat>
<stat name="Borrow Request Document Traditional" id="s1-s7-s1" pass="1" fail="0" skip="0">Test Cases.7 Borrow Request Book.Borrow Request Document Traditional</stat>
<stat name="8 Comment" id="s1-s8" pass="2" fail="1" skip="0">Test Cases.8 Comment</stat>
<stat name="Comment Conditions" id="s1-s8-s1" pass="1" fail="0" skip="0">Test Cases.8 Comment.Comment Conditions</stat>
<stat name="Comment Reset" id="s1-s8-s2" pass="0" fail="1" skip="0">Test Cases.8 Comment.Comment Reset</stat>
<stat name="Comment Send Cmt" id="s1-s8-s3" pass="1" fail="0" skip="0">Test Cases.8 Comment.Comment Send Cmt</stat>
</suite>
</statistics>
<errors>
<msg time="2025-12-10T16:15:10.221991" level="WARN">Imported resource file 'D:\Code\Testing\RobotFramework\LibQNU\variables\interface_variables.robot' is empty.</msg>
<msg time="2025-12-10T16:32:56.091863" level="WARN">Imported resource file 'D:\Code\Testing\RobotFramework\LibQNU\variables\search_document_variables.robot' is empty.</msg>
<msg time="2025-12-10T16:33:59.158193" level="WARN">Imported resource file 'D:\Code\Testing\RobotFramework\LibQNU\variables\view_detail_variables.robot' is empty.</msg>
<msg time="2025-12-10T16:34:25.560635" level="WARN">Imported resource file 'D:\Code\Testing\RobotFramework\LibQNU\variables\borrow_request_book_variables.robot' is empty.</msg>
</errors>
</robot>
