<?xml version="1.0" encoding="UTF-8"?>
<robot generator="Robot 7.3.2 (Python 3.13.0 on win32)" generated="2025-11-30T16:28:12.380552" rpa="false" schemaversion="5">
<suite id="s1" name="Tests" source="D:\Code\Testing\RobotFramework\LibQNU\tests">
<suite id="s1-s1" name="1 Interface" source="D:\Code\Testing\RobotFramework\LibQNU\tests\1_interface">
<suite id="s1-s1-s1" name="Interface Browser" source="D:\Code\Testing\RobotFramework\LibQNU\tests\1_interface\interface_browser.robot">
<test id="s1-s1-s1-t1" name="Open Web With Browsers" line="9">
<kw name="Open Basic Browser With Chrome" owner="browser_config">
<kw name="Open Browser" owner="SeleniumLibrary">
<msg time="2025-11-30T16:28:12.690508" level="INFO">Opening browser 'chrome' to base url 'https://lib.qnu.edu.vn/'.</msg>
<arg>${BASE_URL}</arg>
<arg>${BROWSER_CHROME}</arg>
<doc>Opens a new browser instance to the optional ``url``.</doc>
<status status="PASS" start="2025-11-30T16:28:12.690226" elapsed="6.420441"/>
</kw>
<kw name="Maximize Browser Window" owner="SeleniumLibrary">
<doc>Maximizes current browser window.</doc>
<status status="PASS" start="2025-11-30T16:28:19.112820" elapsed="0.049519"/>
</kw>
<kw name="Wait Until Element Is Visible" owner="SeleniumLibrary">
<arg>${NAGIVATION_HOME}</arg>
<arg>${DEFAULT_TIMEOUT}</arg>
<doc>Waits until the element ``locator`` is visible.</doc>
<status status="PASS" start="2025-11-30T16:28:19.163793" elapsed="0.045474"/>
</kw>
<kw name="Click Element" owner="SeleniumLibrary">
<msg time="2025-11-30T16:28:19.211676" level="INFO">Clicking element '//ul[@id='navigation']//li//a[@href='Index.aspx']'.</msg>
<arg>${NAGIVATION_HOME}</arg>
<doc>Click the element identified by ``locator``.</doc>
<status status="PASS" start="2025-11-30T16:28:19.210173" elapsed="3.548514"/>
</kw>
<status status="PASS" start="2025-11-30T16:28:12.689658" elapsed="10.070726"/>
</kw>
<kw name="Open Basic Browser With Firefox" owner="browser_config">
<kw name="Open Browser" owner="SeleniumLibrary">
<msg time="2025-11-30T16:28:22.762968" level="INFO">Opening browser 'firefox' to base url 'https://lib.qnu.edu.vn/'.</msg>
<arg>${BASE_URL}</arg>
<arg>${BROWSER_FIREFOX}</arg>
<doc>Opens a new browser instance to the optional ``url``.</doc>
<status status="PASS" start="2025-11-30T16:28:22.762182" elapsed="11.530871"/>
</kw>
<kw name="Maximize Browser Window" owner="SeleniumLibrary">
<doc>Maximizes current browser window.</doc>
<status status="PASS" start="2025-11-30T16:28:34.295884" elapsed="0.277213"/>
</kw>
<status status="PASS" start="2025-11-30T16:28:22.761285" elapsed="11.812744"/>
</kw>
<kw name="Open Basic Browser With Edge" owner="browser_config">
<kw name="Open Browser" owner="SeleniumLibrary">
<msg time="2025-11-30T16:28:34.579237" level="INFO">Opening browser 'edge' to base url 'https://lib.qnu.edu.vn/'.</msg>
<msg time="2025-11-30T16:28:36.501501" level="WARN">The msedgedriver version (141.0.3537.57) detected in PATH at D:\Code\env\ROBOT_FRAME\selenium\webdriver\msedgedriver.exe might not be compatible with the detected MicrosoftEdge version (142.0.3595.94); currently, msedgedriver 142.0.3595.94 is recommended for MicrosoftEdge 142.*, so it is advised to delete the driver in PATH and retry</msg>
<arg>${BASE_URL}</arg>
<arg>${BROWSER_EDGE}</arg>
<doc>Opens a new browser instance to the optional ``url``.</doc>
<status status="PASS" start="2025-11-30T16:28:34.578094" elapsed="5.996513"/>
</kw>
<kw name="Maximize Browser Window" owner="SeleniumLibrary">
<doc>Maximizes current browser window.</doc>
<status status="PASS" start="2025-11-30T16:28:40.577495" elapsed="0.058333"/>
</kw>
<status status="PASS" start="2025-11-30T16:28:34.575862" elapsed="6.060607"/>
</kw>
<kw name="Close Browser Web" owner="browser_config">
<kw name="Close All Browsers" owner="SeleniumLibrary">
<doc>Closes all open browsers and resets the browser cache.</doc>
<status status="PASS" start="2025-11-30T16:28:40.638795" elapsed="9.597281"/>
</kw>
<status status="PASS" start="2025-11-30T16:28:40.637772" elapsed="9.598785"/>
</kw>
<status status="PASS" start="2025-11-30T16:28:12.688413" elapsed="37.548847"/>
</test>
<status status="PASS" start="2025-11-30T16:28:12.470297" elapsed="37.773338"/>
</suite>
<status status="PASS" start="2025-11-30T16:28:12.468924" elapsed="37.779077"/>
</suite>
<suite id="s1-s2" name="2 Menu" source="D:\Code\Testing\RobotFramework\LibQNU\tests\2_menu">
<suite id="s1-s2-s1" name="Menu Nagivation 1 Introduce" source="D:\Code\Testing\RobotFramework\LibQNU\tests\2_menu\menu_nagivation_1_introduce.robot">
<test id="s1-s2-s1-t1" name="Check Submenu Introduce History In Introduce Navigation" line="12">
<kw name="Open Basic Browser With Chrome" owner="browser_config" type="SETUP">
<kw name="Open Browser" owner="SeleniumLibrary">
<msg time="2025-11-30T16:28:50.274219" level="INFO">Opening browser 'chrome' to base url 'https://lib.qnu.edu.vn/'.</msg>
<arg>${BASE_URL}</arg>
<arg>${BROWSER_CHROME}</arg>
<doc>Opens a new browser instance to the optional ``url``.</doc>
<status status="PASS" start="2025-11-30T16:28:50.273991" elapsed="3.299959"/>
</kw>
<kw name="Maximize Browser Window" owner="SeleniumLibrary">
<doc>Maximizes current browser window.</doc>
<status status="PASS" start="2025-11-30T16:28:53.574784" elapsed="0.049466"/>
</kw>
<kw name="Wait Until Element Is Visible" owner="SeleniumLibrary">
<arg>${NAGIVATION_HOME}</arg>
<arg>${DEFAULT_TIMEOUT}</arg>
<doc>Waits until the element ``locator`` is visible.</doc>
<status status="PASS" start="2025-11-30T16:28:53.625166" elapsed="0.039108"/>
</kw>
<kw name="Click Element" owner="SeleniumLibrary">
<msg time="2025-11-30T16:28:53.665746" level="INFO">Clicking element '//ul[@id='navigation']//li//a[@href='Index.aspx']'.</msg>
<arg>${NAGIVATION_HOME}</arg>
<doc>Click the element identified by ``locator``.</doc>
<status status="PASS" start="2025-11-30T16:28:53.665071" elapsed="3.831825"/>
</kw>
<status status="PASS" start="2025-11-30T16:28:50.273682" elapsed="7.226060"/>
</kw>
<kw name="Check Nagivation Introduce" owner="menu_keywords">
<kw name="Wait Until Element Is Visible" owner="SeleniumLibrary">
<arg>${NAGIVATION_INTRODUCE}</arg>
<arg>${DEFAULT_TIMEOUT}</arg>
<doc>Waits until the element ``locator`` is visible.</doc>
<status status="PASS" start="2025-11-30T16:28:57.502152" elapsed="0.034003"/>
</kw>
<kw name="Mouse Over" owner="SeleniumLibrary">
<msg time="2025-11-30T16:28:57.537933" level="INFO">Simulating Mouse Over on element '//ul[@id='navigation']//li//a[@href='#']//span[contains(text(),'Giới thiệu')]'.</msg>
<arg>${NAGIVATION_INTRODUCE}</arg>
<doc>Simulates hovering the mouse over the element ``locator``.</doc>
<status status="PASS" start="2025-11-30T16:28:57.537219" elapsed="0.301787"/>
</kw>
<kw name="Sleep" owner="BuiltIn">
<msg time="2025-11-30T16:29:02.843824" level="INFO">Slept 5 seconds.</msg>
<arg>${DEFAULT_TIMEOUT}</arg>
<doc>Pauses the test executed for the given time.</doc>
<status status="PASS" start="2025-11-30T16:28:57.841899" elapsed="5.002471"/>
</kw>
<status status="PASS" start="2025-11-30T16:28:57.501168" elapsed="5.346878"/>
</kw>
<kw name="Check Submenu Introduce History" owner="menu_keywords">
<kw name="Wait Until Element Is Visible" owner="SeleniumLibrary">
<arg>${SUBMENU_INTRODUCE_HISTORY}</arg>
<arg>${DEFAULT_TIMEOUT}</arg>
<doc>Waits until the element ``locator`` is visible.</doc>
<status status="PASS" start="2025-11-30T16:29:02.852703" elapsed="0.054403"/>
</kw>
<kw name="Click Element" owner="SeleniumLibrary">
<msg time="2025-11-30T16:29:02.908822" level="INFO">Clicking element '//ul[@class='sub-menu']//a[contains(text(),'Lịch sử phát triển')]'.</msg>
<arg>${SUBMENU_INTRODUCE_HISTORY}</arg>
<doc>Click the element identified by ``locator``.</doc>
<status status="PASS" start="2025-11-30T16:29:02.908023" elapsed="0.824789"/>
</kw>
<kw name="Wait Until Location Contains" owner="SeleniumLibrary">
<arg>/TrangTinGioiThieuChiTiet.aspx?id=1</arg>
<arg>${DEFAULT_TIMEOUT}</arg>
<doc>Waits until the current URL contains ``expected``.</doc>
<status status="PASS" start="2025-11-30T16:29:03.734694" elapsed="0.008865"/>
</kw>
<kw name="Get Location" owner="SeleniumLibrary">
<msg time="2025-11-30T16:29:03.755478" level="INFO">${current_url} = https://lib.qnu.edu.vn/TrangTinGioiThieuChiTiet.aspx?id=1</msg>
<var>${current_url}</var>
<doc>Returns the current browser window URL.</doc>
<status status="PASS" start="2025-11-30T16:29:03.744658" elapsed="0.010922"/>
</kw>
<kw name="Should Be Equal As Strings" owner="BuiltIn">
<arg>${current_url}</arg>
<arg>${URL_INTRODUCE_HISTORY}</arg>
<doc>Fails if objects are unequal after converting them to strings.</doc>
<status status="PASS" start="2025-11-30T16:29:03.757528" elapsed="0.000846"/>
</kw>
<status status="PASS" start="2025-11-30T16:29:02.850999" elapsed="0.908022"/>
</kw>
<status status="PASS" start="2025-11-30T16:28:50.272784" elapsed="13.487573"/>
</test>
<test id="s1-s2-s1-t2" name="Check Submenu Introduce Business In Introduce Navigation" line="16">
<kw name="Open Basic Browser With Chrome" owner="browser_config" type="SETUP">
<kw name="Open Browser" owner="SeleniumLibrary">
<msg time="2025-11-30T16:29:03.778841" level="INFO">Opening browser 'chrome' to base url 'https://lib.qnu.edu.vn/'.</msg>
<arg>${BASE_URL}</arg>
<arg>${BROWSER_CHROME}</arg>
<doc>Opens a new browser instance to the optional ``url``.</doc>
<status status="PASS" start="2025-11-30T16:29:03.778258" elapsed="8.874979"/>
</kw>
<kw name="Maximize Browser Window" owner="SeleniumLibrary">
<doc>Maximizes current browser window.</doc>
<status status="PASS" start="2025-11-30T16:29:12.654850" elapsed="0.045592"/>
</kw>
<kw name="Wait Until Element Is Visible" owner="SeleniumLibrary">
<arg>${NAGIVATION_HOME}</arg>
<arg>${DEFAULT_TIMEOUT}</arg>
<doc>Waits until the element ``locator`` is visible.</doc>
<status status="PASS" start="2025-11-30T16:29:12.701314" elapsed="0.046359"/>
</kw>
<kw name="Click Element" owner="SeleniumLibrary">
<msg time="2025-11-30T16:29:12.749264" level="INFO">Clicking element '//ul[@id='navigation']//li//a[@href='Index.aspx']'.</msg>
<arg>${NAGIVATION_HOME}</arg>
<doc>Click the element identified by ``locator``.</doc>
<status status="PASS" start="2025-11-30T16:29:12.748569" elapsed="4.834806"/>
</kw>
<status status="PASS" start="2025-11-30T16:29:03.777203" elapsed="13.809109"/>
</kw>
<kw name="Check Nagivation Introduce" owner="menu_keywords">
<kw name="Wait Until Element Is Visible" owner="SeleniumLibrary">
<arg>${NAGIVATION_INTRODUCE}</arg>
<arg>${DEFAULT_TIMEOUT}</arg>
<doc>Waits until the element ``locator`` is visible.</doc>
<status status="PASS" start="2025-11-30T16:29:17.588705" elapsed="0.051780"/>
</kw>
<kw name="Mouse Over" owner="SeleniumLibrary">
<msg time="2025-11-30T16:29:17.641726" level="INFO">Simulating Mouse Over on element '//ul[@id='navigation']//li//a[@href='#']//span[contains(text(),'Giới thiệu')]'.</msg>
<arg>${NAGIVATION_INTRODUCE}</arg>
<doc>Simulates hovering the mouse over the element ``locator``.</doc>
<status status="PASS" start="2025-11-30T16:29:17.641228" elapsed="0.316973"/>
</kw>
<kw name="Sleep" owner="BuiltIn">
<msg time="2025-11-30T16:29:22.962983" level="INFO">Slept 5 seconds.</msg>
<arg>${DEFAULT_TIMEOUT}</arg>
<doc>Pauses the test executed for the given time.</doc>
<status status="PASS" start="2025-11-30T16:29:17.961565" elapsed="5.001728"/>
</kw>
<status status="PASS" start="2025-11-30T16:29:17.587786" elapsed="5.377732"/>
</kw>
<kw name="Check Submenu Introduce Business" owner="menu_keywords">
<kw name="Wait Until Element Is Visible" owner="SeleniumLibrary">
<arg>${SUBMENU_INTRODUCE_BUSINESS}</arg>
<arg>${DEFAULT_TIMEOUT}</arg>
<doc>Waits until the element ``locator`` is visible.</doc>
<status status="PASS" start="2025-11-30T16:29:22.967232" elapsed="0.037052"/>
</kw>
<kw name="Click Element" owner="SeleniumLibrary">
<msg time="2025-11-30T16:29:23.005842" level="INFO">Clicking element '//ul[@class='sub-menu']//a[contains(text(),'Chức năng - Nghiệp vụ')]'.</msg>
<arg>${SUBMENU_INTRODUCE_BUSINESS}</arg>
<doc>Click the element identified by ``locator``.</doc>
<status status="PASS" start="2025-11-30T16:29:23.005146" elapsed="0.811530"/>
</kw>
<kw name="Wait Until Location Contains" owner="SeleniumLibrary">
<arg>/TrangTinGioiThieuChiTiet.aspx?id=4</arg>
<arg>${DEFAULT_TIMEOUT}</arg>
<doc>Waits until the current URL contains ``expected``.</doc>
<status status="PASS" start="2025-11-30T16:29:23.819240" elapsed="0.010360"/>
</kw>
<kw name="Get Location" owner="SeleniumLibrary">
<msg time="2025-11-30T16:29:23.846064" level="INFO">${current_url} = https://lib.qnu.edu.vn/TrangTinGioiThieuChiTiet.aspx?id=4</msg>
<var>${current_url}</var>
<doc>Returns the current browser window URL.</doc>
<status status="PASS" start="2025-11-30T16:29:23.830516" elapsed="0.015672"/>
</kw>
<kw name="Should Be Equal As Strings" owner="BuiltIn">
<arg>${current_url}</arg>
<arg>${URL_INTRODUCE_BUSINESS}</arg>
<doc>Fails if objects are unequal after converting them to strings.</doc>
<status status="PASS" start="2025-11-30T16:29:23.848707" elapsed="0.000894"/>
</kw>
<status status="PASS" start="2025-11-30T16:29:22.966384" elapsed="0.883775"/>
</kw>
<status status="PASS" start="2025-11-30T16:29:03.775727" elapsed="20.075475"/>
</test>
<test id="s1-s2-s1-t3" name="Check Submenu Introduce Organizational Party In Introduce Navigation" line="20">
<kw name="Open Basic Browser With Chrome" owner="browser_config" type="SETUP">
<kw name="Open Browser" owner="SeleniumLibrary">
<msg time="2025-11-30T16:29:23.872313" level="INFO">Opening browser 'chrome' to base url 'https://lib.qnu.edu.vn/'.</msg>
<arg>${BASE_URL}</arg>
<arg>${BROWSER_CHROME}</arg>
<doc>Opens a new browser instance to the optional ``url``.</doc>
<status status="PASS" start="2025-11-30T16:29:23.871564" elapsed="3.831628"/>
</kw>
<kw name="Maximize Browser Window" owner="SeleniumLibrary">
<doc>Maximizes current browser window.</doc>
<status status="PASS" start="2025-11-30T16:29:27.705548" elapsed="0.040236"/>
</kw>
<kw name="Wait Until Element Is Visible" owner="SeleniumLibrary">
<arg>${NAGIVATION_HOME}</arg>
<arg>${DEFAULT_TIMEOUT}</arg>
<doc>Waits until the element ``locator`` is visible.</doc>
<status status="PASS" start="2025-11-30T16:29:27.746771" elapsed="0.042733"/>
</kw>
<kw name="Click Element" owner="SeleniumLibrary">
<msg time="2025-11-30T16:29:27.791326" level="INFO">Clicking element '//ul[@id='navigation']//li//a[@href='Index.aspx']'.</msg>
<arg>${NAGIVATION_HOME}</arg>
<doc>Click the element identified by ``locator``.</doc>
<status status="PASS" start="2025-11-30T16:29:27.790440" elapsed="2.502052"/>
</kw>
<status status="PASS" start="2025-11-30T16:29:23.870520" elapsed="6.424246"/>
</kw>
<kw name="Check Nagivation Introduce" owner="menu_keywords">
<kw name="Wait Until Element Is Visible" owner="SeleniumLibrary">
<arg>${NAGIVATION_INTRODUCE}</arg>
<arg>${DEFAULT_TIMEOUT}</arg>
<doc>Waits until the element ``locator`` is visible.</doc>
<status status="PASS" start="2025-11-30T16:29:30.297911" elapsed="0.052085"/>
</kw>
<kw name="Mouse Over" owner="SeleniumLibrary">
<msg time="2025-11-30T16:29:30.351778" level="INFO">Simulating Mouse Over on element '//ul[@id='navigation']//li//a[@href='#']//span[contains(text(),'Giới thiệu')]'.</msg>
<arg>${NAGIVATION_INTRODUCE}</arg>
<doc>Simulates hovering the mouse over the element ``locator``.</doc>
<status status="PASS" start="2025-11-30T16:29:30.351034" elapsed="0.312361"/>
</kw>
<kw name="Sleep" owner="BuiltIn">
<msg time="2025-11-30T16:29:35.668548" level="INFO">Slept 5 seconds.</msg>
<arg>${DEFAULT_TIMEOUT}</arg>
<doc>Pauses the test executed for the given time.</doc>
<status status="PASS" start="2025-11-30T16:29:30.667083" elapsed="5.001795"/>
</kw>
<status status="PASS" start="2025-11-30T16:29:30.296128" elapsed="5.375025"/>
</kw>
<kw name="Check Submenu Introduce Organizational Party" owner="menu_keywords">
<kw name="Wait Until Element Is Visible" owner="SeleniumLibrary">
<arg>${SUBMENU_INTRODUCE_ORGANIZATIONAL}</arg>
<arg>${DEFAULT_TIMEOUT}</arg>
<doc>Waits until the element ``locator`` is visible.</doc>
<status status="PASS" start="2025-11-30T16:29:35.674688" elapsed="0.060880"/>
</kw>
<kw name="Mouse Over" owner="SeleniumLibrary">
<msg time="2025-11-30T16:29:35.738181" level="INFO">Simulating Mouse Over on element '//ul[@class='sub-menu']//li//a[@href='#'][contains(text(),'Bộ máy tổ chức')]'.</msg>
<arg>${SUBMENU_INTRODUCE_ORGANIZATIONAL}</arg>
<doc>Simulates hovering the mouse over the element ``locator``.</doc>
<status status="PASS" start="2025-11-30T16:29:35.737346" elapsed="0.332579"/>
</kw>
<kw name="Wait Until Element Is Visible" owner="SeleniumLibrary">
<arg>${SUBMENU_INTRODUCE_ORGANIZATIONAL_PARTY}</arg>
<arg>${DEFAULT_TIMEOUT}</arg>
<doc>Waits until the element ``locator`` is visible.</doc>
<status status="PASS" start="2025-11-30T16:29:36.072040" elapsed="0.042318"/>
</kw>
<kw name="Click Element" owner="SeleniumLibrary">
<msg time="2025-11-30T16:29:36.116828" level="INFO">Clicking element '//ul[@class='sub-menu']//a[contains(text(),'Chi bộ')]'.</msg>
<arg>${SUBMENU_INTRODUCE_ORGANIZATIONAL_PARTY}</arg>
<doc>Click the element identified by ``locator``.</doc>
<status status="PASS" start="2025-11-30T16:29:36.115364" elapsed="1.101041"/>
</kw>
<kw name="Wait Until Location Contains" owner="SeleniumLibrary">
<arg>/TrangTinGioiThieuChiTiet.aspx?id=5</arg>
<arg>${DEFAULT_TIMEOUT}</arg>
<doc>Waits until the current URL contains ``expected``.</doc>
<status status="PASS" start="2025-11-30T16:29:37.218580" elapsed="0.013031"/>
</kw>
<kw name="Get Location" owner="SeleniumLibrary">
<msg time="2025-11-30T16:29:37.243368" level="INFO">${current_url} = https://lib.qnu.edu.vn/TrangTinGioiThieuChiTiet.aspx?id=5</msg>
<var>${current_url}</var>
<doc>Returns the current browser window URL.</doc>
<status status="PASS" start="2025-11-30T16:29:37.232460" elapsed="0.011049"/>
</kw>
<kw name="Should Be Equal As Strings" owner="BuiltIn">
<arg>${current_url}</arg>
<arg>${URL_INTRODUCE_ORGANIZATIONAL_PARTY}</arg>
<doc>Fails if objects are unequal after converting them to strings.</doc>
<status status="PASS" start="2025-11-30T16:29:37.245429" elapsed="0.000783"/>
</kw>
<status status="PASS" start="2025-11-30T16:29:35.673736" elapsed="1.572898"/>
</kw>
<status status="PASS" start="2025-11-30T16:29:23.868578" elapsed="13.378630"/>
</test>
<test id="s1-s2-s1-t4" name="Check Submenu Introduce Organizational Official In Introduce Navigation" line="24">
<kw name="Open Basic Browser With Chrome" owner="browser_config" type="SETUP">
<kw name="Open Browser" owner="SeleniumLibrary">
<msg time="2025-11-30T16:29:37.267888" level="INFO">Opening browser 'chrome' to base url 'https://lib.qnu.edu.vn/'.</msg>
<arg>${BASE_URL}</arg>
<arg>${BROWSER_CHROME}</arg>
<doc>Opens a new browser instance to the optional ``url``.</doc>
<status status="PASS" start="2025-11-30T16:29:37.267108" elapsed="4.596683"/>
</kw>
<kw name="Maximize Browser Window" owner="SeleniumLibrary">
<doc>Maximizes current browser window.</doc>
<status status="PASS" start="2025-11-30T16:29:41.866557" elapsed="0.057148"/>
</kw>
<kw name="Wait Until Element Is Visible" owner="SeleniumLibrary">
<arg>${NAGIVATION_HOME}</arg>
<arg>${DEFAULT_TIMEOUT}</arg>
<doc>Waits until the element ``locator`` is visible.</doc>
<status status="PASS" start="2025-11-30T16:29:41.924716" elapsed="0.048530"/>
</kw>
<kw name="Click Element" owner="SeleniumLibrary">
<msg time="2025-11-30T16:29:41.974962" level="INFO">Clicking element '//ul[@id='navigation']//li//a[@href='Index.aspx']'.</msg>
<arg>${NAGIVATION_HOME}</arg>
<doc>Click the element identified by ``locator``.</doc>
<status status="PASS" start="2025-11-30T16:29:41.974236" elapsed="2.271611"/>
</kw>
<status status="PASS" start="2025-11-30T16:29:37.266109" elapsed="6.982781"/>
</kw>
<kw name="Check Nagivation Introduce" owner="menu_keywords">
<kw name="Wait Until Element Is Visible" owner="SeleniumLibrary">
<arg>${NAGIVATION_INTRODUCE}</arg>
<arg>${DEFAULT_TIMEOUT}</arg>
<doc>Waits until the element ``locator`` is visible.</doc>
<status status="PASS" start="2025-11-30T16:29:44.251823" elapsed="0.072662"/>
</kw>
<kw name="Mouse Over" owner="SeleniumLibrary">
<msg time="2025-11-30T16:29:44.326240" level="INFO">Simulating Mouse Over on element '//ul[@id='navigation']//li//a[@href='#']//span[contains(text(),'Giới thiệu')]'.</msg>
<arg>${NAGIVATION_INTRODUCE}</arg>
<doc>Simulates hovering the mouse over the element ``locator``.</doc>
<status status="PASS" start="2025-11-30T16:29:44.325464" elapsed="0.322315"/>
</kw>
<kw name="Sleep" owner="BuiltIn">
<msg time="2025-11-30T16:29:49.651635" level="INFO">Slept 5 seconds.</msg>
<arg>${DEFAULT_TIMEOUT}</arg>
<doc>Pauses the test executed for the given time.</doc>
<status status="PASS" start="2025-11-30T16:29:44.650516" elapsed="5.001449"/>
</kw>
<status status="PASS" start="2025-11-30T16:29:44.250709" elapsed="5.403468"/>
</kw>
<kw name="Check Submenu Introduce Organizational Official" owner="menu_keywords">
<kw name="Wait Until Element Is Visible" owner="SeleniumLibrary">
<arg>${SUBMENU_INTRODUCE_ORGANIZATIONAL}</arg>
<arg>${DEFAULT_TIMEOUT}</arg>
<doc>Waits until the element ``locator`` is visible.</doc>
<status status="PASS" start="2025-11-30T16:29:49.657754" elapsed="0.056647"/>
</kw>
<kw name="Mouse Over" owner="SeleniumLibrary">
<msg time="2025-11-30T16:29:49.716062" level="INFO">Simulating Mouse Over on element '//ul[@class='sub-menu']//li//a[@href='#'][contains(text(),'Bộ máy tổ chức')]'.</msg>
<arg>${SUBMENU_INTRODUCE_ORGANIZATIONAL}</arg>
<doc>Simulates hovering the mouse over the element ``locator``.</doc>
<status status="PASS" start="2025-11-30T16:29:49.715350" elapsed="0.323966"/>
</kw>
<kw name="Wait Until Element Is Visible" owner="SeleniumLibrary">
<arg>${SUBMENU_INTRODUCE_ORGANIZATIONAL_OFFICIALS}</arg>
<arg>${DEFAULT_TIMEOUT}</arg>
<doc>Waits until the element ``locator`` is visible.</doc>
<status status="PASS" start="2025-11-30T16:29:50.042178" elapsed="0.053418"/>
</kw>
<kw name="Click Element" owner="SeleniumLibrary">
<msg time="2025-11-30T16:29:50.097478" level="INFO">Clicking element '//ul[@class='sub-menu']//a[contains(text(),'Cán bộ, viên chức')]'.</msg>
<arg>${SUBMENU_INTRODUCE_ORGANIZATIONAL_OFFICIALS}</arg>
<doc>Click the element identified by ``locator``.</doc>
<status status="PASS" start="2025-11-30T16:29:50.096645" elapsed="0.825035"/>
</kw>
<kw name="Wait Until Location Contains" owner="SeleniumLibrary">
<arg>/TrangTinGioiThieuChiTiet.aspx?id=3</arg>
<arg>${DEFAULT_TIMEOUT}</arg>
<doc>Waits until the current URL contains ``expected``.</doc>
<status status="PASS" start="2025-11-30T16:29:50.924224" elapsed="0.014441"/>
</kw>
<kw name="Get Location" owner="SeleniumLibrary">
<msg time="2025-11-30T16:29:50.952056" level="INFO">${current_url} = https://lib.qnu.edu.vn/TrangTinGioiThieuChiTiet.aspx?id=3</msg>
<var>${current_url}</var>
<doc>Returns the current browser window URL.</doc>
<status status="PASS" start="2025-11-30T16:29:50.939559" elapsed="0.012709"/>
</kw>
<kw name="Should Be Equal As Strings" owner="BuiltIn">
<arg>${current_url}</arg>
<arg>${URL_INTRODUCE_ORGANIZATIONAL_OFFICIALS}</arg>
<doc>Fails if objects are unequal after converting them to strings.</doc>
<status status="PASS" start="2025-11-30T16:29:50.954572" elapsed="0.000921"/>
</kw>
<status status="PASS" start="2025-11-30T16:29:49.656530" elapsed="1.299320"/>
</kw>
<status status="PASS" start="2025-11-30T16:29:37.264389" elapsed="13.692573"/>
</test>
<test id="s1-s2-s1-t5" name="Check Submenu Introduce Organizational Union In Introduce Navigation" line="28">
<kw name="Open Basic Browser With Chrome" owner="browser_config" type="SETUP">
<kw name="Open Browser" owner="SeleniumLibrary">
<msg time="2025-11-30T16:29:50.978089" level="INFO">Opening browser 'chrome' to base url 'https://lib.qnu.edu.vn/'.</msg>
<arg>${BASE_URL}</arg>
<arg>${BROWSER_CHROME}</arg>
<doc>Opens a new browser instance to the optional ``url``.</doc>
<status status="PASS" start="2025-11-30T16:29:50.977319" elapsed="3.709344"/>
</kw>
<kw name="Maximize Browser Window" owner="SeleniumLibrary">
<doc>Maximizes current browser window.</doc>
<status status="PASS" start="2025-11-30T16:29:54.688809" elapsed="0.052294"/>
</kw>
<kw name="Wait Until Element Is Visible" owner="SeleniumLibrary">
<arg>${NAGIVATION_HOME}</arg>
<arg>${DEFAULT_TIMEOUT}</arg>
<doc>Waits until the element ``locator`` is visible.</doc>
<status status="PASS" start="2025-11-30T16:29:54.742313" elapsed="0.041686"/>
</kw>
<kw name="Click Element" owner="SeleniumLibrary">
<msg time="2025-11-30T16:29:54.785761" level="INFO">Clicking element '//ul[@id='navigation']//li//a[@href='Index.aspx']'.</msg>
<arg>${NAGIVATION_HOME}</arg>
<doc>Click the element identified by ``locator``.</doc>
<status status="PASS" start="2025-11-30T16:29:54.785017" elapsed="2.854412"/>
</kw>
<status status="PASS" start="2025-11-30T16:29:50.976263" elapsed="6.689143"/>
</kw>
<kw name="Check Nagivation Introduce" owner="menu_keywords">
<kw name="Wait Until Element Is Visible" owner="SeleniumLibrary">
<arg>${NAGIVATION_INTRODUCE}</arg>
<arg>${DEFAULT_TIMEOUT}</arg>
<doc>Waits until the element ``locator`` is visible.</doc>
<status status="PASS" start="2025-11-30T16:29:57.667963" elapsed="0.056607"/>
</kw>
<kw name="Mouse Over" owner="SeleniumLibrary">
<msg time="2025-11-30T16:29:57.726845" level="INFO">Simulating Mouse Over on element '//ul[@id='navigation']//li//a[@href='#']//span[contains(text(),'Giới thiệu')]'.</msg>
<arg>${NAGIVATION_INTRODUCE}</arg>
<doc>Simulates hovering the mouse over the element ``locator``.</doc>
<status status="PASS" start="2025-11-30T16:29:57.725774" elapsed="0.330910"/>
</kw>
<kw name="Sleep" owner="BuiltIn">
<msg time="2025-11-30T16:30:03.061522" level="INFO">Slept 5 seconds.</msg>
<arg>${DEFAULT_TIMEOUT}</arg>
<doc>Pauses the test executed for the given time.</doc>
<status status="PASS" start="2025-11-30T16:29:58.059506" elapsed="5.002334"/>
</kw>
<status status="PASS" start="2025-11-30T16:29:57.666980" elapsed="5.398226"/>
</kw>
<kw name="Check Submenu Introduce Organizational Union" owner="menu_keywords">
<kw name="Wait Until Element Is Visible" owner="SeleniumLibrary">
<arg>${SUBMENU_INTRODUCE_ORGANIZATIONAL}</arg>
<arg>${DEFAULT_TIMEOUT}</arg>
<doc>Waits until the element ``locator`` is visible.</doc>
<status status="PASS" start="2025-11-30T16:30:03.067823" elapsed="0.054886"/>
</kw>
<kw name="Mouse Over" owner="SeleniumLibrary">
<msg time="2025-11-30T16:30:03.124486" level="INFO">Simulating Mouse Over on element '//ul[@class='sub-menu']//li//a[@href='#'][contains(text(),'Bộ máy tổ chức')]'.</msg>
<arg>${SUBMENU_INTRODUCE_ORGANIZATIONAL}</arg>
<doc>Simulates hovering the mouse over the element ``locator``.</doc>
<status status="PASS" start="2025-11-30T16:30:03.123700" elapsed="0.306609"/>
</kw>
<kw name="Wait Until Element Is Visible" owner="SeleniumLibrary">
<arg>${SUBMENU_INTRODUCE_ORGANIZATIONAL_UNION}</arg>
<arg>${DEFAULT_TIMEOUT}</arg>
<doc>Waits until the element ``locator`` is visible.</doc>
<status status="PASS" start="2025-11-30T16:30:03.433737" elapsed="0.059847"/>
</kw>
<kw name="Click Element" owner="SeleniumLibrary">
<msg time="2025-11-30T16:30:03.496215" level="INFO">Clicking element '//ul[@class='sub-menu']//a[contains(text(),'Công đoàn')]'.</msg>
<arg>${SUBMENU_INTRODUCE_ORGANIZATIONAL_UNION}</arg>
<doc>Click the element identified by ``locator``.</doc>
<status status="PASS" start="2025-11-30T16:30:03.495281" elapsed="1.033037"/>
</kw>
<kw name="Wait Until Location Contains" owner="SeleniumLibrary">
<arg>/TrangTinGioiThieuChiTiet.aspx?id=7</arg>
<arg>${DEFAULT_TIMEOUT}</arg>
<doc>Waits until the current URL contains ``expected``.</doc>
<status status="PASS" start="2025-11-30T16:30:04.531291" elapsed="0.010558"/>
</kw>
<kw name="Get Location" owner="SeleniumLibrary">
<msg time="2025-11-30T16:30:04.557759" level="INFO">${current_url} = https://lib.qnu.edu.vn/TrangTinGioiThieuChiTiet.aspx?id=7</msg>
<var>${current_url}</var>
<doc>Returns the current browser window URL.</doc>
<status status="PASS" start="2025-11-30T16:30:04.542961" elapsed="0.014944"/>
</kw>
<kw name="Should Be Equal As Strings" owner="BuiltIn">
<arg>${current_url}</arg>
<arg>${URL_INTRODUCE_ORGANIZATIONAL_UNION}</arg>
<doc>Fails if objects are unequal after converting them to strings.</doc>
<status status="PASS" start="2025-11-30T16:30:04.559963" elapsed="0.000798"/>
</kw>
<status status="PASS" start="2025-11-30T16:30:03.066733" elapsed="1.494563"/>
</kw>
<status status="PASS" start="2025-11-30T16:29:50.974190" elapsed="13.588132"/>
</test>
<test id="s1-s2-s1-t6" name="Check Submenu Introduce Information In Introduce Navigation" line="32">
<kw name="Open Basic Browser With Chrome" owner="browser_config" type="SETUP">
<kw name="Open Browser" owner="SeleniumLibrary">
<msg time="2025-11-30T16:30:04.581468" level="INFO">Opening browser 'chrome' to base url 'https://lib.qnu.edu.vn/'.</msg>
<arg>${BASE_URL}</arg>
<arg>${BROWSER_CHROME}</arg>
<doc>Opens a new browser instance to the optional ``url``.</doc>
<status status="PASS" start="2025-11-30T16:30:04.580776" elapsed="5.473791"/>
</kw>
<kw name="Maximize Browser Window" owner="SeleniumLibrary">
<doc>Maximizes current browser window.</doc>
<status status="PASS" start="2025-11-30T16:30:10.056533" elapsed="0.081928"/>
</kw>
<kw name="Wait Until Element Is Visible" owner="SeleniumLibrary">
<arg>${NAGIVATION_HOME}</arg>
<arg>${DEFAULT_TIMEOUT}</arg>
<doc>Waits until the element ``locator`` is visible.</doc>
<status status="PASS" start="2025-11-30T16:30:10.139865" elapsed="0.078740"/>
</kw>
<kw name="Click Element" owner="SeleniumLibrary">
<msg time="2025-11-30T16:30:10.220542" level="INFO">Clicking element '//ul[@id='navigation']//li//a[@href='Index.aspx']'.</msg>
<arg>${NAGIVATION_HOME}</arg>
<doc>Click the element identified by ``locator``.</doc>
<status status="PASS" start="2025-11-30T16:30:10.219767" elapsed="3.431153"/>
</kw>
<status status="PASS" start="2025-11-30T16:30:04.579761" elapsed="9.074048"/>
</kw>
<kw name="Check Nagivation Introduce" owner="menu_keywords">
<kw name="Wait Until Element Is Visible" owner="SeleniumLibrary">
<arg>${NAGIVATION_INTRODUCE}</arg>
<arg>${DEFAULT_TIMEOUT}</arg>
<doc>Waits until the element ``locator`` is visible.</doc>
<status status="PASS" start="2025-11-30T16:30:13.657223" elapsed="0.056921"/>
</kw>
<kw name="Mouse Over" owner="SeleniumLibrary">
<msg time="2025-11-30T16:30:13.717741" level="INFO">Simulating Mouse Over on element '//ul[@id='navigation']//li//a[@href='#']//span[contains(text(),'Giới thiệu')]'.</msg>
<arg>${NAGIVATION_INTRODUCE}</arg>
<doc>Simulates hovering the mouse over the element ``locator``.</doc>
<status status="PASS" start="2025-11-30T16:30:13.715966" elapsed="0.315362"/>
</kw>
<kw name="Sleep" owner="BuiltIn">
<msg time="2025-11-30T16:30:19.035692" level="INFO">Slept 5 seconds.</msg>
<arg>${DEFAULT_TIMEOUT}</arg>
<doc>Pauses the test executed for the given time.</doc>
<status status="PASS" start="2025-11-30T16:30:14.034347" elapsed="5.001629"/>
</kw>
<status status="PASS" start="2025-11-30T16:30:13.655984" elapsed="5.381994"/>
</kw>
<kw name="Check Submenu Introduce Information" owner="menu_keywords">
<kw name="Wait Until Element Is Visible" owner="SeleniumLibrary">
<arg>${SUBMENU_INTRODUCE_INFORMATION}</arg>
<arg>${DEFAULT_TIMEOUT}</arg>
<doc>Waits until the element ``locator`` is visible.</doc>
<status status="PASS" start="2025-11-30T16:30:19.041044" elapsed="0.034821"/>
</kw>
<kw name="Click Element" owner="SeleniumLibrary">
<msg time="2025-11-30T16:30:19.077629" level="INFO">Clicking element '//ul[@class='sub-menu']//a[contains(text(),'Nguồn lực thông tin')]'.</msg>
<arg>${SUBMENU_INTRODUCE_INFORMATION}</arg>
<doc>Click the element identified by ``locator``.</doc>
<status status="PASS" start="2025-11-30T16:30:19.076782" elapsed="0.700170"/>
</kw>
<kw name="Wait Until Location Contains" owner="SeleniumLibrary">
<arg>/TrangTinGioiThieuChiTiet.aspx?id=8</arg>
<arg>${DEFAULT_TIMEOUT}</arg>
<doc>Waits until the current URL contains ``expected``.</doc>
<status status="PASS" start="2025-11-30T16:30:19.778194" elapsed="0.010512"/>
</kw>
<kw name="Get Location" owner="SeleniumLibrary">
<msg time="2025-11-30T16:30:19.798530" level="INFO">${current_url} = https://lib.qnu.edu.vn/TrangTinGioiThieuChiTiet.aspx?id=8</msg>
<var>${current_url}</var>
<doc>Returns the current browser window URL.</doc>
<status status="PASS" start="2025-11-30T16:30:19.789423" elapsed="0.009423"/>
</kw>
<kw name="Should Be Equal As Strings" owner="BuiltIn">
<arg>${current_url}</arg>
<arg>${URL_INTRODUCE_INFORMATION}</arg>
<doc>Fails if objects are unequal after converting them to strings.</doc>
<status status="PASS" start="2025-11-30T16:30:19.800749" elapsed="0.000548"/>
</kw>
<status status="PASS" start="2025-11-30T16:30:19.039393" elapsed="0.762367"/>
</kw>
<status status="PASS" start="2025-11-30T16:30:04.578313" elapsed="15.224322"/>
</test>
<test id="s1-s2-s1-t7" name="Check Submenu Introduce Library User Resource In Introduce Navigation" line="36">
<kw name="Open Basic Browser With Chrome" owner="browser_config" type="SETUP">
<kw name="Open Browser" owner="SeleniumLibrary">
<msg time="2025-11-30T16:30:19.816519" level="INFO">Opening browser 'chrome' to base url 'https://lib.qnu.edu.vn/'.</msg>
<arg>${BASE_URL}</arg>
<arg>${BROWSER_CHROME}</arg>
<doc>Opens a new browser instance to the optional ``url``.</doc>
<status status="PASS" start="2025-11-30T16:30:19.815953" elapsed="3.687150"/>
</kw>
<kw name="Maximize Browser Window" owner="SeleniumLibrary">
<doc>Maximizes current browser window.</doc>
<status status="PASS" start="2025-11-30T16:30:23.505750" elapsed="0.060576"/>
</kw>
<kw name="Wait Until Element Is Visible" owner="SeleniumLibrary">
<arg>${NAGIVATION_HOME}</arg>
<arg>${DEFAULT_TIMEOUT}</arg>
<doc>Waits until the element ``locator`` is visible.</doc>
<status status="PASS" start="2025-11-30T16:30:23.567256" elapsed="0.048465"/>
</kw>
<kw name="Click Element" owner="SeleniumLibrary">
<msg time="2025-11-30T16:30:23.618160" level="INFO">Clicking element '//ul[@id='navigation']//li//a[@href='Index.aspx']'.</msg>
<arg>${NAGIVATION_HOME}</arg>
<doc>Click the element identified by ``locator``.</doc>
<status status="PASS" start="2025-11-30T16:30:23.617242" elapsed="3.415508"/>
</kw>
<status status="PASS" start="2025-11-30T16:30:19.815203" elapsed="7.219516"/>
</kw>
<kw name="Check Nagivation Introduce" owner="menu_keywords">
<kw name="Wait Until Element Is Visible" owner="SeleniumLibrary">
<arg>${NAGIVATION_INTRODUCE}</arg>
<arg>${DEFAULT_TIMEOUT}</arg>
<doc>Waits until the element ``locator`` is visible.</doc>
<status status="PASS" start="2025-11-30T16:30:27.037013" elapsed="0.040420"/>
</kw>
<kw name="Mouse Over" owner="SeleniumLibrary">
<msg time="2025-11-30T16:30:27.079003" level="INFO">Simulating Mouse Over on element '//ul[@id='navigation']//li//a[@href='#']//span[contains(text(),'Giới thiệu')]'.</msg>
<arg>${NAGIVATION_INTRODUCE}</arg>
<doc>Simulates hovering the mouse over the element ``locator``.</doc>
<status status="PASS" start="2025-11-30T16:30:27.078362" elapsed="0.347830"/>
</kw>
<kw name="Sleep" owner="BuiltIn">
<msg time="2025-11-30T16:30:32.430637" level="INFO">Slept 5 seconds.</msg>
<arg>${DEFAULT_TIMEOUT}</arg>
<doc>Pauses the test executed for the given time.</doc>
<status status="PASS" start="2025-11-30T16:30:27.429520" elapsed="5.001457"/>
</kw>
<status status="PASS" start="2025-11-30T16:30:27.036072" elapsed="5.414826"/>
</kw>
<kw name="Check Submenu Introduce Library User Resource" owner="menu_keywords">
<kw name="Wait Until Element Is Visible" owner="SeleniumLibrary">
<arg>${SUBMENU_INTRODUCE_lIBRARY}</arg>
<arg>${DEFAULT_TIMEOUT}</arg>
<doc>Waits until the element ``locator`` is visible.</doc>
<status status="PASS" start="2025-11-30T16:30:32.453618" elapsed="0.055519"/>
</kw>
<kw name="Mouse Over" owner="SeleniumLibrary">
<msg time="2025-11-30T16:30:32.511690" level="INFO">Simulating Mouse Over on element '//ul[@class='sub-menu']//a[contains(text(),'Chính sách thư viện')]'.</msg>
<arg>${SUBMENU_INTRODUCE_lIBRARY}</arg>
<doc>Simulates hovering the mouse over the element ``locator``.</doc>
<status status="PASS" start="2025-11-30T16:30:32.510103" elapsed="0.330018"/>
</kw>
<kw name="Wait Until Element Is Visible" owner="SeleniumLibrary">
<arg>${SUBMENU_INTRODUCE_LIBRARY_USER_RESOURCE}</arg>
<arg>${DEFAULT_TIMEOUT}</arg>
<doc>Waits until the element ``locator`` is visible.</doc>
<status status="PASS" start="2025-11-30T16:30:32.842532" elapsed="0.054721"/>
</kw>
<kw name="Click Element" owner="SeleniumLibrary">
<msg time="2025-11-30T16:30:32.898914" level="INFO">Clicking element '//ul[@class='sub-menu']//a[contains(text(),'Người dùng tin và nguồn tin')]'.</msg>
<arg>${SUBMENU_INTRODUCE_LIBRARY_USER_RESOURCE}</arg>
<doc>Click the element identified by ``locator``.</doc>
<status status="PASS" start="2025-11-30T16:30:32.898229" elapsed="0.918582"/>
</kw>
<kw name="Wait Until Location Contains" owner="SeleniumLibrary">
<arg>/TrangTinGioiThieuChiTiet.aspx?id=9</arg>
<arg>${DEFAULT_TIMEOUT}</arg>
<doc>Waits until the current URL contains ``expected``.</doc>
<status status="PASS" start="2025-11-30T16:30:33.818734" elapsed="0.010427"/>
</kw>
<kw name="Get Location" owner="SeleniumLibrary">
<msg time="2025-11-30T16:30:33.841674" level="INFO">${current_url} = https://lib.qnu.edu.vn/TrangTinGioiThieuChiTiet.aspx?id=9</msg>
<var>${current_url}</var>
<doc>Returns the current browser window URL.</doc>
<status status="PASS" start="2025-11-30T16:30:33.830530" elapsed="0.011284"/>
</kw>
<kw name="Should Be Equal As Strings" owner="BuiltIn">
<arg>${current_url}</arg>
<arg>${URL_INTRODUCE_lIBRARY_USER_RESOURCE}</arg>
<doc>Fails if objects are unequal after converting them to strings.</doc>
<status status="PASS" start="2025-11-30T16:30:33.845074" elapsed="0.001182"/>
</kw>
<status status="PASS" start="2025-11-30T16:30:32.452468" elapsed="1.394686"/>
</kw>
<status status="PASS" start="2025-11-30T16:30:19.813648" elapsed="14.034797"/>
</test>
<test id="s1-s2-s1-t8" name="Check Submenu Introduce Library Book Borrow In Introduce Navigation" line="40">
<kw name="Open Basic Browser With Chrome" owner="browser_config" type="SETUP">
<kw name="Open Browser" owner="SeleniumLibrary">
<msg time="2025-11-30T16:30:33.876471" level="INFO">Opening browser 'chrome' to base url 'https://lib.qnu.edu.vn/'.</msg>
<arg>${BASE_URL}</arg>
<arg>${BROWSER_CHROME}</arg>
<doc>Opens a new browser instance to the optional ``url``.</doc>
<status status="PASS" start="2025-11-30T16:30:33.875764" elapsed="4.035084"/>
</kw>
<kw name="Maximize Browser Window" owner="SeleniumLibrary">
<doc>Maximizes current browser window.</doc>
<status status="PASS" start="2025-11-30T16:30:37.913771" elapsed="0.060508"/>
</kw>
<kw name="Wait Until Element Is Visible" owner="SeleniumLibrary">
<arg>${NAGIVATION_HOME}</arg>
<arg>${DEFAULT_TIMEOUT}</arg>
<doc>Waits until the element ``locator`` is visible.</doc>
<status status="PASS" start="2025-11-30T16:30:37.975795" elapsed="0.047756"/>
</kw>
<kw name="Click Element" owner="SeleniumLibrary">
<msg time="2025-11-30T16:30:38.026407" level="INFO">Clicking element '//ul[@id='navigation']//li//a[@href='Index.aspx']'.</msg>
<arg>${NAGIVATION_HOME}</arg>
<doc>Click the element identified by ``locator``.</doc>
<status status="PASS" start="2025-11-30T16:30:38.025248" elapsed="4.045276"/>
</kw>
<status status="PASS" start="2025-11-30T16:30:33.874808" elapsed="8.198776"/>
</kw>
<kw name="Check Nagivation Introduce" owner="menu_keywords">
<kw name="Wait Until Element Is Visible" owner="SeleniumLibrary">
<arg>${NAGIVATION_INTRODUCE}</arg>
<arg>${DEFAULT_TIMEOUT}</arg>
<doc>Waits until the element ``locator`` is visible.</doc>
<status status="PASS" start="2025-11-30T16:30:42.076428" elapsed="0.061430"/>
</kw>
<kw name="Mouse Over" owner="SeleniumLibrary">
<msg time="2025-11-30T16:30:42.139535" level="INFO">Simulating Mouse Over on element '//ul[@id='navigation']//li//a[@href='#']//span[contains(text(),'Giới thiệu')]'.</msg>
<arg>${NAGIVATION_INTRODUCE}</arg>
<doc>Simulates hovering the mouse over the element ``locator``.</doc>
<status status="PASS" start="2025-11-30T16:30:42.138821" elapsed="0.334346"/>
</kw>
<kw name="Sleep" owner="BuiltIn">
<msg time="2025-11-30T16:30:47.478612" level="INFO">Slept 5 seconds.</msg>
<arg>${DEFAULT_TIMEOUT}</arg>
<doc>Pauses the test executed for the given time.</doc>
<status status="PASS" start="2025-11-30T16:30:42.476579" elapsed="5.003056"/>
</kw>
<status status="PASS" start="2025-11-30T16:30:42.075381" elapsed="5.407678"/>
</kw>
<kw name="Check Submenu Introduce Library Book Borrow" owner="menu_keywords">
<kw name="Wait Until Element Is Visible" owner="SeleniumLibrary">
<arg>${SUBMENU_INTRODUCE_lIBRARY}</arg>
<arg>${DEFAULT_TIMEOUT}</arg>
<doc>Waits until the element ``locator`` is visible.</doc>
<status status="PASS" start="2025-11-30T16:30:47.485661" elapsed="0.054386"/>
</kw>
<kw name="Mouse Over" owner="SeleniumLibrary">
<msg time="2025-11-30T16:30:47.541733" level="INFO">Simulating Mouse Over on element '//ul[@class='sub-menu']//a[contains(text(),'Chính sách thư viện')]'.</msg>
<arg>${SUBMENU_INTRODUCE_lIBRARY}</arg>
<doc>Simulates hovering the mouse over the element ``locator``.</doc>
<status status="PASS" start="2025-11-30T16:30:47.541017" elapsed="0.318680"/>
</kw>
<kw name="Wait Until Element Is Visible" owner="SeleniumLibrary">
<arg>${SUBMENU_INTRODUCE_LIBRARY_BOOK_BORROW}</arg>
<arg>${DEFAULT_TIMEOUT}</arg>
<doc>Waits until the element ``locator`` is visible.</doc>
<status status="PASS" start="2025-11-30T16:30:47.864647" elapsed="0.050752"/>
</kw>
<kw name="Click Element" owner="SeleniumLibrary">
<msg time="2025-11-30T16:30:47.917123" level="INFO">Clicking element '//ul[@class='sub-menu']//a[contains(text(),'Quy định mượn sách')]'.</msg>
<arg>${SUBMENU_INTRODUCE_LIBRARY_BOOK_BORROW}</arg>
<doc>Click the element identified by ``locator``.</doc>
<status status="PASS" start="2025-11-30T16:30:47.916388" elapsed="1.467916"/>
</kw>
<kw name="Wait Until Location Contains" owner="SeleniumLibrary">
<arg>/TrangTinGioiThieuChiTiet.aspx?id=10</arg>
<arg>${DEFAULT_TIMEOUT}</arg>
<doc>Waits until the current URL contains ``expected``.</doc>
<status status="PASS" start="2025-11-30T16:30:49.386608" elapsed="0.012033"/>
</kw>
<kw name="Get Location" owner="SeleniumLibrary">
<msg time="2025-11-30T16:30:49.411618" level="INFO">${current_url} = https://lib.qnu.edu.vn/TrangTinGioiThieuChiTiet.aspx?id=10</msg>
<var>${current_url}</var>
<doc>Returns the current browser window URL.</doc>
<status status="PASS" start="2025-11-30T16:30:49.399193" elapsed="0.012512"/>
</kw>
<kw name="Should Be Equal As Strings" owner="BuiltIn">
<arg>${current_url}</arg>
<arg>${URL_INTRODUCE_lIBRARY_BOOK_BORROW}</arg>
<doc>Fails if objects are unequal after converting them to strings.</doc>
<status status="PASS" start="2025-11-30T16:30:49.422138" elapsed="0.001226"/>
</kw>
<status status="PASS" start="2025-11-30T16:30:47.484679" elapsed="1.939193"/>
</kw>
<status status="PASS" start="2025-11-30T16:30:33.873022" elapsed="15.552182"/>
</test>
<test id="s1-s2-s1-t9" name="Check Submenu Introduce Library Submit Thesis In Introduce Navigation" line="44">
<kw name="Open Basic Browser With Chrome" owner="browser_config" type="SETUP">
<kw name="Open Browser" owner="SeleniumLibrary">
<msg time="2025-11-30T16:30:49.447025" level="INFO">Opening browser 'chrome' to base url 'https://lib.qnu.edu.vn/'.</msg>
<arg>${BASE_URL}</arg>
<arg>${BROWSER_CHROME}</arg>
<doc>Opens a new browser instance to the optional ``url``.</doc>
<status status="PASS" start="2025-11-30T16:30:49.446267" elapsed="3.914102"/>
</kw>
<kw name="Maximize Browser Window" owner="SeleniumLibrary">
<doc>Maximizes current browser window.</doc>
<status status="PASS" start="2025-11-30T16:30:53.363598" elapsed="0.039390"/>
</kw>
<kw name="Wait Until Element Is Visible" owner="SeleniumLibrary">
<arg>${NAGIVATION_HOME}</arg>
<arg>${DEFAULT_TIMEOUT}</arg>
<doc>Waits until the element ``locator`` is visible.</doc>
<status status="PASS" start="2025-11-30T16:30:53.404314" elapsed="0.072443"/>
</kw>
<kw name="Click Element" owner="SeleniumLibrary">
<msg time="2025-11-30T16:30:53.478761" level="INFO">Clicking element '//ul[@id='navigation']//li//a[@href='Index.aspx']'.</msg>
<arg>${NAGIVATION_HOME}</arg>
<doc>Click the element identified by ``locator``.</doc>
<status status="PASS" start="2025-11-30T16:30:53.477931" elapsed="3.950619"/>
</kw>
<status status="PASS" start="2025-11-30T16:30:49.444579" elapsed="7.987122"/>
</kw>
<kw name="Check Nagivation Introduce" owner="menu_keywords">
<kw name="Wait Until Element Is Visible" owner="SeleniumLibrary">
<arg>${NAGIVATION_INTRODUCE}</arg>
<arg>${DEFAULT_TIMEOUT}</arg>
<doc>Waits until the element ``locator`` is visible.</doc>
<status status="PASS" start="2025-11-30T16:30:57.434535" elapsed="0.053174"/>
</kw>
<kw name="Mouse Over" owner="SeleniumLibrary">
<msg time="2025-11-30T16:30:57.491759" level="INFO">Simulating Mouse Over on element '//ul[@id='navigation']//li//a[@href='#']//span[contains(text(),'Giới thiệu')]'.</msg>
<arg>${NAGIVATION_INTRODUCE}</arg>
<doc>Simulates hovering the mouse over the element ``locator``.</doc>
<status status="PASS" start="2025-11-30T16:30:57.490582" elapsed="0.312858"/>
</kw>
<kw name="Sleep" owner="BuiltIn">
<msg time="2025-11-30T16:31:02.809733" level="INFO">Slept 5 seconds.</msg>
<arg>${DEFAULT_TIMEOUT}</arg>
<doc>Pauses the test executed for the given time.</doc>
<status status="PASS" start="2025-11-30T16:30:57.808568" elapsed="5.001597"/>
</kw>
<status status="PASS" start="2025-11-30T16:30:57.433400" elapsed="5.383231"/>
</kw>
<kw name="Check Submenu Introduce Library Submit Thesis" owner="menu_keywords">
<kw name="Wait Until Element Is Visible" owner="SeleniumLibrary">
<arg>${SUBMENU_INTRODUCE_lIBRARY}</arg>
<arg>${DEFAULT_TIMEOUT}</arg>
<doc>Waits until the element ``locator`` is visible.</doc>
<status status="PASS" start="2025-11-30T16:31:02.820196" elapsed="0.082666"/>
</kw>
<kw name="Mouse Over" owner="SeleniumLibrary">
<msg time="2025-11-30T16:31:02.904602" level="INFO">Simulating Mouse Over on element '//ul[@class='sub-menu']//a[contains(text(),'Chính sách thư viện')]'.</msg>
<arg>${SUBMENU_INTRODUCE_lIBRARY}</arg>
<doc>Simulates hovering the mouse over the element ``locator``.</doc>
<status status="PASS" start="2025-11-30T16:31:02.903847" elapsed="0.329618"/>
</kw>
<kw name="Wait Until Element Is Visible" owner="SeleniumLibrary">
<arg>${SUBMENU_INTRODUCE_LIBRARY_SUBMIT_THESIS}</arg>
<arg>${DEFAULT_TIMEOUT}</arg>
<doc>Waits until the element ``locator`` is visible.</doc>
<status status="PASS" start="2025-11-30T16:31:03.236486" elapsed="0.045188"/>
</kw>
<kw name="Click Element" owner="SeleniumLibrary">
<msg time="2025-11-30T16:31:03.283557" level="INFO">Clicking element '//ul[@class='sub-menu']//a[contains(text(),'Quy định nộp luận án, luận văn')]'.</msg>
<arg>${SUBMENU_INTRODUCE_LIBRARY_SUBMIT_THESIS}</arg>
<doc>Click the element identified by ``locator``.</doc>
<status status="PASS" start="2025-11-30T16:31:03.282710" elapsed="0.860499"/>
</kw>
<kw name="Wait Until Location Contains" owner="SeleniumLibrary">
<arg>/TrangTinGioiThieuChiTiet.aspx?id=11</arg>
<arg>${DEFAULT_TIMEOUT}</arg>
<doc>Waits until the current URL contains ``expected``.</doc>
<status status="PASS" start="2025-11-30T16:31:04.146205" elapsed="0.008308"/>
</kw>
<kw name="Get Location" owner="SeleniumLibrary">
<msg time="2025-11-30T16:31:04.163540" level="INFO">${current_url} = https://lib.qnu.edu.vn/TrangTinGioiThieuChiTiet.aspx?id=11</msg>
<var>${current_url}</var>
<doc>Returns the current browser window URL.</doc>
<status status="PASS" start="2025-11-30T16:31:04.155467" elapsed="0.008150"/>
</kw>
<kw name="Should Be Equal As Strings" owner="BuiltIn">
<arg>${current_url}</arg>
<arg>${URL_INTRODUCE_lIBRARY_SUBMIT_THESIS}</arg>
<doc>Fails if objects are unequal after converting them to strings.</doc>
<status status="PASS" start="2025-11-30T16:31:04.166082" elapsed="0.000791"/>
</kw>
<status status="PASS" start="2025-11-30T16:31:02.818167" elapsed="1.349180"/>
</kw>
<status status="PASS" start="2025-11-30T16:30:49.442803" elapsed="14.725184"/>
</test>
<kw name="Close Browser Web" owner="browser_config" type="TEARDOWN">
<kw name="Close All Browsers" owner="SeleniumLibrary">
<doc>Closes all open browsers and resets the browser cache.</doc>
<status status="PASS" start="2025-11-30T16:31:04.184902" elapsed="25.919541"/>
</kw>
<status status="PASS" start="2025-11-30T16:31:04.184135" elapsed="25.921000"/>
</kw>
<status status="PASS" start="2025-11-30T16:28:50.252639" elapsed="159.852808"/>
</suite>
<suite id="s1-s2-s2" name="Menu Nagivation 2 News" source="D:\Code\Testing\RobotFramework\LibQNU\tests\2_menu\menu_nagivation_2_news.robot">
<test id="s1-s2-s2-t1" name="Check Submenu News Actitives In News Navigation" line="12">
<kw name="Open Basic Browser With Chrome" owner="browser_config" type="SETUP">
<kw name="Open Browser" owner="SeleniumLibrary">
<msg time="2025-11-30T16:31:30.136216" level="INFO">Opening browser 'chrome' to base url 'https://lib.qnu.edu.vn/'.</msg>
<arg>${BASE_URL}</arg>
<arg>${BROWSER_CHROME}</arg>
<doc>Opens a new browser instance to the optional ``url``.</doc>
<status status="PASS" start="2025-11-30T16:31:30.135957" elapsed="2.870078"/>
</kw>
<kw name="Maximize Browser Window" owner="SeleniumLibrary">
<doc>Maximizes current browser window.</doc>
<status status="PASS" start="2025-11-30T16:31:33.007745" elapsed="0.031012"/>
</kw>
<kw name="Wait Until Element Is Visible" owner="SeleniumLibrary">
<arg>${NAGIVATION_HOME}</arg>
<arg>${DEFAULT_TIMEOUT}</arg>
<doc>Waits until the element ``locator`` is visible.</doc>
<status status="PASS" start="2025-11-30T16:31:33.039414" elapsed="0.034659"/>
</kw>
<kw name="Click Element" owner="SeleniumLibrary">
<msg time="2025-11-30T16:31:33.075651" level="INFO">Clicking element '//ul[@id='navigation']//li//a[@href='Index.aspx']'.</msg>
<arg>${NAGIVATION_HOME}</arg>
<doc>Click the element identified by ``locator``.</doc>
<status status="PASS" start="2025-11-30T16:31:33.074924" elapsed="1.756532"/>
</kw>
<status status="PASS" start="2025-11-30T16:31:30.135602" elapsed="4.698331"/>
</kw>
<kw name="Check Nagivation News" owner="menu_keywords">
<kw name="Wait Until Element Is Visible" owner="SeleniumLibrary">
<arg>${NAGIVATION_NEWS}</arg>
<arg>${DEFAULT_TIMEOUT}</arg>
<doc>Waits until the element ``locator`` is visible.</doc>
<status status="PASS" start="2025-11-30T16:31:34.836152" elapsed="0.035872"/>
</kw>
<kw name="Click Element" owner="SeleniumLibrary">
<msg time="2025-11-30T16:31:34.873651" level="INFO">Clicking element '//ul[@id='navigation']//span[contains(text(),'Tin tức')]'.</msg>
<arg>${NAGIVATION_NEWS}</arg>
<doc>Click the element identified by ``locator``.</doc>
<status status="PASS" start="2025-11-30T16:31:34.872968" elapsed="0.691872"/>
</kw>
<kw name="Sleep" owner="BuiltIn">
<msg time="2025-11-30T16:31:40.568429" level="INFO">Slept 5 seconds.</msg>
<arg>${DEFAULT_TIMEOUT}</arg>
<doc>Pauses the test executed for the given time.</doc>
<status status="PASS" start="2025-11-30T16:31:35.567308" elapsed="5.001371"/>
</kw>
<status status="PASS" start="2025-11-30T16:31:34.835361" elapsed="5.734967"/>
</kw>
<kw name="Check Submenu News Activities" owner="menu_keywords">
<kw name="Wait Until Element Is Visible" owner="SeleniumLibrary">
<arg>${SUBMENU_NEWS_ACTIVITIES}</arg>
<arg>${DEFAULT_TIMEOUT}</arg>
<doc>Waits until the element ``locator`` is visible.</doc>
<status status="PASS" start="2025-11-30T16:31:40.572532" elapsed="0.049242"/>
</kw>
<kw name="Click Element" owner="SeleniumLibrary">
<msg time="2025-11-30T16:31:40.622849" level="INFO">Clicking element '//span[contains(text(),'Tin hoạt động')]'.</msg>
<arg>${SUBMENU_NEWS_ACTIVITIES}</arg>
<doc>Click the element identified by ``locator``.</doc>
<status status="PASS" start="2025-11-30T16:31:40.622349" elapsed="0.794594"/>
</kw>
<kw name="Sleep" owner="BuiltIn">
<msg time="2025-11-30T16:31:46.421916" level="INFO">Slept 5 seconds.</msg>
<arg>${DEFAULT_TIMEOUT}</arg>
<doc>Pauses the test executed for the given time.</doc>
<status status="PASS" start="2025-11-30T16:31:41.420637" elapsed="5.001550"/>
</kw>
<status status="PASS" start="2025-11-30T16:31:40.571302" elapsed="5.852780"/>
</kw>
<status status="PASS" start="2025-11-30T16:31:30.134784" elapsed="16.290275"/>
</test>
<test id="s1-s2-s2-t2" name="Check Submenu News Actitives In News Navigation" line="16">
<kw name="Open Basic Browser With Chrome" owner="browser_config" type="SETUP">
<kw name="Open Browser" owner="SeleniumLibrary">
<msg time="2025-11-30T16:31:46.444941" level="INFO">Opening browser 'chrome' to base url 'https://lib.qnu.edu.vn/'.</msg>
<arg>${BASE_URL}</arg>
<arg>${BROWSER_CHROME}</arg>
<doc>Opens a new browser instance to the optional ``url``.</doc>
<status status="PASS" start="2025-11-30T16:31:46.443950" elapsed="2.876057"/>
</kw>
<kw name="Maximize Browser Window" owner="SeleniumLibrary">
<doc>Maximizes current browser window.</doc>
<status status="PASS" start="2025-11-30T16:31:49.322052" elapsed="2.662197"/>
</kw>
<kw name="Wait Until Element Is Visible" owner="SeleniumLibrary">
<arg>${NAGIVATION_HOME}</arg>
<arg>${DEFAULT_TIMEOUT}</arg>
<doc>Waits until the element ``locator`` is visible.</doc>
<status status="PASS" start="2025-11-30T16:31:51.984857" elapsed="0.039318"/>
</kw>
<kw name="Click Element" owner="SeleniumLibrary">
<msg time="2025-11-30T16:31:52.025843" level="INFO">Clicking element '//ul[@id='navigation']//li//a[@href='Index.aspx']'.</msg>
<arg>${NAGIVATION_HOME}</arg>
<doc>Click the element identified by ``locator``.</doc>
<status status="PASS" start="2025-11-30T16:31:52.025135" elapsed="2.069444"/>
</kw>
<status status="PASS" start="2025-11-30T16:31:46.442694" elapsed="7.654851"/>
</kw>
<kw name="Check Nagivation News" owner="menu_keywords">
<kw name="Wait Until Element Is Visible" owner="SeleniumLibrary">
<arg>${NAGIVATION_NEWS}</arg>
<arg>${DEFAULT_TIMEOUT}</arg>
<doc>Waits until the element ``locator`` is visible.</doc>
<status status="PASS" start="2025-11-30T16:31:54.099984" elapsed="0.034385"/>
</kw>
<kw name="Click Element" owner="SeleniumLibrary">
<msg time="2025-11-30T16:31:54.136047" level="INFO">Clicking element '//ul[@id='navigation']//span[contains(text(),'Tin tức')]'.</msg>
<arg>${NAGIVATION_NEWS}</arg>
<doc>Click the element identified by ``locator``.</doc>
<status status="PASS" start="2025-11-30T16:31:54.135298" elapsed="0.756796"/>
</kw>
<kw name="Sleep" owner="BuiltIn">
<msg time="2025-11-30T16:31:59.896097" level="INFO">Slept 5 seconds.</msg>
<arg>${DEFAULT_TIMEOUT}</arg>
<doc>Pauses the test executed for the given time.</doc>
<status status="PASS" start="2025-11-30T16:31:54.893562" elapsed="5.002818"/>
</kw>
<status status="PASS" start="2025-11-30T16:31:54.098946" elapsed="5.800091"/>
</kw>
<kw name="Check Submenu News Notifications" owner="menu_keywords">
<kw name="Wait Until Element Is Visible" owner="SeleniumLibrary">
<arg>${SUBMENU_NEWS_NOTIFICATIONS}</arg>
<arg>${DEFAULT_TIMEOUT}</arg>
<doc>Waits until the element ``locator`` is visible.</doc>
<status status="PASS" start="2025-11-30T16:31:59.902415" elapsed="0.057322"/>
</kw>
<kw name="Click Element" owner="SeleniumLibrary">
<msg time="2025-11-30T16:31:59.961372" level="INFO">Clicking element '//span[normalize-space()='Tin thông báo']'.</msg>
<arg>${SUBMENU_NEWS_NOTIFICATIONS}</arg>
<doc>Click the element identified by ``locator``.</doc>
<status status="PASS" start="2025-11-30T16:31:59.960663" elapsed="0.745842"/>
</kw>
<kw name="Sleep" owner="BuiltIn">
<msg time="2025-11-30T16:32:05.709252" level="INFO">Slept 5 seconds.</msg>
<arg>${DEFAULT_TIMEOUT}</arg>
<doc>Pauses the test executed for the given time.</doc>
<status status="PASS" start="2025-11-30T16:32:00.708393" elapsed="5.001109"/>
</kw>
<status status="PASS" start="2025-11-30T16:31:59.901157" elapsed="5.816586"/>
</kw>
<status status="PASS" start="2025-11-30T16:31:46.440516" elapsed="19.278349"/>
</test>
<test id="s1-s2-s2-t3" name="Check Submenu News Actitives In News Navigation" line="20">
<kw name="Open Basic Browser With Chrome" owner="browser_config" type="SETUP">
<kw name="Open Browser" owner="SeleniumLibrary">
<msg time="2025-11-30T16:32:05.744565" level="INFO">Opening browser 'chrome' to base url 'https://lib.qnu.edu.vn/'.</msg>
<arg>${BASE_URL}</arg>
<arg>${BROWSER_CHROME}</arg>
<doc>Opens a new browser instance to the optional ``url``.</doc>
<status status="PASS" start="2025-11-30T16:32:05.743744" elapsed="4.272770"/>
</kw>
<kw name="Maximize Browser Window" owner="SeleniumLibrary">
<doc>Maximizes current browser window.</doc>
<status status="PASS" start="2025-11-30T16:32:10.019362" elapsed="0.053842"/>
</kw>
<kw name="Wait Until Element Is Visible" owner="SeleniumLibrary">
<arg>${NAGIVATION_HOME}</arg>
<arg>${DEFAULT_TIMEOUT}</arg>
<doc>Waits until the element ``locator`` is visible.</doc>
<status status="PASS" start="2025-11-30T16:32:10.074109" elapsed="0.044374"/>
</kw>
<kw name="Click Element" owner="SeleniumLibrary">
<msg time="2025-11-30T16:32:10.120285" level="INFO">Clicking element '//ul[@id='navigation']//li//a[@href='Index.aspx']'.</msg>
<arg>${NAGIVATION_HOME}</arg>
<doc>Click the element identified by ``locator``.</doc>
<status status="PASS" start="2025-11-30T16:32:10.119540" elapsed="4.761216"/>
</kw>
<status status="PASS" start="2025-11-30T16:32:05.742828" elapsed="9.140416"/>
</kw>
<kw name="Check Nagivation News" owner="menu_keywords">
<kw name="Wait Until Element Is Visible" owner="SeleniumLibrary">
<arg>${NAGIVATION_NEWS}</arg>
<arg>${DEFAULT_TIMEOUT}</arg>
<doc>Waits until the element ``locator`` is visible.</doc>
<status status="PASS" start="2025-11-30T16:32:14.886907" elapsed="0.040838"/>
</kw>
<kw name="Click Element" owner="SeleniumLibrary">
<msg time="2025-11-30T16:32:14.929384" level="INFO">Clicking element '//ul[@id='navigation']//span[contains(text(),'Tin tức')]'.</msg>
<arg>${NAGIVATION_NEWS}</arg>
<doc>Click the element identified by ``locator``.</doc>
<status status="PASS" start="2025-11-30T16:32:14.928612" elapsed="0.852400"/>
</kw>
<kw name="Sleep" owner="BuiltIn">
<msg time="2025-11-30T16:32:20.785212" level="INFO">Slept 5 seconds.</msg>
<arg>${DEFAULT_TIMEOUT}</arg>
<doc>Pauses the test executed for the given time.</doc>
<status status="PASS" start="2025-11-30T16:32:15.783591" elapsed="5.001930"/>
</kw>
<status status="PASS" start="2025-11-30T16:32:14.885719" elapsed="5.901855"/>
</kw>
<kw name="Check Submenu News Videos" owner="menu_keywords">
<kw name="Wait Until Element Is Visible" owner="SeleniumLibrary">
<arg>${SUBMENU_NEWS_VIDEOS}</arg>
<arg>${DEFAULT_TIMEOUT}</arg>
<doc>Waits until the element ``locator`` is visible.</doc>
<status status="PASS" start="2025-11-30T16:32:20.789991" elapsed="0.028327"/>
</kw>
<kw name="Click Element" owner="SeleniumLibrary">
<msg time="2025-11-30T16:32:20.819706" level="INFO">Clicking element '//span[normalize-space()='Tin video']'.</msg>
<arg>${SUBMENU_NEWS_VIDEOS}</arg>
<doc>Click the element identified by ``locator``.</doc>
<status status="PASS" start="2025-11-30T16:32:20.818996" elapsed="0.626793"/>
</kw>
<kw name="Sleep" owner="BuiltIn">
<msg time="2025-11-30T16:32:26.449440" level="INFO">Slept 5 seconds.</msg>
<arg>${DEFAULT_TIMEOUT}</arg>
<doc>Pauses the test executed for the given time.</doc>
<status status="PASS" start="2025-11-30T16:32:21.447786" elapsed="5.001955"/>
</kw>
<status status="PASS" start="2025-11-30T16:32:20.789067" elapsed="5.662856"/>
</kw>
<status status="PASS" start="2025-11-30T16:32:05.739788" elapsed="20.714463"/>
</test>
<kw name="Close Browser Web" owner="browser_config" type="TEARDOWN">
<kw name="Close All Browsers" owner="SeleniumLibrary">
<doc>Closes all open browsers and resets the browser cache.</doc>
<status status="PASS" start="2025-11-30T16:32:26.491814" elapsed="7.197786"/>
</kw>
<status status="PASS" start="2025-11-30T16:32:26.490980" elapsed="7.199123"/>
</kw>
<status status="PASS" start="2025-11-30T16:31:30.126576" elapsed="63.563775"/>
</suite>
<suite id="s1-s2-s3" name="Menu Nagivation 3 Search" source="D:\Code\Testing\RobotFramework\LibQNU\tests\2_menu\menu_nagivation_3_search.robot">
<test id="s1-s2-s3-t1" name="Check Submenu Search Traditional In Search Navigation" line="12">
<kw name="Open Basic Browser With Chrome" owner="browser_config" type="SETUP">
<kw name="Open Browser" owner="SeleniumLibrary">
<msg time="2025-11-30T16:32:33.715576" level="INFO">Opening browser 'chrome' to base url 'https://lib.qnu.edu.vn/'.</msg>
<arg>${BASE_URL}</arg>
<arg>${BROWSER_CHROME}</arg>
<doc>Opens a new browser instance to the optional ``url``.</doc>
<status status="PASS" start="2025-11-30T16:32:33.715106" elapsed="3.192838"/>
</kw>
<kw name="Maximize Browser Window" owner="SeleniumLibrary">
<doc>Maximizes current browser window.</doc>
<status status="PASS" start="2025-11-30T16:32:36.908804" elapsed="0.056296"/>
</kw>
<kw name="Wait Until Element Is Visible" owner="SeleniumLibrary">
<arg>${NAGIVATION_HOME}</arg>
<arg>${DEFAULT_TIMEOUT}</arg>
<doc>Waits until the element ``locator`` is visible.</doc>
<status status="PASS" start="2025-11-30T16:32:36.966156" elapsed="0.055403"/>
</kw>
<kw name="Click Element" owner="SeleniumLibrary">
<msg time="2025-11-30T16:32:37.022571" level="INFO">Clicking element '//ul[@id='navigation']//li//a[@href='Index.aspx']'.</msg>
<arg>${NAGIVATION_HOME}</arg>
<doc>Click the element identified by ``locator``.</doc>
<status status="PASS" start="2025-11-30T16:32:37.022101" elapsed="1.679366"/>
</kw>
<status status="PASS" start="2025-11-30T16:32:33.714701" elapsed="4.988377"/>
</kw>
<kw name="Check Nagivation Search" owner="menu_keywords">
<kw name="Wait Until Element Is Visible" owner="SeleniumLibrary">
<arg>${NAGIVATION_DOC_SEARCH}</arg>
<arg>${DEFAULT_TIMEOUT}</arg>
<doc>Waits until the element ``locator`` is visible.</doc>
<status status="PASS" start="2025-11-30T16:32:38.705237" elapsed="0.031888"/>
</kw>
<kw name="Mouse Over" owner="SeleniumLibrary">
<msg time="2025-11-30T16:32:38.738770" level="INFO">Simulating Mouse Over on element '//ul[@id='navigation']//li//a[@href='Default.aspx']//span[contains(text(),'Tra cứu tài liệu')]'.</msg>
<arg>${NAGIVATION_DOC_SEARCH}</arg>
<doc>Simulates hovering the mouse over the element ``locator``.</doc>
<status status="PASS" start="2025-11-30T16:32:38.738024" elapsed="0.300099"/>
</kw>
<kw name="Sleep" owner="BuiltIn">
<msg time="2025-11-30T16:32:44.042073" level="INFO">Slept 5 seconds.</msg>
<arg>${DEFAULT_TIMEOUT}</arg>
<doc>Pauses the test executed for the given time.</doc>
<status status="PASS" start="2025-11-30T16:32:39.041172" elapsed="5.001231"/>
</kw>
<status status="PASS" start="2025-11-30T16:32:38.704314" elapsed="5.343818"/>
</kw>
<kw name="Check Submenu Search Traditional" owner="menu_keywords">
<kw name="Wait Until Element Is Visible" owner="SeleniumLibrary">
<arg>${SUBMENU_SEARCH_TRADITIONAL}</arg>
<arg>${DEFAULT_TIMEOUT}</arg>
<doc>Waits until the element ``locator`` is visible.</doc>
<status status="PASS" start="2025-11-30T16:32:44.053130" elapsed="0.047928"/>
</kw>
<kw name="Mouse Over" owner="SeleniumLibrary">
<msg time="2025-11-30T16:32:44.103476" level="INFO">Simulating Mouse Over on element '//ul[@class='sub-menu']//li//a[@href='Default.aspx'][contains(text(),'Tra cứu Thư viện Truyền Thống')]'.</msg>
<arg>${SUBMENU_SEARCH_TRADITIONAL}</arg>
<doc>Simulates hovering the mouse over the element ``locator``.</doc>
<status status="PASS" start="2025-11-30T16:32:44.102196" elapsed="0.299876"/>
</kw>
<kw name="Sleep" owner="BuiltIn">
<msg time="2025-11-30T16:32:49.405576" level="INFO">Slept 5 seconds.</msg>
<arg>${DEFAULT_TIMEOUT}</arg>
<doc>Pauses the test executed for the given time.</doc>
<status status="PASS" start="2025-11-30T16:32:44.404486" elapsed="5.001380"/>
</kw>
<status status="PASS" start="2025-11-30T16:32:44.052198" elapsed="5.356008"/>
</kw>
<status status="PASS" start="2025-11-30T16:32:33.713737" elapsed="15.695096"/>
</test>
<test id="s1-s2-s3-t2" name="Check Submenu Search Digital In Search Navigation" line="16">
<kw name="Open Basic Browser With Chrome" owner="browser_config" type="SETUP">
<kw name="Open Browser" owner="SeleniumLibrary">
<msg time="2025-11-30T16:32:49.429776" level="INFO">Opening browser 'chrome' to base url 'https://lib.qnu.edu.vn/'.</msg>
<arg>${BASE_URL}</arg>
<arg>${BROWSER_CHROME}</arg>
<doc>Opens a new browser instance to the optional ``url``.</doc>
<status status="PASS" start="2025-11-30T16:32:49.429065" elapsed="3.644908"/>
</kw>
<kw name="Maximize Browser Window" owner="SeleniumLibrary">
<doc>Maximizes current browser window.</doc>
<status status="PASS" start="2025-11-30T16:32:53.076949" elapsed="0.051858"/>
</kw>
<kw name="Wait Until Element Is Visible" owner="SeleniumLibrary">
<arg>${NAGIVATION_HOME}</arg>
<arg>${DEFAULT_TIMEOUT}</arg>
<doc>Waits until the element ``locator`` is visible.</doc>
<status status="PASS" start="2025-11-30T16:32:53.130978" elapsed="0.049812"/>
</kw>
<kw name="Click Element" owner="SeleniumLibrary">
<msg time="2025-11-30T16:32:53.182639" level="INFO">Clicking element '//ul[@id='navigation']//li//a[@href='Index.aspx']'.</msg>
<arg>${NAGIVATION_HOME}</arg>
<doc>Click the element identified by ``locator``.</doc>
<status status="PASS" start="2025-11-30T16:32:53.181814" elapsed="2.698842"/>
</kw>
<status status="PASS" start="2025-11-30T16:32:49.427881" elapsed="6.454920"/>
</kw>
<kw name="Check Nagivation Search" owner="menu_keywords">
<kw name="Wait Until Element Is Visible" owner="SeleniumLibrary">
<arg>${NAGIVATION_DOC_SEARCH}</arg>
<arg>${DEFAULT_TIMEOUT}</arg>
<doc>Waits until the element ``locator`` is visible.</doc>
<status status="PASS" start="2025-11-30T16:32:55.885179" elapsed="0.046817"/>
</kw>
<kw name="Mouse Over" owner="SeleniumLibrary">
<msg time="2025-11-30T16:32:55.933729" level="INFO">Simulating Mouse Over on element '//ul[@id='navigation']//li//a[@href='Default.aspx']//span[contains(text(),'Tra cứu tài liệu')]'.</msg>
<arg>${NAGIVATION_DOC_SEARCH}</arg>
<doc>Simulates hovering the mouse over the element ``locator``.</doc>
<status status="PASS" start="2025-11-30T16:32:55.932970" elapsed="0.317986"/>
</kw>
<kw name="Sleep" owner="BuiltIn">
<msg time="2025-11-30T16:33:01.255413" level="INFO">Slept 5 seconds.</msg>
<arg>${DEFAULT_TIMEOUT}</arg>
<doc>Pauses the test executed for the given time.</doc>
<status status="PASS" start="2025-11-30T16:32:56.253318" elapsed="5.002434"/>
</kw>
<status status="PASS" start="2025-11-30T16:32:55.884205" elapsed="5.373806"/>
</kw>
<kw name="Check Submenu Search Digital" owner="menu_keywords">
<kw name="Wait Until Element Is Visible" owner="SeleniumLibrary">
<arg>${SUBMENU_SEARCH_DIGITAL}</arg>
<arg>${DEFAULT_TIMEOUT}</arg>
<doc>Waits until the element ``locator`` is visible.</doc>
<status status="PASS" start="2025-11-30T16:33:01.261041" elapsed="0.055806"/>
</kw>
<kw name="Mouse Over" owner="SeleniumLibrary">
<msg time="2025-11-30T16:33:01.318620" level="INFO">Simulating Mouse Over on element '//ul[@class='sub-menu']//a[contains(text(),'Tra cứu Thư viện Số')]'.</msg>
<arg>${SUBMENU_SEARCH_DIGITAL}</arg>
<doc>Simulates hovering the mouse over the element ``locator``.</doc>
<status status="PASS" start="2025-11-30T16:33:01.317862" elapsed="0.314749"/>
</kw>
<kw name="Sleep" owner="BuiltIn">
<msg time="2025-11-30T16:33:06.637802" level="INFO">Slept 5 seconds.</msg>
<arg>${DEFAULT_TIMEOUT}</arg>
<doc>Pauses the test executed for the given time.</doc>
<status status="PASS" start="2025-11-30T16:33:01.636151" elapsed="5.001972"/>
</kw>
<status status="PASS" start="2025-11-30T16:33:01.259328" elapsed="5.380932"/>
</kw>
<status status="PASS" start="2025-11-30T16:32:49.426256" elapsed="17.216160"/>
</test>
<kw name="Close Browser Web" owner="browser_config" type="TEARDOWN">
<kw name="Close All Browsers" owner="SeleniumLibrary">
<doc>Closes all open browsers and resets the browser cache.</doc>
<status status="PASS" start="2025-11-30T16:33:06.664553" elapsed="4.693408"/>
</kw>
<status status="PASS" start="2025-11-30T16:33:06.662536" elapsed="4.695904"/>
</kw>
<status status="PASS" start="2025-11-30T16:32:33.701158" elapsed="37.657515"/>
</suite>
<suite id="s1-s2-s4" name="Menu Nagivation 4 Business" source="D:\Code\Testing\RobotFramework\LibQNU\tests\2_menu\menu_nagivation_4_business.robot">
<test id="s1-s2-s4-t1" name="Check Submenu Business Operations In Business Navigation" line="12">
<kw name="Open Basic Browser With Chrome" owner="browser_config" type="SETUP">
<kw name="Open Browser" owner="SeleniumLibrary">
<msg time="2025-11-30T16:33:11.378693" level="INFO">Opening browser 'chrome' to base url 'https://lib.qnu.edu.vn/'.</msg>
<arg>${BASE_URL}</arg>
<arg>${BROWSER_CHROME}</arg>
<doc>Opens a new browser instance to the optional ``url``.</doc>
<status status="PASS" start="2025-11-30T16:33:11.378451" elapsed="2.646188"/>
</kw>
<kw name="Maximize Browser Window" owner="SeleniumLibrary">
<doc>Maximizes current browser window.</doc>
<status status="PASS" start="2025-11-30T16:33:14.027647" elapsed="0.047158"/>
</kw>
<kw name="Wait Until Element Is Visible" owner="SeleniumLibrary">
<arg>${NAGIVATION_HOME}</arg>
<arg>${DEFAULT_TIMEOUT}</arg>
<doc>Waits until the element ``locator`` is visible.</doc>
<status status="PASS" start="2025-11-30T16:33:14.075637" elapsed="0.041195"/>
</kw>
<kw name="Click Element" owner="SeleniumLibrary">
<msg time="2025-11-30T16:33:14.118589" level="INFO">Clicking element '//ul[@id='navigation']//li//a[@href='Index.aspx']'.</msg>
<arg>${NAGIVATION_HOME}</arg>
<doc>Click the element identified by ``locator``.</doc>
<status status="PASS" start="2025-11-30T16:33:14.117892" elapsed="2.523085"/>
</kw>
<status status="PASS" start="2025-11-30T16:33:11.378141" elapsed="5.264858"/>
</kw>
<kw name="Check Nagivation Business" owner="menu_keywords">
<kw name="Wait Until Element Is Visible" owner="SeleniumLibrary">
<arg>${NAGIVATION_BUSINESS}</arg>
<arg>${DEFAULT_TIMEOUT}</arg>
<doc>Waits until the element ``locator`` is visible.</doc>
<status status="PASS" start="2025-11-30T16:33:16.645154" elapsed="0.046281"/>
</kw>
<kw name="Mouse Over" owner="SeleniumLibrary">
<msg time="2025-11-30T16:33:16.693141" level="INFO">Simulating Mouse Over on element '//ul[@id='navigation']//li//a[@href='#']//span[contains(text(),'Nghiệp vụ')]'.</msg>
<arg>${NAGIVATION_BUSINESS}</arg>
<doc>Simulates hovering the mouse over the element ``locator``.</doc>
<status status="PASS" start="2025-11-30T16:33:16.692375" elapsed="0.309083"/>
</kw>
<kw name="Sleep" owner="BuiltIn">
<msg time="2025-11-30T16:33:22.004508" level="INFO">Slept 5 seconds.</msg>
<arg>${DEFAULT_TIMEOUT}</arg>
<doc>Pauses the test executed for the given time.</doc>
<status status="PASS" start="2025-11-30T16:33:17.003159" elapsed="5.001729"/>
</kw>
<status status="PASS" start="2025-11-30T16:33:16.644238" elapsed="5.366052"/>
</kw>
<kw name="Check Submenu Business Operations" owner="menu_keywords">
<kw name="Wait Until Element Is Visible" owner="SeleniumLibrary">
<arg>${SUBMENU_BUSINESS_OPERATIONS}</arg>
<arg>${DEFAULT_TIMEOUT}</arg>
<doc>Waits until the element ``locator`` is visible.</doc>
<status status="PASS" start="2025-11-30T16:33:22.013366" elapsed="0.053311"/>
</kw>
<kw name="Mouse Over" owner="SeleniumLibrary">
<msg time="2025-11-30T16:33:22.068347" level="INFO">Simulating Mouse Over on element '//ul[@class='sub-menu']//li//a[@href='TrangTinNghiepVuThuVien.aspx'][contains(text(),'Nghiệp vụ thư viện')]'.</msg>
<arg>${SUBMENU_BUSINESS_OPERATIONS}</arg>
<doc>Simulates hovering the mouse over the element ``locator``.</doc>
<status status="PASS" start="2025-11-30T16:33:22.067644" elapsed="0.303870"/>
</kw>
<kw name="Sleep" owner="BuiltIn">
<msg time="2025-11-30T16:33:27.375534" level="INFO">Slept 5 seconds.</msg>
<arg>${DEFAULT_TIMEOUT}</arg>
<doc>Pauses the test executed for the given time.</doc>
<status status="PASS" start="2025-11-30T16:33:22.374087" elapsed="5.001760"/>
</kw>
<status status="PASS" start="2025-11-30T16:33:22.012339" elapsed="5.366482"/>
</kw>
<status status="PASS" start="2025-11-30T16:33:11.377393" elapsed="16.003129"/>
</test>
<test id="s1-s2-s4-t2" name="Check Submenu Business Legal In Business Navigation" line="16">
<kw name="Open Basic Browser With Chrome" owner="browser_config" type="SETUP">
<kw name="Open Browser" owner="SeleniumLibrary">
<msg time="2025-11-30T16:33:27.407005" level="INFO">Opening browser 'chrome' to base url 'https://lib.qnu.edu.vn/'.</msg>
<arg>${BASE_URL}</arg>
<arg>${BROWSER_CHROME}</arg>
<doc>Opens a new browser instance to the optional ``url``.</doc>
<status status="PASS" start="2025-11-30T16:33:27.406218" elapsed="3.594528"/>
</kw>
<kw name="Maximize Browser Window" owner="SeleniumLibrary">
<doc>Maximizes current browser window.</doc>
<status status="PASS" start="2025-11-30T16:33:31.003036" elapsed="0.055235"/>
</kw>
<kw name="Wait Until Element Is Visible" owner="SeleniumLibrary">
<arg>${NAGIVATION_HOME}</arg>
<arg>${DEFAULT_TIMEOUT}</arg>
<doc>Waits until the element ``locator`` is visible.</doc>
<status status="PASS" start="2025-11-30T16:33:31.059215" elapsed="0.045335"/>
</kw>
<kw name="Click Element" owner="SeleniumLibrary">
<msg time="2025-11-30T16:33:31.106473" level="INFO">Clicking element '//ul[@id='navigation']//li//a[@href='Index.aspx']'.</msg>
<arg>${NAGIVATION_HOME}</arg>
<doc>Click the element identified by ``locator``.</doc>
<status status="PASS" start="2025-11-30T16:33:31.105638" elapsed="1.628059"/>
</kw>
<status status="PASS" start="2025-11-30T16:33:27.404845" elapsed="5.331152"/>
</kw>
<kw name="Check Nagivation Business" owner="menu_keywords">
<kw name="Wait Until Element Is Visible" owner="SeleniumLibrary">
<arg>${NAGIVATION_BUSINESS}</arg>
<arg>${DEFAULT_TIMEOUT}</arg>
<doc>Waits until the element ``locator`` is visible.</doc>
<status status="PASS" start="2025-11-30T16:33:32.737732" elapsed="0.035283"/>
</kw>
<kw name="Mouse Over" owner="SeleniumLibrary">
<msg time="2025-11-30T16:33:32.774111" level="INFO">Simulating Mouse Over on element '//ul[@id='navigation']//li//a[@href='#']//span[contains(text(),'Nghiệp vụ')]'.</msg>
<arg>${NAGIVATION_BUSINESS}</arg>
<doc>Simulates hovering the mouse over the element ``locator``.</doc>
<status status="PASS" start="2025-11-30T16:33:32.773497" elapsed="0.291038"/>
</kw>
<kw name="Sleep" owner="BuiltIn">
<msg time="2025-11-30T16:33:38.070694" level="INFO">Slept 5 seconds.</msg>
<arg>${DEFAULT_TIMEOUT}</arg>
<doc>Pauses the test executed for the given time.</doc>
<status status="PASS" start="2025-11-30T16:33:33.066950" elapsed="5.004069"/>
</kw>
<status status="PASS" start="2025-11-30T16:33:32.736842" elapsed="5.338342"/>
</kw>
<kw name="Check Submenu Business Legal" owner="menu_keywords">
<kw name="Wait Until Element Is Visible" owner="SeleniumLibrary">
<arg>${SUBMENU_BUSINESS_LEGAL}</arg>
<arg>${DEFAULT_TIMEOUT}</arg>
<doc>Waits until the element ``locator`` is visible.</doc>
<status status="PASS" start="2025-11-30T16:33:38.077706" elapsed="0.043105"/>
</kw>
<kw name="Mouse Over" owner="SeleniumLibrary">
<msg time="2025-11-30T16:33:38.123504" level="INFO">Simulating Mouse Over on element '//ul[@class='sub-menu']//li//a[@href='TrangTinVanBanPhapLy.aspx'][contains(text(),'Văn bản quy phạm pháp luật')]'.</msg>
<arg>${SUBMENU_BUSINESS_LEGAL}</arg>
<doc>Simulates hovering the mouse over the element ``locator``.</doc>
<status status="PASS" start="2025-11-30T16:33:38.121832" elapsed="0.310958"/>
</kw>
<kw name="Sleep" owner="BuiltIn">
<msg time="2025-11-30T16:33:43.437366" level="INFO">Slept 5 seconds.</msg>
<arg>${DEFAULT_TIMEOUT}</arg>
<doc>Pauses the test executed for the given time.</doc>
<status status="PASS" start="2025-11-30T16:33:38.436105" elapsed="5.001603"/>
</kw>
<status status="PASS" start="2025-11-30T16:33:38.076749" elapsed="5.363062"/>
</kw>
<status status="PASS" start="2025-11-30T16:33:27.402787" elapsed="16.038188"/>
</test>
<kw name="Close Browser Web" owner="browser_config" type="TEARDOWN">
<kw name="Close All Browsers" owner="SeleniumLibrary">
<doc>Closes all open browsers and resets the browser cache.</doc>
<status status="PASS" start="2025-11-30T16:33:43.459927" elapsed="4.669964"/>
</kw>
<status status="PASS" start="2025-11-30T16:33:43.459133" elapsed="4.671164"/>
</kw>
<status status="PASS" start="2025-11-30T16:33:11.369463" elapsed="36.761012"/>
</suite>
<suite id="s1-s2-s5" name="Menu Nagivation 5 Pro Ser" source="D:\Code\Testing\RobotFramework\LibQNU\tests\2_menu\menu_nagivation_5_pro_ser.robot">
<test id="s1-s2-s5-t1" name="Check Submenu Product Service New Book In Product Services Navigation" line="12">
<kw name="Open Basic Browser With Chrome" owner="browser_config" type="SETUP">
<kw name="Open Browser" owner="SeleniumLibrary">
<msg time="2025-11-30T16:33:48.145068" level="INFO">Opening browser 'chrome' to base url 'https://lib.qnu.edu.vn/'.</msg>
<arg>${BASE_URL}</arg>
<arg>${BROWSER_CHROME}</arg>
<doc>Opens a new browser instance to the optional ``url``.</doc>
<status status="PASS" start="2025-11-30T16:33:48.144859" elapsed="3.108335"/>
</kw>
<kw name="Maximize Browser Window" owner="SeleniumLibrary">
<doc>Maximizes current browser window.</doc>
<status status="PASS" start="2025-11-30T16:33:51.255368" elapsed="0.040811"/>
</kw>
<kw name="Wait Until Element Is Visible" owner="SeleniumLibrary">
<arg>${NAGIVATION_HOME}</arg>
<arg>${DEFAULT_TIMEOUT}</arg>
<doc>Waits until the element ``locator`` is visible.</doc>
<status status="PASS" start="2025-11-30T16:33:51.297210" elapsed="0.039201"/>
</kw>
<kw name="Click Element" owner="SeleniumLibrary">
<msg time="2025-11-30T16:33:51.337705" level="INFO">Clicking element '//ul[@id='navigation']//li//a[@href='Index.aspx']'.</msg>
<arg>${NAGIVATION_HOME}</arg>
<doc>Click the element identified by ``locator``.</doc>
<status status="PASS" start="2025-11-30T16:33:51.337163" elapsed="1.617436"/>
</kw>
<status status="PASS" start="2025-11-30T16:33:48.144584" elapsed="4.812048"/>
</kw>
<kw name="Check Nagivation Product Service" owner="menu_keywords">
<kw name="Wait Until Element Is Visible" owner="SeleniumLibrary">
<arg>${NAGIVATION_PROD_SERV}</arg>
<arg>${DEFAULT_TIMEOUT}</arg>
<doc>Waits until the element ``locator`` is visible.</doc>
<status status="PASS" start="2025-11-30T16:33:52.959194" elapsed="0.039193"/>
</kw>
<kw name="Mouse Over" owner="SeleniumLibrary">
<msg time="2025-11-30T16:33:53.000035" level="INFO">Simulating Mouse Over on element '//ul[@id='navigation']//li//a[@href='#']//span[contains(text(),'Sản phẩm - Dịch vụ')]'.</msg>
<arg>${NAGIVATION_PROD_SERV}</arg>
<doc>Simulates hovering the mouse over the element ``locator``.</doc>
<status status="PASS" start="2025-11-30T16:33:52.999354" elapsed="0.288444"/>
</kw>
<kw name="Sleep" owner="BuiltIn">
<msg time="2025-11-30T16:33:58.291642" level="INFO">Slept 5 seconds.</msg>
<arg>${DEFAULT_TIMEOUT}</arg>
<doc>Pauses the test executed for the given time.</doc>
<status status="PASS" start="2025-11-30T16:33:53.290394" elapsed="5.001618"/>
</kw>
<status status="PASS" start="2025-11-30T16:33:52.958142" elapsed="5.337058"/>
</kw>
<kw name="Check Submenu Product Service New Book" owner="menu_keywords">
<kw name="Wait Until Element Is Visible" owner="SeleniumLibrary">
<arg>${SUBMENU_PRODUCTS_SERVICES_NEW_BOOK}</arg>
<arg>${DEFAULT_TIMEOUT}</arg>
<doc>Waits until the element ``locator`` is visible.</doc>
<status status="PASS" start="2025-11-30T16:33:58.298174" elapsed="0.061995"/>
</kw>
<kw name="Click Element" owner="SeleniumLibrary">
<msg time="2025-11-30T16:33:58.361945" level="INFO">Clicking element '//ul[@class='sub-menu']//a[contains(text(),'Thư mục sách mới')]'.</msg>
<arg>${SUBMENU_PRODUCTS_SERVICES_NEW_BOOK}</arg>
<doc>Click the element identified by ``locator``.</doc>
<status status="PASS" start="2025-11-30T16:33:58.361181" elapsed="1.550255"/>
</kw>
<kw name="Sleep" owner="BuiltIn">
<msg time="2025-11-30T16:34:04.915051" level="INFO">Slept 5 seconds.</msg>
<arg>${DEFAULT_TIMEOUT}</arg>
[...]
<status status="PASS" start="2025-11-30T16:47:36.762634" elapsed="2.248595"/>
</kw>
<status status="PASS" start="2025-11-30T16:47:36.761839" elapsed="2.249841"/>
</kw>
<status status="FAIL" start="2025-11-30T16:47:17.293754" elapsed="21.718166"/>
</suite>
<suite id="s1-s8-s3" name="Comment Send Cmt" source="D:\Code\Testing\RobotFramework\LibQNU\tests\7_comment\comment_send_cmt.robot">
<test id="s1-s8-s3-t1" name="Send Comment To Lib_QNU With Information" line="15">
<kw name="Go To Comment Web" owner="comment_keywords" type="SETUP">
<kw name="Open Basic Browser With Chrome" owner="browser_config">
<kw name="Open Browser" owner="SeleniumLibrary">
<msg time="2025-11-30T16:47:39.053832" level="INFO">Opening browser 'chrome' to base url 'https://lib.qnu.edu.vn/'.</msg>
<arg>${BASE_URL}</arg>
<arg>${BROWSER_CHROME}</arg>
<doc>Opens a new browser instance to the optional ``url``.</doc>
<status status="PASS" start="2025-11-30T16:47:39.053289" elapsed="2.536168"/>
</kw>
<kw name="Maximize Browser Window" owner="SeleniumLibrary">
<doc>Maximizes current browser window.</doc>
<status status="PASS" start="2025-11-30T16:47:41.590795" elapsed="0.028041"/>
</kw>
<kw name="Wait Until Element Is Visible" owner="SeleniumLibrary">
<arg>${NAGIVATION_HOME}</arg>
<arg>${DEFAULT_TIMEOUT}</arg>
<doc>Waits until the element ``locator`` is visible.</doc>
<status status="PASS" start="2025-11-30T16:47:41.619489" elapsed="0.056164"/>
</kw>
<kw name="Click Element" owner="SeleniumLibrary">
<msg time="2025-11-30T16:47:41.677293" level="INFO">Clicking element '//ul[@id='navigation']//li//a[@href='Index.aspx']'.</msg>
<arg>${NAGIVATION_HOME}</arg>
<doc>Click the element identified by ``locator``.</doc>
<status status="PASS" start="2025-11-30T16:47:41.676481" elapsed="2.333522"/>
</kw>
<status status="PASS" start="2025-11-30T16:47:39.053032" elapsed="4.959349"/>
</kw>
<kw name="Wait Until Element Is Visible" owner="SeleniumLibrary">
<arg>${BTN_WEB_LOGIN}</arg>
<arg>${DEFAULT_TIMEOUT}</arg>
<doc>Waits until the element ``locator`` is visible.</doc>
<status status="PASS" start="2025-11-30T16:47:44.013148" elapsed="0.045257"/>
</kw>
<kw name="Click Element" owner="SeleniumLibrary">
<msg time="2025-11-30T16:47:44.060064" level="INFO">Clicking element '//ul[@id='navigation']//li//a[@href='dangnhap.aspx']'.</msg>
<arg>${BTN_WEB_LOGIN}</arg>
<doc>Click the element identified by ``locator``.</doc>
<status status="PASS" start="2025-11-30T16:47:44.059309" elapsed="0.404022"/>
</kw>
<kw name="Wait Until Element Is Visible" owner="SeleniumLibrary">
<arg>${COMMENT_URL}</arg>
<arg>${DEFAULT_TIMEOUT}</arg>
<doc>Waits until the element ``locator`` is visible.</doc>
<status status="PASS" start="2025-11-30T16:47:44.465769" elapsed="0.035319"/>
</kw>
<kw name="Click Element" owner="SeleniumLibrary">
<msg time="2025-11-30T16:47:44.502769" level="INFO">Clicking element '//ul[@id='navigation']//li//a[@href='GopY.aspx']'.</msg>
<arg>${COMMENT_URL}</arg>
<doc>Click the element identified by ``locator``.</doc>
<status status="PASS" start="2025-11-30T16:47:44.502039" elapsed="0.443366"/>
</kw>
<status status="PASS" start="2025-11-30T16:47:39.052715" elapsed="5.894551"/>
</kw>
<kw name="Send Comment">
<kw name="Input Name" owner="comment_keywords">
<kw name="Wait Until Element Is Visible" owner="SeleniumLibrary">
<arg>${TXT_NAME}</arg>
<arg>${DEFAULT_TIMEOUT}</arg>
<doc>Waits until the element ``locator`` is visible.</doc>
<status status="PASS" start="2025-11-30T16:47:44.951453" elapsed="0.040071"/>
</kw>
<kw name="Input Text" owner="SeleniumLibrary">
<msg time="2025-11-30T16:47:44.993629" level="INFO">Typing text 'Cao Nguyễn Xuân Huy' into text field '//input[@id='ctl00_phContent_txtFullName']'.</msg>
<arg>${TXT_NAME}</arg>
<arg>${data_cmt_name}</arg>
<doc>Types the given ``text`` into the text field identified by ``locator``.</doc>
<status status="PASS" start="2025-11-30T16:47:44.992388" elapsed="0.245509"/>
</kw>
<arg>${data_cmt_name}</arg>
<status status="PASS" start="2025-11-30T16:47:44.950009" elapsed="0.289666"/>
</kw>
<kw name="Input CardNum" owner="comment_keywords">
<kw name="Wait Until Element Is Visible" owner="SeleniumLibrary">
<arg>${TXT_CARDNUM}</arg>
<arg>${DEFAULT_TIMEOUT}</arg>
<doc>Waits until the element ``locator`` is visible.</doc>
<status status="PASS" start="2025-11-30T16:47:45.241240" elapsed="0.029651"/>
</kw>
<kw name="Input Text" owner="SeleniumLibrary">
<msg time="2025-11-30T16:47:45.272440" level="INFO">Typing text '4451190019' into text field '//input[@id='ctl00_phContent_txtCardNumber']'.</msg>
<arg>${TXT_CARDNUM}</arg>
<arg>${data_cmt_cardNum}</arg>
<doc>Types the given ``text`` into the text field identified by ``locator``.</doc>
<status status="PASS" start="2025-11-30T16:47:45.271624" elapsed="0.216497"/>
</kw>
<arg>${data_cmt_cardNum}</arg>
<status status="PASS" start="2025-11-30T16:47:45.240458" elapsed="0.249172"/>
</kw>
<kw name="Input Email" owner="comment_keywords">
<kw name="Wait Until Element Is Visible" owner="SeleniumLibrary">
<arg>${TXT_EMAIL}</arg>
<arg>${DEFAULT_TIMEOUT}</arg>
<doc>Waits until the element ``locator`` is visible.</doc>
<status status="PASS" start="2025-11-30T16:47:45.491234" elapsed="0.033465"/>
</kw>
<kw name="Input Text" owner="SeleniumLibrary">
<msg time="2025-11-30T16:47:45.526455" level="INFO">Typing text 'huycao1506@gmail.com' into text field '//input[@id='ctl00_phContent_txtEmailAddress']'.</msg>
<arg>${TXT_EMAIL}</arg>
<arg>${data_cmt_email}</arg>
<doc>Types the given ``text`` into the text field identified by ``locator``.</doc>
<status status="PASS" start="2025-11-30T16:47:45.525640" elapsed="0.234376"/>
</kw>
<arg>${data_cmt_email}</arg>
<status status="PASS" start="2025-11-30T16:47:45.490402" elapsed="0.270806"/>
</kw>
<kw name="Input Title" owner="comment_keywords">
<kw name="Wait Until Element Is Visible" owner="SeleniumLibrary">
<arg>${TXT_TITLE}</arg>
<arg>${DEFAULT_TIMEOUT}</arg>
<doc>Waits until the element ``locator`` is visible.</doc>
<status status="PASS" start="2025-11-30T16:47:45.762604" elapsed="0.025809"/>
</kw>
<kw name="Input Text" owner="SeleniumLibrary">
<msg time="2025-11-30T16:47:45.789655" level="INFO">Typing text 'Tải tài liệu' into text field '//input[@id='ctl00_phContent_txtTitle']'.</msg>
<arg>${TXT_TITLE}</arg>
<arg>${data_cmt_title}</arg>
<doc>Types the given ``text`` into the text field identified by ``locator``.</doc>
<status status="PASS" start="2025-11-30T16:47:45.789006" elapsed="0.204530"/>
</kw>
<arg>${data_cmt_title}</arg>
<status status="PASS" start="2025-11-30T16:47:45.761756" elapsed="0.233606"/>
</kw>
<kw name="Input Content" owner="comment_keywords">
<kw name="Wait Until Element Is Visible" owner="SeleniumLibrary">
<arg>${TXT_CONTENT}</arg>
<arg>${DEFAULT_TIMEOUT}</arg>
<doc>Waits until the element ``locator`` is visible.</doc>
<status status="PASS" start="2025-11-30T16:47:45.997675" elapsed="0.033658"/>
</kw>
<kw name="Input Text" owner="SeleniumLibrary">
<msg time="2025-11-30T16:47:46.033196" level="INFO">Typing text 'Hiện tại tài liệu trong web thư viện không tải được, em mong bên thư viện sớm sửa lỗi này.' into text field '//textarea[@id='ctl00_phContent_txtContent']'.</msg>
<arg>${TXT_CONTENT}</arg>
<arg>${data_cmt_content}</arg>
<doc>Types the given ``text`` into the text field identified by ``locator``.</doc>
<status status="PASS" start="2025-11-30T16:47:46.032350" elapsed="0.296541"/>
</kw>
<arg>${data_cmt_content}</arg>
<status status="PASS" start="2025-11-30T16:47:45.996278" elapsed="0.334661"/>
</kw>
<kw name="Click Send Button" owner="comment_keywords">
<kw name="Wait Until Element Is Visible" owner="SeleniumLibrary">
<arg>${BTN_SEND}</arg>
<arg>${DEFAULT_TIMEOUT}</arg>
<doc>Waits until the element ``locator`` is visible.</doc>
<status status="PASS" start="2025-11-30T16:47:46.333036" elapsed="0.045582"/>
</kw>
<kw name="Click Button" owner="SeleniumLibrary">
<msg time="2025-11-30T16:47:46.380204" level="INFO">Clicking button '//input[@id='ctl00_phContent_btnSend']'.</msg>
<arg>${BTN_SEND}</arg>
<doc>Clicks the button identified by ``locator``.</doc>
<status status="PASS" start="2025-11-30T16:47:46.379529" elapsed="21.865286"/>
</kw>
<kw name="Sleep" owner="BuiltIn">
<msg time="2025-11-30T16:48:13.248436" level="INFO">Slept 5 seconds.</msg>
<arg>${DEFAULT_TIMEOUT}</arg>
<doc>Pauses the test executed for the given time.</doc>
<status status="PASS" start="2025-11-30T16:48:08.247233" elapsed="5.001417"/>
</kw>
<status status="PASS" start="2025-11-30T16:47:46.331777" elapsed="26.918429"/>
</kw>
<kw name="Get Alert Comment" owner="comment_keywords">
<kw name="Handle Alert" owner="SeleniumLibrary">
<msg time="2025-11-30T16:48:13.252916" level="INFO">HANDLE::&lt;class 'datetime.timedelta'&gt;::0:00:02</msg>
<msg time="2025-11-30T16:48:13.262874" level="INFO">${MSG_ALERT_COMMENT} = Không thực hiện được việc gửi thư  do lỗi:  </msg>
<var>${MSG_ALERT_COMMENT}</var>
<arg>action=ACCEPT</arg>
<arg>timeout=2s</arg>
<doc>Handles the current alert and returns its message.</doc>
<status status="PASS" start="2025-11-30T16:48:13.252186" elapsed="0.010867"/>
</kw>
<kw name="Should Be Equal" owner="BuiltIn">
<arg>${MSG_ALERT_COMMENT}</arg>
<arg>${msg_alert_cmt_conten}</arg>
<arg>collapse_spaces=True</arg>
<doc>Fails if the given objects are unequal.</doc>
<status status="PASS" start="2025-11-30T16:48:13.267379" elapsed="0.002674"/>
</kw>
<kw name="Sleep" owner="BuiltIn">
<msg time="2025-11-30T16:48:18.271889" level="INFO">Slept 5 seconds.</msg>
<arg>${DEFAULT_TIMEOUT}</arg>
<doc>Pauses the test executed for the given time.</doc>
<status status="PASS" start="2025-11-30T16:48:13.270675" elapsed="5.001444"/>
</kw>
<arg>${msg_alert_cmt_content}</arg>
<status status="PASS" start="2025-11-30T16:48:13.251449" elapsed="5.022885"/>
</kw>
<arg>data_cmt_name=Cao Nguyễn Xuân Huy</arg>
<arg>data_cmt_cardNum=4451190019</arg>
<arg>data_cmt_email=huycao1506@gmail.com</arg>
<arg>data_cmt_title=Tải tài liệu</arg>
<arg>data_cmt_content=Hiện tại tài liệu trong web thư viện không tải được, em mong bên thư viện sớm sửa lỗi này.</arg>
<arg>msg_alert_cmt_content=Không thực hiện được việc gửi thư  do lỗi: </arg>
<status status="PASS" start="2025-11-30T16:47:44.948527" elapsed="33.326468"/>
</kw>
<status status="PASS" start="2025-11-30T16:47:39.051260" elapsed="39.226977"/>
</test>
<kw name="Close Browser Web" owner="browser_config" type="TEARDOWN">
<kw name="Close All Browsers" owner="SeleniumLibrary">
<doc>Closes all open browsers and resets the browser cache.</doc>
<status status="PASS" start="2025-11-30T16:48:18.302458" elapsed="2.168460"/>
</kw>
<status status="PASS" start="2025-11-30T16:48:18.301652" elapsed="2.169681"/>
</kw>
<status status="PASS" start="2025-11-30T16:47:39.019954" elapsed="41.451609"/>
</suite>
<status status="FAIL" start="2025-11-30T16:47:02.988689" elapsed="77.488310"/>
</suite>
<status status="FAIL" start="2025-11-30T16:28:12.456004" elapsed="1208.023217"/>
</suite>
<statistics>
<total>
<stat pass="52" fail="5" skip="0">All Tests</stat>
</total>
<tag>
</tag>
<suite>
<stat name="Tests" id="s1" pass="52" fail="5" skip="0">Tests</stat>
<stat name="1 Interface" id="s1-s1" pass="1" fail="0" skip="0">Tests.1 Interface</stat>
<stat name="Interface Browser" id="s1-s1-s1" pass="1" fail="0" skip="0">Tests.1 Interface.Interface Browser</stat>
<stat name="2 Menu" id="s1-s2" pass="28" fail="0" skip="0">Tests.2 Menu</stat>
<stat name="Menu Nagivation 1 Introduce" id="s1-s2-s1" pass="9" fail="0" skip="0">Tests.2 Menu.Menu Nagivation 1 Introduce</stat>
<stat name="Menu Nagivation 2 News" id="s1-s2-s2" pass="3" fail="0" skip="0">Tests.2 Menu.Menu Nagivation 2 News</stat>
<stat name="Menu Nagivation 3 Search" id="s1-s2-s3" pass="2" fail="0" skip="0">Tests.2 Menu.Menu Nagivation 3 Search</stat>
<stat name="Menu Nagivation 4 Business" id="s1-s2-s4" pass="2" fail="0" skip="0">Tests.2 Menu.Menu Nagivation 4 Business</stat>
<stat name="Menu Nagivation 5 Pro Ser" id="s1-s2-s5" pass="7" fail="0" skip="0">Tests.2 Menu.Menu Nagivation 5 Pro Ser</stat>
<stat name="Menu Nagivation 6 Help" id="s1-s2-s6" pass="3" fail="0" skip="0">Tests.2 Menu.Menu Nagivation 6 Help</stat>
<stat name="Menu Nagivation 7 Contact" id="s1-s2-s7" pass="1" fail="0" skip="0">Tests.2 Menu.Menu Nagivation 7 Contact</stat>
<stat name="Menu Nagivation 8 Login" id="s1-s2-s8" pass="1" fail="0" skip="0">Tests.2 Menu.Menu Nagivation 8 Login</stat>
<stat name="3 Login Logout" id="s1-s3" pass="6" fail="1" skip="0">Tests.3 Login Logout</stat>
<stat name="Login Invalid" id="s1-s3-s1" pass="4" fail="1" skip="0">Tests.3 Login Logout.Login Invalid</stat>
<stat name="Login Valid" id="s1-s3-s2" pass="1" fail="0" skip="0">Tests.3 Login Logout.Login Valid</stat>
<stat name="Logout" id="s1-s3-s3" pass="1" fail="0" skip="0">Tests.3 Login Logout.Logout</stat>
<stat name="4 Person Info" id="s1-s4" pass="9" fail="2" skip="0">Tests.4 Person Info</stat>
<stat name="Person Info 1 Without Password" id="s1-s4-s1" pass="4" fail="0" skip="0">Tests.4 Person Info.Person Info 1 Without Password</stat>
<stat name="Person Info 2 With Password" id="s1-s4-s2" pass="1" fail="1" skip="0">Tests.4 Person Info.Person Info 2 With Password</stat>
<stat name="Person Info 3 Condition Email" id="s1-s4-s3" pass="2" fail="0" skip="0">Tests.4 Person Info.Person Info 3 Condition Email</stat>
<stat name="Person Info 4 Condition Password" id="s1-s4-s4" pass="1" fail="1" skip="0">Tests.4 Person Info.Person Info 4 Condition Password</stat>
<stat name="Person Info 5 Refresh" id="s1-s4-s5" pass="1" fail="0" skip="0">Tests.4 Person Info.Person Info 5 Refresh</stat>
<stat name="5 Search Document" id="s1-s5" pass="5" fail="0" skip="0">Tests.5 Search Document</stat>
<stat name="Search Document 1 Digital" id="s1-s5-s1" pass="1" fail="0" skip="0">Tests.5 Search Document.Search Document 1 Digital</stat>
<stat name="Search Document 2 Traditional" id="s1-s5-s2" pass="1" fail="0" skip="0">Tests.5 Search Document.Search Document 2 Traditional</stat>
<stat name="Search Document 3 With Invalid Data" id="s1-s5-s3" pass="1" fail="0" skip="0">Tests.5 Search Document.Search Document 3 With Invalid Data</stat>
<stat name="Search Document 4 Without Data" id="s1-s5-s4" pass="1" fail="0" skip="0">Tests.5 Search Document.Search Document 4 Without Data</stat>
<stat name="Search Document 5 Choose Radio" id="s1-s5-s5" pass="1" fail="0" skip="0">Tests.5 Search Document.Search Document 5 Choose Radio</stat>
<stat name="6 View Detail Document" id="s1-s6" pass="1" fail="0" skip="0">Tests.6 View Detail Document</stat>
<stat name="View Detail Document Digital" id="s1-s6-s1" pass="1" fail="0" skip="0">Tests.6 View Detail Document.View Detail Document Digital</stat>
<stat name="7 Borrow Request Book" id="s1-s7" pass="0" fail="1" skip="0">Tests.7 Borrow Request Book</stat>
<stat name="Borrow Request Document Traditional" id="s1-s7-s1" pass="0" fail="1" skip="0">Tests.7 Borrow Request Book.Borrow Request Document Traditional</stat>
<stat name="7 Comment" id="s1-s8" pass="2" fail="1" skip="0">Tests.7 Comment</stat>
<stat name="Comment Conditions" id="s1-s8-s1" pass="1" fail="0" skip="0">Tests.7 Comment.Comment Conditions</stat>
<stat name="Comment Reset" id="s1-s8-s2" pass="0" fail="1" skip="0">Tests.7 Comment.Comment Reset</stat>
<stat name="Comment Send Cmt" id="s1-s8-s3" pass="1" fail="0" skip="0">Tests.7 Comment.Comment Send Cmt</stat>
</suite>
</statistics>
<errors>
<msg time="2025-11-30T16:28:12.687154" level="WARN">Imported resource file 'D:\Code\Testing\RobotFramework\LibQNU\variables\interface_variables.robot' is empty.</msg>
<msg time="2025-11-30T16:28:36.501501" level="WARN">The msedgedriver version (141.0.3537.57) detected in PATH at D:\Code\env\ROBOT_FRAME\selenium\webdriver\msedgedriver.exe might not be compatible with the detected MicrosoftEdge version (142.0.3595.94); currently, msedgedriver 142.0.3595.94 is recommended for MicrosoftEdge 142.*, so it is advised to delete the driver in PATH and retry</msg>
<msg time="2025-11-30T16:31:46.440632" level="WARN">Multiple tests with name 'Check Submenu News Actitives In News Navigation' executed in suite 'Tests.2 Menu.Menu Nagivation 2 News'.</msg>
<msg time="2025-11-30T16:32:05.739936" level="WARN">Multiple tests with name 'Check Submenu News Actitives In News Navigation' executed in suite 'Tests.2 Menu.Menu Nagivation 2 News'.</msg>
<msg time="2025-11-30T16:37:54.927693" level="WARN">Multiple tests with name 'Verify Login Fail With Information' executed in suite 'Tests.3 Login Logout.Login Invalid'.</msg>
<msg time="2025-11-30T16:38:05.719711" level="WARN">Multiple tests with name 'Verify Login Fail With Information' executed in suite 'Tests.3 Login Logout.Login Invalid'.</msg>
<msg time="2025-11-30T16:38:16.571090" level="WARN">Multiple tests with name 'Verify Login Fail With Information' executed in suite 'Tests.3 Login Logout.Login Invalid'.</msg>
<msg time="2025-11-30T16:38:27.415793" level="WARN">Multiple tests with name 'Verify Login Fail With Information' executed in suite 'Tests.3 Login Logout.Login Invalid'.</msg>
<msg time="2025-11-30T16:39:37.392733" level="WARN">Multiple tests with name 'Verify Change Data Person Info Without Password' executed in suite 'Tests.4 Person Info.Person Info 1 Without Password'.</msg>
<msg time="2025-11-30T16:40:03.294651" level="WARN">Multiple tests with name 'Verify Change Data Person Info Without Password' executed in suite 'Tests.4 Person Info.Person Info 1 Without Password'.</msg>
<msg time="2025-11-30T16:40:32.078690" level="WARN">Multiple tests with name 'Verify Change Data Person Info Without Password' executed in suite 'Tests.4 Person Info.Person Info 1 Without Password'.</msg>
<msg time="2025-11-30T16:41:50.385234" level="WARN">Multiple tests with name 'Verify Change Data Person Info With Password' executed in suite 'Tests.4 Person Info.Person Info 2 With Password'.</msg>
<msg time="2025-11-30T16:43:05.523634" level="WARN">Multiple tests with name 'Verify Condition Password Info' executed in suite 'Tests.4 Person Info.Person Info 3 Condition Email'.</msg>
<msg time="2025-11-30T16:44:33.081178" level="WARN">Multiple tests with name 'Verify Condition Password Info' executed in suite 'Tests.4 Person Info.Person Info 4 Condition Password'.</msg>
<msg time="2025-11-30T16:45:02.877153" level="WARN">Keyword 'Capture Page Screenshot' could not be run on failure: Alert Text: Cập nhật thành công
Message: unexpected alert open: {Alert text : Cập nhật thành công}
  (Session info: chrome=142.0.7444.176)
Stacktrace:
Symbols not available. Dumping unresolved backtrace:
	0x7ff7d5d3a235
	0x7ff7d5a92630
	0x7ff7d58216dd
	0x7ff7d58cc518
	0x7ff7d586b0ed
	0x7ff7d586bf63
	0x7ff7d5d65d60
	0x7ff7d5d5fe8a
	0x7ff7d5d81005
	0x7ff7d5aad71e
	0x7ff7d5ab4e1f
	0x7ff7d5a9b7c4
	0x7ff7d5a9b97f
	0x7ff7d5a818e8
	0x7fff81a6e8d7
	0x7fff81f4c53c
</msg>
<msg time="2025-11-30T16:45:34.050376" level="WARN">Imported resource file 'D:\Code\Testing\RobotFramework\LibQNU\variables\search_document_variables.robot' is empty.</msg>
<msg time="2025-11-30T16:46:34.490166" level="WARN">Imported resource file 'D:\Code\Testing\RobotFramework\LibQNU\variables\view_detail_variables.robot' is empty.</msg>
<msg time="2025-11-30T16:47:02.947848" level="WARN">Imported resource file 'D:\Code\Testing\RobotFramework\LibQNU\variables\borrow_request_book_variables.robot' is empty.</msg>
<msg time="2025-11-30T16:47:02.974687" level="ERROR">[ DataDriver ] Error in robot file:
  File "D:\Code\Testing\RobotFramework\LibQNU\tests\7_borrow_request_book\borrow_request_document_traditional.robot", line 0</msg>
<msg time="2025-11-30T16:47:02.974960" level="ERROR">In source file:
  File "D:\Code\Testing\RobotFramework\LibQNU\tests\7_borrow_request_book\..\..\data\data_view_detail_document.xlsx", line 0</msg>
<msg time="2025-11-30T16:47:02.979830" level="ERROR">Calling method '_start_suite' of listener 'DataDriver' failed: ValueError: Unassigned requiered argument detected: ${data_login_cardnum}.</msg>
</errors>
</robot>
