<?xml version="1.0" encoding="UTF-8"?>
<robot generator="Robot 7.3.2 (Python 3.13.0 on win32)" generated="2025-12-09T14:39:25.221283" rpa="false" schemaversion="5">
<suite id="s1" name="Menu Nagivation 1 Introduce" source="D:\Code\Testing\RobotFramework\LibQNU\test_cases\2_menu\menu_nagivation_1_introduce.robot">
<test id="s1-t1" name="TC005 - Kiểm tra điều hướng sang &quot;Cán bộ, viên chức&quot;" line="28">
<kw name="Open Basic Browser With Chrome" owner="browser_config" type="SETUP">
<kw name="Open Browser" owner="SeleniumLibrary">
<msg time="2025-12-09T14:39:25.533680" level="INFO">Opening browser 'chrome' to base url 'https://lib.qnu.edu.vn/'.</msg>
<arg>${BASE_URL}</arg>
<arg>${BROWSER_CHROME}</arg>
<doc>Opens a new browser instance to the optional ``url``.</doc>
<status status="PASS" start="2025-12-09T14:39:25.533334" elapsed="27.790319"/>
</kw>
<kw name="Maximize Browser Window" owner="SeleniumLibrary">
<doc>Maximizes current browser window.</doc>
<status status="PASS" start="2025-12-09T14:39:53.324731" elapsed="0.067797"/>
</kw>
<kw name="Wait Until Element Is Visible" owner="SeleniumLibrary">
<arg>${NAGIVATION_HOME}</arg>
<arg>${DEFAULT_TIMEOUT}</arg>
<doc>Waits until the element ``locator`` is visible.</doc>
<status status="PASS" start="2025-12-09T14:39:53.393079" elapsed="0.083872"/>
</kw>
<kw name="Click Element" owner="SeleniumLibrary">
<msg time="2025-12-09T14:39:53.478170" level="INFO">Clicking element '//ul[@id='navigation']//li//a[@href='Index.aspx']'.</msg>
<arg>${NAGIVATION_HOME}</arg>
<doc>Click the element identified by ``locator``.</doc>
<status status="PASS" start="2025-12-09T14:39:53.477407" elapsed="2.202818"/>
</kw>
<status status="PASS" start="2025-12-09T14:39:25.532722" elapsed="30.147964"/>
</kw>
<kw name="Check Nagivation Introduce" owner="menu_keywords">
<kw name="Wait Until Element Is Visible" owner="SeleniumLibrary">
<arg>${NAGIVATION_INTRODUCE}</arg>
<arg>${DEFAULT_TIMEOUT}</arg>
<doc>Waits until the element ``locator`` is visible.</doc>
<status status="PASS" start="2025-12-09T14:39:55.682384" elapsed="0.037992"/>
</kw>
<kw name="Mouse Over" owner="SeleniumLibrary">
<msg time="2025-12-09T14:39:55.721463" level="INFO">Simulating Mouse Over on element '//ul[@id='navigation']//li//a[@href='#']//span[contains(text(),'Giới thiệu')]'.</msg>
<arg>${NAGIVATION_INTRODUCE}</arg>
<doc>Simulates hovering the mouse over the element ``locator``.</doc>
<status status="PASS" start="2025-12-09T14:39:55.720895" elapsed="0.295179"/>
</kw>
<kw name="Sleep" owner="BuiltIn">
<msg time="2025-12-09T14:40:01.018003" level="INFO">Slept 5 seconds.</msg>
<arg>${DEFAULT_TIMEOUT}</arg>
<doc>Pauses the test executed for the given time.</doc>
<status status="PASS" start="2025-12-09T14:39:56.016868" elapsed="5.001501"/>
</kw>
<status status="PASS" start="2025-12-09T14:39:55.681394" elapsed="5.337375"/>
</kw>
<kw name="Check Submenu Introduce Organizational Official" owner="menu_keywords">
<kw name="Wait Until Element Is Visible" owner="SeleniumLibrary">
<arg>${SUBMENU_INTRODUCE_ORGANIZATIONAL}</arg>
<arg>${DEFAULT_TIMEOUT}</arg>
<doc>Waits until the element ``locator`` is visible.</doc>
<status status="PASS" start="2025-12-09T14:40:01.020260" elapsed="0.032854"/>
</kw>
<kw name="Mouse Over" owner="SeleniumLibrary">
<msg time="2025-12-09T14:40:01.053943" level="INFO">Simulating Mouse Over on element '//ul[@class='sub-menu']//li//a[@href='#'][contains(text(),'Bộ máy tổ chức')]'.</msg>
<arg>${SUBMENU_INTRODUCE_ORGANIZATIONAL}</arg>
<doc>Simulates hovering the mouse over the element ``locator``.</doc>
<status status="PASS" start="2025-12-09T14:40:01.053508" elapsed="0.308320"/>
</kw>
<kw name="Wait Until Element Is Visible" owner="SeleniumLibrary">
<arg>${SUBMENU_INTRODUCE_ORGANIZATIONAL_OFFICIALS}</arg>
<arg>${DEFAULT_TIMEOUT}</arg>
<doc>Waits until the element ``locator`` is visible.</doc>
<status status="PASS" start="2025-12-09T14:40:01.362491" elapsed="0.051135"/>
</kw>
<kw name="Click Element" owner="SeleniumLibrary">
<msg time="2025-12-09T14:40:01.414942" level="INFO">Clicking element '//ul[@class='sub-menu']//a[contains(text(),'Cán bộ, viên chức')]'.</msg>
<arg>${SUBMENU_INTRODUCE_ORGANIZATIONAL_OFFICIALS}</arg>
<doc>Click the element identified by ``locator``.</doc>
<status status="PASS" start="2025-12-09T14:40:01.414124" elapsed="0.334248"/>
</kw>
<kw name="Wait Until Location Contains" owner="SeleniumLibrary">
<arg>/TrangTinGioiThieuChiTiet.aspx?id=3</arg>
<arg>${DEFAULT_TIMEOUT}</arg>
<doc>Waits until the current URL contains ``expected``.</doc>
<status status="PASS" start="2025-12-09T14:40:01.748815" elapsed="0.783278"/>
</kw>
<kw name="Get Location" owner="SeleniumLibrary">
<msg time="2025-12-09T14:40:02.542266" level="INFO">${current_url} = https://lib.qnu.edu.vn/TrangTinGioiThieuChiTiet.aspx?id=3</msg>
<var>${current_url}</var>
<doc>Returns the current browser window URL.</doc>
<status status="PASS" start="2025-12-09T14:40:02.532593" elapsed="0.009923"/>
</kw>
<kw name="Should Be Equal As Strings" owner="BuiltIn">
<arg>${current_url}</arg>
<arg>${URL_INTRODUCE_ORGANIZATIONAL_OFFICIALS}</arg>
<doc>Fails if objects are unequal after converting them to strings.</doc>
<status status="PASS" start="2025-12-09T14:40:02.542858" elapsed="0.000654"/>
</kw>
<status status="PASS" start="2025-12-09T14:40:01.019571" elapsed="1.524276"/>
</kw>
<status status="PASS" start="2025-12-09T14:39:25.531559" elapsed="37.012744"/>
</test>
<kw name="Close Browser Web" owner="browser_config" type="TEARDOWN">
<kw name="Close All Browsers" owner="SeleniumLibrary">
<doc>Closes all open browsers and resets the browser cache.</doc>
<status status="PASS" start="2025-12-09T14:40:02.547468" elapsed="2.226012"/>
</kw>
<status status="PASS" start="2025-12-09T14:40:02.546873" elapsed="2.226812"/>
</kw>
<status status="PASS" start="2025-12-09T14:39:25.236114" elapsed="39.537641"/>
</suite>
<statistics>
<total>
<stat pass="1" fail="0" skip="0">All Tests</stat>
</total>
<tag>
</tag>
<suite>
<stat name="Menu Nagivation 1 Introduce" id="s1" pass="1" fail="0" skip="0">Menu Nagivation 1 Introduce</stat>
</suite>
</statistics>
<errors>
</errors>
</robot>
