<?xml version="1.0" encoding="UTF-8"?>
<robot generator="Robot 7.3.2 (Python 3.13.0 on win32)" generated="2025-11-01T23:16:24.096723" rpa="false" schemaversion="5">
<suite id="s1" name="Comment Send Cmt" source="D:\Code\Testing\RobotFramework\LibQNU\tests\comment\comment_send_cmt.robot">
<test id="s1-t1" name="Send Comment To Lib_QNU With Information" line="15">
<kw name="Go To Comment Web" owner="comment_keywords" type="SETUP">
<kw name="Open Basic Browser" owner="browser_config">
<kw name="Open Browser" owner="SeleniumLibrary">
<msg time="2025-11-01T23:16:25.007551" level="INFO">Opening browser 'chrome' to base url 'https://lib.qnu.edu.vn/'.</msg>
<arg>${BASE_URL}</arg>
<arg>${BROWSER}</arg>
<doc>Opens a new browser instance to the optional ``url``.</doc>
<status status="PASS" start="2025-11-01T23:16:25.007207" elapsed="5.236365"/>
</kw>
<kw name="Maximize Browser Window" owner="SeleniumLibrary">
<doc>Maximizes current browser window.</doc>
<status status="PASS" start="2025-11-01T23:16:30.244043" elapsed="0.045298"/>
</kw>
<status status="PASS" start="2025-11-01T23:16:25.006655" elapsed="5.283167"/>
</kw>
<kw name="Wait Until Element Is Visible" owner="SeleniumLibrary">
<arg>${BTN_WEB_LOGIN}</arg>
<arg>${DEFAULT_TIMEOUT}</arg>
<doc>Waits until the element ``locator`` is visible.</doc>
<status status="PASS" start="2025-11-01T23:16:30.290223" elapsed="0.071627"/>
</kw>
<kw name="Click Element" owner="SeleniumLibrary">
<msg time="2025-11-01T23:16:30.363665" level="INFO">Clicking element '//ul[@id='navigation']//li//a[@href='dangnhap.aspx']'.</msg>
<arg>${BTN_WEB_LOGIN}</arg>
<doc>Click the element identified by ``locator``.</doc>
<status status="PASS" start="2025-11-01T23:16:30.362647" elapsed="0.450293"/>
</kw>
<kw name="Wait Until Element Is Visible" owner="SeleniumLibrary">
<arg>${COMMENT_URL}</arg>
<arg>${DEFAULT_TIMEOUT}</arg>
<doc>Waits until the element ``locator`` is visible.</doc>
<status status="PASS" start="2025-11-01T23:16:30.814548" elapsed="0.747670"/>
</kw>
<kw name="Click Element" owner="SeleniumLibrary">
<msg time="2025-11-01T23:16:31.564769" level="INFO">Clicking element '//ul[@id='navigation']//li//a[@href='GopY.aspx']'.</msg>
<arg>${COMMENT_URL}</arg>
<doc>Click the element identified by ``locator``.</doc>
<status status="PASS" start="2025-11-01T23:16:31.563131" elapsed="0.569293"/>
</kw>
<status status="PASS" start="2025-11-01T23:16:25.006164" elapsed="7.126843"/>
</kw>
<kw name="Send Comment">
<kw name="Input Name" owner="comment_keywords">
<kw name="Wait Until Element Is Visible" owner="SeleniumLibrary">
<arg>${TXT_NAME}</arg>
<arg>${DEFAULT_TIMEOUT}</arg>
<doc>Waits until the element ``locator`` is visible.</doc>
<status status="PASS" start="2025-11-01T23:16:32.137052" elapsed="0.037404"/>
</kw>
<kw name="Input Text" owner="SeleniumLibrary">
<msg time="2025-11-01T23:16:32.176301" level="INFO">Typing text 'Cao Nguyễn Xuân Huy' into text field '//input[@id='ctl00_phContent_txtFullName']'.</msg>
<arg>${TXT_NAME}</arg>
<arg>${data_cmt_name}</arg>
<doc>Types the given ``text`` into the text field identified by ``locator``.</doc>
<status status="PASS" start="2025-11-01T23:16:32.175306" elapsed="0.292103"/>
</kw>
<arg>${data_cmt_name}</arg>
<status status="PASS" start="2025-11-01T23:16:32.135901" elapsed="0.332123"/>
</kw>
<kw name="Input CardNum" owner="comment_keywords">
<kw name="Wait Until Element Is Visible" owner="SeleniumLibrary">
<arg>${TXT_CARDNUM}</arg>
<arg>${DEFAULT_TIMEOUT}</arg>
<doc>Waits until the element ``locator`` is visible.</doc>
<status status="PASS" start="2025-11-01T23:16:32.470389" elapsed="0.078889"/>
</kw>
<kw name="Input Text" owner="SeleniumLibrary">
<msg time="2025-11-01T23:16:32.551269" level="INFO">Typing text '4451190019' into text field '//input[@id='ctl00_phContent_txtCardNumber']'.</msg>
<arg>${TXT_CARDNUM}</arg>
<arg>${data_cmt_cardNum}</arg>
<doc>Types the given ``text`` into the text field identified by ``locator``.</doc>
<status status="PASS" start="2025-11-01T23:16:32.550144" elapsed="0.243516"/>
</kw>
<arg>${data_cmt_cardNum}</arg>
<status status="PASS" start="2025-11-01T23:16:32.468765" elapsed="0.325232"/>
</kw>
<kw name="Input Email" owner="comment_keywords">
<kw name="Wait Until Element Is Visible" owner="SeleniumLibrary">
<arg>${TXT_EMAIL}</arg>
<arg>${DEFAULT_TIMEOUT}</arg>
<doc>Waits until the element ``locator`` is visible.</doc>
<status status="PASS" start="2025-11-01T23:16:32.795565" elapsed="0.043817"/>
</kw>
<kw name="Input Text" owner="SeleniumLibrary">
<msg time="2025-11-01T23:16:32.841529" level="INFO">Typing text 'huycao1506@gmail.com' into text field '//input[@id='ctl00_phContent_txtEmailAddress']'.</msg>
<arg>${TXT_EMAIL}</arg>
<arg>${data_cmt_email}</arg>
<doc>Types the given ``text`` into the text field identified by ``locator``.</doc>
<status status="PASS" start="2025-11-01T23:16:32.840342" elapsed="0.339748"/>
</kw>
<arg>${data_cmt_email}</arg>
<status status="PASS" start="2025-11-01T23:16:32.794428" elapsed="0.386201"/>
</kw>
<kw name="Input Title" owner="comment_keywords">
<kw name="Wait Until Element Is Visible" owner="SeleniumLibrary">
<arg>${TXT_TITLE}</arg>
<arg>${DEFAULT_TIMEOUT}</arg>
<doc>Waits until the element ``locator`` is visible.</doc>
<status status="PASS" start="2025-11-01T23:16:33.184236" elapsed="0.044744"/>
</kw>
<kw name="Input Text" owner="SeleniumLibrary">
<msg time="2025-11-01T23:16:33.231310" level="INFO">Typing text 'Tải tài liệu' into text field '//input[@id='ctl00_phContent_txtTitle']'.</msg>
<arg>${TXT_TITLE}</arg>
<arg>${data_cmt_title}</arg>
<doc>Types the given ``text`` into the text field identified by ``locator``.</doc>
<status status="PASS" start="2025-11-01T23:16:33.230113" elapsed="0.298196"/>
</kw>
<arg>${data_cmt_title}</arg>
<status status="PASS" start="2025-11-01T23:16:33.182304" elapsed="0.346481"/>
</kw>
<kw name="Input Content" owner="comment_keywords">
<kw name="Wait Until Element Is Visible" owner="SeleniumLibrary">
<arg>${TXT_CONTENT}</arg>
<arg>${DEFAULT_TIMEOUT}</arg>
<doc>Waits until the element ``locator`` is visible.</doc>
<status status="PASS" start="2025-11-01T23:16:33.531210" elapsed="0.044965"/>
</kw>
<kw name="Input Text" owner="SeleniumLibrary">
<msg time="2025-11-01T23:16:33.578124" level="INFO">Typing text 'Hiện tại tài liệu trong web thư viện không tải được, em mong bên thư viện sớm sửa lỗi này.' into text field '//textarea[@id='ctl00_phContent_txtContent']'.</msg>
<arg>${TXT_CONTENT}</arg>
<arg>${data_cmt_content}</arg>
<doc>Types the given ``text`` into the text field identified by ``locator``.</doc>
<status status="PASS" start="2025-11-01T23:16:33.577043" elapsed="0.466084"/>
</kw>
<arg>${data_cmt_content}</arg>
<status status="PASS" start="2025-11-01T23:16:33.529481" elapsed="0.514029"/>
</kw>
<kw name="Click Send Button" owner="comment_keywords">
<kw name="Wait Until Element Is Visible" owner="SeleniumLibrary">
<arg>${BTN_SEND}</arg>
<arg>${DEFAULT_TIMEOUT}</arg>
<doc>Waits until the element ``locator`` is visible.</doc>
<status status="PASS" start="2025-11-01T23:16:34.045240" elapsed="0.035699"/>
</kw>
<kw name="Click Button" owner="SeleniumLibrary">
<msg time="2025-11-01T23:16:34.082904" level="INFO">Clicking button '//input[@id='ctl00_phContent_btnSend']'.</msg>
<arg>${BTN_SEND}</arg>
<doc>Clicks the button identified by ``locator``.</doc>
<status status="PASS" start="2025-11-01T23:16:34.081622" elapsed="22.261209"/>
</kw>
<kw name="Sleep" owner="BuiltIn">
<msg time="2025-11-01T23:17:01.344981" level="INFO">Slept 5 seconds.</msg>
<arg>${DEFAULT_TIMEOUT}</arg>
<doc>Pauses the test executed for the given time.</doc>
<status status="PASS" start="2025-11-01T23:16:56.343248" elapsed="5.002348"/>
</kw>
<status status="PASS" start="2025-11-01T23:16:34.044181" elapsed="27.301857"/>
</kw>
<kw name="Get Alert Comment" owner="comment_keywords">
<kw name="Handle Alert" owner="SeleniumLibrary">
<msg time="2025-11-01T23:17:01.350602" level="INFO">HANDLE::&lt;class 'datetime.timedelta'&gt;::0:00:02</msg>
<msg time="2025-11-01T23:17:01.369955" level="INFO">${MSG_ALERT_COMMENT} = Không thực hiện được việc gửi thư  do lỗi:  </msg>
<var>${MSG_ALERT_COMMENT}</var>
<arg>action=ACCEPT</arg>
<arg>timeout=2s</arg>
<doc>Handles the current alert and returns its message.</doc>
<status status="PASS" start="2025-11-01T23:17:01.349525" elapsed="0.021437"/>
</kw>
<kw name="Should Be Equal" owner="BuiltIn">
<arg>${MSG_ALERT_COMMENT}</arg>
<arg>${msg_alert_cmt_conten}</arg>
<arg>collapse_spaces=True</arg>
<doc>Fails if the given objects are unequal.</doc>
<status status="PASS" start="2025-11-01T23:17:01.372240" elapsed="0.001859"/>
</kw>
<kw name="Sleep" owner="BuiltIn">
<msg time="2025-11-01T23:17:06.376030" level="INFO">Slept 5 seconds.</msg>
<arg>${DEFAULT_TIMEOUT}</arg>
<doc>Pauses the test executed for the given time.</doc>
<status status="PASS" start="2025-11-01T23:17:01.374656" elapsed="5.001728"/>
</kw>
<arg>${msg_alert_cmt_content}</arg>
<status status="PASS" start="2025-11-01T23:17:01.346995" elapsed="5.029599"/>
</kw>
<arg>data_cmt_name=Cao Nguyễn Xuân Huy</arg>
<arg>data_cmt_cardNum=4451190019</arg>
<arg>data_cmt_email=huycao1506@gmail.com</arg>
<arg>data_cmt_title=Tải tài liệu</arg>
<arg>data_cmt_content=Hiện tại tài liệu trong web thư viện không tải được, em mong bên thư viện sớm sửa lỗi này.</arg>
<arg>msg_alert_cmt_content=Không thực hiện được việc gửi thư  do lỗi: </arg>
<status status="PASS" start="2025-11-01T23:16:32.133986" elapsed="34.242783"/>
</kw>
<status status="PASS" start="2025-11-01T23:16:25.004518" elapsed="41.372570"/>
</test>
<kw name="Close Browser Web" owner="browser_config" type="TEARDOWN">
<kw name="Close All Browsers" owner="SeleniumLibrary">
<doc>Closes all open browsers and resets the browser cache.</doc>
<status status="PASS" start="2025-11-01T23:17:06.379307" elapsed="2.235432"/>
</kw>
<status status="PASS" start="2025-11-01T23:17:06.378768" elapsed="2.236172"/>
</kw>
<status status="PASS" start="2025-11-01T23:16:24.111272" elapsed="44.503736"/>
</suite>
<statistics>
<total>
<stat pass="1" fail="0" skip="0">All Tests</stat>
</total>
<tag>
</tag>
<suite>
<stat name="Comment Send Cmt" id="s1" pass="1" fail="0" skip="0">Comment Send Cmt</stat>
</suite>
</statistics>
<errors>
</errors>
</robot>
